<?xml version="1.0" encoding="utf-8"?>
<TestRun id="73fcd236-41e0-4783-87ca-f441adb96524" name="brunocapuano@CPC-bruno-U7R9O 2026-04-26 11:09:45" runUser="NORTHAMERICA\brunocapuano" xmlns="http://microsoft.com/schemas/VisualStudio/TeamTest/2010">
  <Times creation="2026-04-26T11:09:45.1162882-04:00" queuing="2026-04-26T11:09:45.1162885-04:00" start="2026-04-26T11:09:44.3071858-04:00" finish="2026-04-26T11:09:48.2605979-04:00" />
  <TestSettings name="default" id="e9e8d598-9ae5-492d-ad99-d67c24f9f420">
    <Deployment runDeploymentRoot="brunocapuano_CPC-bruno-U7R9O_2026-04-26_11_09_45" />
  </TestSettings>
  <Results>
    <UnitTestResult executionId="f010ac73-1e20-4c42-9485-d5c8c41baaf8" testId="a96a680a-12eb-7cb8-84f4-46fefc5834cf" testName="ElBruno.AspireMonitor.Tests.Configuration.ProjectFolderValidationTests.ProjectFolder_WithUNCPath_ShouldBeValid" computerName="CPC-bruno-U7R9O" duration="00:00:00.0053739" startTime="2026-04-26T11:09:45.1151847-04:00" endTime="2026-04-26T11:09:45.1151847-04:00" testType="13cdc9d9-ddb5-4fa4-a97d-d965ccfc6d4b" outcome="Passed" testListId="8c84fa94-04c1-424b-9868-57a2d4851a1d" relativeResultsDirectory="f010ac73-1e20-4c42-9485-d5c8c41baaf8" />
    <UnitTestResult executionId="1663a9ce-5ef2-4a55-86b5-11e1cdfd2443" testId="01c33893-f5aa-fdff-078e-0d00c8baeaf5" testName="ElBruno.AspireMonitor.Tests.Views.SystemTrayContextMenuTests.ContextMenu_MiniMonitorOption_AlwaysEnabled" computerName="CPC-bruno-U7R9O" duration="00:00:00.0227298" startTime="2026-04-26T11:09:45.0543886-04:00" endTime="2026-04-26T11:09:45.0544745-04:00" testType="13cdc9d9-ddb5-4fa4-a97d-d965ccfc6d4b" outcome="Passed" testListId="8c84fa94-04c1-424b-9868-57a2d4851a1d" relativeResultsDirectory="1663a9ce-5ef2-4a55-86b5-11e1cdfd2443" />
    <UnitTestResult executionId="0549f1a6-d2bf-400c-868e-b33b22ea2867" testId="2eef462a-59e4-4d2f-68d7-a5ef9ff302a9" testName="ElBruno.AspireMonitor.Tests.Services.ConfigurationServiceTests.ValidateEndpoint_VariousFormats_ValidatesCorrectly(endpoint: &quot;not-a-url&quot;, shouldBeValid: False)" computerName="CPC-bruno-U7R9O" duration="00:00:00.0020477" startTime="2026-04-26T11:09:45.1440974-04:00" endTime="2026-04-26T11:09:45.1440976-04:00" testType="13cdc9d9-ddb5-4fa4-a97d-d965ccfc6d4b" outcome="Passed" testListId="8c84fa94-04c1-424b-9868-57a2d4851a1d" relativeResultsDirectory="0549f1a6-d2bf-400c-868e-b33b22ea2867" />
    <UnitTestResult executionId="bcbc6bee-0361-449a-8a7e-6a0f740bd9d6" testId="5c51ff2d-6f08-ac8b-fd90-1f5b0b479c2f" testName="ElBruno.AspireMonitor.Tests.Configuration.ProjectFolderValidationTests.ProjectFolder_WithValidPathAndAppHostCs_ShouldBeValid" computerName="CPC-bruno-U7R9O" duration="00:00:00.0074948" startTime="2026-04-26T11:09:45.2006125-04:00" endTime="2026-04-26T11:09:45.2006127-04:00" testType="13cdc9d9-ddb5-4fa4-a97d-d965ccfc6d4b" outcome="Passed" testListId="8c84fa94-04c1-424b-9868-57a2d4851a1d" relativeResultsDirectory="bcbc6bee-0361-449a-8a7e-6a0f740bd9d6" />
    <UnitTestResult executionId="77024d22-b557-4f4d-874e-3f0f0c77169d" testId="1a4cd88f-c7be-999a-afcd-f5063e79ae7f" testName="ElBruno.AspireMonitor.Tests.Services.StatusCalculatorTests.CalculateStatus_ExceedsCritical_ReturnsRed(cpu: 50, memory: 90, expected: &quot;Red&quot;)" computerName="CPC-bruno-U7R9O" duration="00:00:00.0000121" startTime="2026-04-26T11:09:45.1012441-04:00" endTime="2026-04-26T11:09:45.1012442-04:00" testType="13cdc9d9-ddb5-4fa4-a97d-d965ccfc6d4b" outcome="Passed" testListId="8c84fa94-04c1-424b-9868-57a2d4851a1d" relativeResultsDirectory="77024d22-b557-4f4d-874e-3f0f0c77169d" />
    <UnitTestResult executionId="9fc7d60c-dbd5-4619-a150-d297136a827b" testId="43584802-44eb-28ff-3ded-307ca1e5c0f1" testName="ElBruno.AspireMonitor.Tests.Views.MainWindowUITests.MainWindow_VersionDisplay_MatchesAssemblyVersion" computerName="CPC-bruno-U7R9O" duration="00:00:00.0236492" startTime="2026-04-26T11:09:45.0731941-04:00" endTime="2026-04-26T11:09:45.0731942-04:00" testType="13cdc9d9-ddb5-4fa4-a97d-d965ccfc6d4b" outcome="Passed" testListId="8c84fa94-04c1-424b-9868-57a2d4851a1d" relativeResultsDirectory="9fc7d60c-dbd5-4619-a150-d297136a827b" />
    <UnitTestResult executionId="2bb9956f-cc8f-4126-a6d2-14ba7b26084c" testId="f3b27f2b-3080-f4e6-8c50-f8c54355c8c8" testName="ElBruno.AspireMonitor.Tests.Configuration.ProjectFolderRepositoryUrlIntegrationTests.SettingsViewModel_LoadsProjectFolder_FromConfigService" computerName="CPC-bruno-U7R9O" duration="00:00:00.0182973" startTime="2026-04-26T11:09:45.1649783-04:00" endTime="2026-04-26T11:09:45.1649788-04:00" testType="13cdc9d9-ddb5-4fa4-a97d-d965ccfc6d4b" outcome="Passed" testListId="8c84fa94-04c1-424b-9868-57a2d4851a1d" relativeResultsDirectory="2bb9956f-cc8f-4126-a6d2-14ba7b26084c" />
    <UnitTestResult executionId="21a90a66-8331-477c-91de-30f86d7b68b1" testId="f18b2395-4141-4aec-4c0b-b4f1ec7165cf" testName="ElBruno.AspireMonitor.Tests.Views.AppStartupTests.Tray_Menu_Contains_Mini_Monitor_Option" computerName="CPC-bruno-U7R9O" duration="00:00:00.0003175" startTime="2026-04-26T11:09:45.1981233-04:00" endTime="2026-04-26T11:09:45.1981234-04:00" testType="13cdc9d9-ddb5-4fa4-a97d-d965ccfc6d4b" outcome="Passed" testListId="8c84fa94-04c1-424b-9868-57a2d4851a1d" relativeResultsDirectory="21a90a66-8331-477c-91de-30f86d7b68b1" />
    <UnitTestResult executionId="f34e7f88-80a5-4797-9ee7-69b274803d18" testId="781fb3bf-9872-6dd6-8b2c-84b3eb41ff0c" testName="ElBruno.AspireMonitor.Tests.IntegrationTests.StatusColor_Updates_WhenResourcesChange" computerName="CPC-bruno-U7R9O" duration="00:00:00.0103417" startTime="2026-04-26T11:09:45.1349347-04:00" endTime="2026-04-26T11:09:45.1349349-04:00" testType="13cdc9d9-ddb5-4fa4-a97d-d965ccfc6d4b" outcome="Passed" testListId="8c84fa94-04c1-424b-9868-57a2d4851a1d" relativeResultsDirectory="f34e7f88-80a5-4797-9ee7-69b274803d18" />
    <UnitTestResult executionId="19959d62-1c72-4b65-91cf-27a0e43ed17b" testId="b6028b59-a993-2eae-c98d-ca453a41aaa6" testName="ElBruno.AspireMonitor.Tests.EdgeCaseTests.MissingFieldsInApiResponse_DefaultsCorrectly" computerName="CPC-bruno-U7R9O" duration="00:00:00.0271781" startTime="2026-04-26T11:09:45.1135137-04:00" endTime="2026-04-26T11:09:45.1135138-04:00" testType="13cdc9d9-ddb5-4fa4-a97d-d965ccfc6d4b" outcome="Passed" testListId="8c84fa94-04c1-424b-9868-57a2d4851a1d" relativeResultsDirectory="19959d62-1c72-4b65-91cf-27a0e43ed17b" />
    <UnitTestResult executionId="8d8f8cff-8bbe-4fe2-9aed-a696906262b4" testId="1662e5a3-d6b9-6535-73a7-412138980f4e" testName="ElBruno.AspireMonitor.Tests.Services.StatusCalculatorTests.CalculateStatus_InWarningRange_ReturnsYellow(cpu: 70, memory: 50, expected: &quot;Yellow&quot;)" computerName="CPC-bruno-U7R9O" duration="00:00:00.0007333" startTime="2026-04-26T11:09:45.0984536-04:00" endTime="2026-04-26T11:09:45.0984536-04:00" testType="13cdc9d9-ddb5-4fa4-a97d-d965ccfc6d4b" outcome="Passed" testListId="8c84fa94-04c1-424b-9868-57a2d4851a1d" relativeResultsDirectory="8d8f8cff-8bbe-4fe2-9aed-a696906262b4" />
    <UnitTestResult executionId="54e8c56c-c696-48e3-9976-78c57dea5b62" testId="352dc48e-f1fb-db2c-e0cf-93568d51ceba" testName="ElBruno.AspireMonitor.Tests.Configuration.ProjectFolderValidationTests.ProjectFolder_WithRelativePath_ShouldBeStoredAsIs" computerName="CPC-bruno-U7R9O" duration="00:00:00.0065839" startTime="2026-04-26T11:09:45.1160707-04:00" endTime="2026-04-26T11:09:45.1160708-04:00" testType="13cdc9d9-ddb5-4fa4-a97d-d965ccfc6d4b" outcome="Passed" testListId="8c84fa94-04c1-424b-9868-57a2d4851a1d" relativeResultsDirectory="54e8c56c-c696-48e3-9976-78c57dea5b62" />
    <UnitTestResult executionId="fa6f67a4-05c7-4ac8-bf34-e07a1db73a1a" testId="6c9fe10f-eb9e-4af7-38a7-cd5c776bd5dd" testName="ElBruno.AspireMonitor.Tests.Views.MiniMonitorUITests.MiniMonitor_UpdatesMetricsInRealtime" computerName="CPC-bruno-U7R9O" duration="00:00:00.0041442" startTime="2026-04-26T11:09:45.1042243-04:00" endTime="2026-04-26T11:09:45.1042244-04:00" testType="13cdc9d9-ddb5-4fa4-a97d-d965ccfc6d4b" outcome="Passed" testListId="8c84fa94-04c1-424b-9868-57a2d4851a1d" relativeResultsDirectory="fa6f67a4-05c7-4ac8-bf34-e07a1db73a1a" />
    <UnitTestResult executionId="918564d8-540a-4234-8cf7-c3fd060886aa" testId="193a1787-1d7b-c4f7-3511-5bef408ec71b" testName="ElBruno.AspireMonitor.Tests.Configuration.RepositoryUrlValidationTests.RepositoryUrl_WithInternationalDomain_ShouldBeValid" computerName="CPC-bruno-U7R9O" duration="00:00:00.0041732" startTime="2026-04-26T11:09:45.1031979-04:00" endTime="2026-04-26T11:09:45.1031979-04:00" testType="13cdc9d9-ddb5-4fa4-a97d-d965ccfc6d4b" outcome="Passed" testListId="8c84fa94-04c1-424b-9868-57a2d4851a1d" relativeResultsDirectory="918564d8-540a-4234-8cf7-c3fd060886aa" />
    <UnitTestResult executionId="0bede780-bf83-4a44-8569-8c4a6480a5be" testId="b1bc0fb5-b79f-0b71-362f-459ae0fcc53f" testName="ElBruno.AspireMonitor.Tests.Views.AppStartupTests.Tray_Menu_Has_Five_Options" computerName="CPC-bruno-U7R9O" duration="00:00:00.0002418" startTime="2026-04-26T11:09:45.1979989-04:00" endTime="2026-04-26T11:09:45.1979990-04:00" testType="13cdc9d9-ddb5-4fa4-a97d-d965ccfc6d4b" outcome="Passed" testListId="8c84fa94-04c1-424b-9868-57a2d4851a1d" relativeResultsDirectory="0bede780-bf83-4a44-8569-8c4a6480a5be" />
    <UnitTestResult executionId="c333b72b-ad8d-4c42-8f33-86234b72f6c1" testId="ea5181f1-9d53-f7df-57f9-11ea96f00909" testName="ElBruno.AspireMonitor.Tests.Views.SystemTrayContextMenuTests.ContextMenu_GitHubOption_HandlesUrlOpeningErrors" computerName="CPC-bruno-U7R9O" duration="00:00:00.0021645" startTime="2026-04-26T11:09:45.1074324-04:00" endTime="2026-04-26T11:09:45.1074324-04:00" testType="13cdc9d9-ddb5-4fa4-a97d-d965ccfc6d4b" outcome="Passed" testListId="8c84fa94-04c1-424b-9868-57a2d4851a1d" relativeResultsDirectory="c333b72b-ad8d-4c42-8f33-86234b72f6c1" />
    <UnitTestResult executionId="ac59f4c4-0d02-4b11-a5a1-d868be68077c" testId="f8a7bbc3-190a-93ed-0bb2-d5b91ed602b9" testName="ElBruno.AspireMonitor.Tests.Views.SystemTrayContextMenuTests.ContextMenu_ExitOption_RemovesTrayIcon" computerName="CPC-bruno-U7R9O" duration="00:00:00.0012062" startTime="2026-04-26T11:09:45.1100811-04:00" endTime="2026-04-26T11:09:45.1100811-04:00" testType="13cdc9d9-ddb5-4fa4-a97d-d965ccfc6d4b" outcome="Passed" testListId="8c84fa94-04c1-424b-9868-57a2d4851a1d" relativeResultsDirectory="ac59f4c4-0d02-4b11-a5a1-d868be68077c" />
    <UnitTestResult executionId="5fe987d8-29f7-461f-b613-a13279bb3664" testId="cd27854a-b52c-8b74-2cfd-7fd307f157a8" testName="ElBruno.AspireMonitor.Tests.Configuration.ProjectFolderRepositoryUrlIntegrationTests.SaveAndLoad_BothFields_ShouldPersistCorrectly" computerName="CPC-bruno-U7R9O" duration="00:00:00.0045963" startTime="2026-04-26T11:09:45.2459677-04:00" endTime="2026-04-26T11:09:45.2459679-04:00" testType="13cdc9d9-ddb5-4fa4-a97d-d965ccfc6d4b" outcome="Passed" testListId="8c84fa94-04c1-424b-9868-57a2d4851a1d" relativeResultsDirectory="5fe987d8-29f7-461f-b613-a13279bb3664" />
    <UnitTestResult executionId="4a225346-575a-4cab-a6c9-ebf85de07181" testId="00d3e119-c5bb-c1af-bc92-b0267b506cb6" testName="ElBruno.AspireMonitor.Tests.Configuration.RepositoryUrlValidationTests.RepositoryUrl_MalformedUrl_ShouldHandleGracefully" computerName="CPC-bruno-U7R9O" duration="00:00:00.0274736" startTime="2026-04-26T11:09:45.0732653-04:00" endTime="2026-04-26T11:09:45.0732653-04:00" testType="13cdc9d9-ddb5-4fa4-a97d-d965ccfc6d4b" outcome="Passed" testListId="8c84fa94-04c1-424b-9868-57a2d4851a1d" relativeResultsDirectory="4a225346-575a-4cab-a6c9-ebf85de07181" />
    <UnitTestResult executionId="1d54a3e5-4f6a-439b-a2b3-65ecbd6acc32" testId="f701c133-ac39-4a22-0eca-3106774902d3" testName="ElBruno.AspireMonitor.Tests.Services.StatusCalculatorTests.CalculateStatus_ExceedsCritical_ReturnsRed(cpu: 100, memory: 100, expected: &quot;Red&quot;)" computerName="CPC-bruno-U7R9O" duration="00:00:00.0005961" startTime="2026-04-26T11:09:45.1012122-04:00" endTime="2026-04-26T11:09:45.1012123-04:00" testType="13cdc9d9-ddb5-4fa4-a97d-d965ccfc6d4b" outcome="Passed" testListId="8c84fa94-04c1-424b-9868-57a2d4851a1d" relativeResultsDirectory="1d54a3e5-4f6a-439b-a2b3-65ecbd6acc32" />
    <UnitTestResult executionId="3bb8dca4-f3ad-4969-aece-9fe867220bbc" testId="f8b5ab5f-155b-7992-0f64-e2a996d1120f" testName="ElBruno.AspireMonitor.Tests.Services.StatusCalculatorTests.CalculateStatus_BelowThreshold_ReturnsGreen(cpu: 50, memory: 69.900000000000006, expected: &quot;Green&quot;)" computerName="CPC-bruno-U7R9O" duration="00:00:00.0246493" startTime="2026-04-26T11:09:45.0731704-04:00" endTime="2026-04-26T11:09:45.0731704-04:00" testType="13cdc9d9-ddb5-4fa4-a97d-d965ccfc6d4b" outcome="Passed" testListId="8c84fa94-04c1-424b-9868-57a2d4851a1d" relativeResultsDirectory="3bb8dca4-f3ad-4969-aece-9fe867220bbc" />
    <UnitTestResult executionId="d1bcdd85-b121-49ec-b360-04f8ea51ce30" testId="47aa3a3e-01d1-a6b2-77c9-ef5543318e54" testName="ElBruno.AspireMonitor.Tests.Views.SystemTrayContextMenuTests.ContextMenu_GitHubOption_EnabledWhenOnline" computerName="CPC-bruno-U7R9O" duration="00:00:00.0024156" startTime="2026-04-26T11:09:45.1040953-04:00" endTime="2026-04-26T11:09:45.1040953-04:00" testType="13cdc9d9-ddb5-4fa4-a97d-d965ccfc6d4b" outcome="Passed" testListId="8c84fa94-04c1-424b-9868-57a2d4851a1d" relativeResultsDirectory="d1bcdd85-b121-49ec-b360-04f8ea51ce30" />
    <UnitTestResult executionId="2eb3d70e-68b1-48b2-b938-8bb5e3fd068e" testId="054951c9-6d7c-30e4-cefc-2aebdda25a7a" testName="ElBruno.AspireMonitor.Tests.Configuration.ProjectFolderValidationTests.ProjectFolder_CanBeSavedToConfigFile" computerName="CPC-bruno-U7R9O" duration="00:00:00.0254333" startTime="2026-04-26T11:09:45.1118804-04:00" endTime="2026-04-26T11:09:45.1118805-04:00" testType="13cdc9d9-ddb5-4fa4-a97d-d965ccfc6d4b" outcome="Passed" testListId="8c84fa94-04c1-424b-9868-57a2d4851a1d" relativeResultsDirectory="2eb3d70e-68b1-48b2-b938-8bb5e3fd068e" />
    <UnitTestResult executionId="bbd310d4-369c-4885-8b99-e6b3c4e7242c" testId="2e00feef-a82d-392e-e81a-4c0880b73f2d" testName="ElBruno.AspireMonitor.Tests.Views.SystemTrayContextMenuTests.ContextMenu_GitHubOption_OpensUrl_InBrowser" computerName="CPC-bruno-U7R9O" duration="00:00:00.0017022" startTime="2026-04-26T11:09:45.1085132-04:00" endTime="2026-04-26T11:09:45.1085133-04:00" testType="13cdc9d9-ddb5-4fa4-a97d-d965ccfc6d4b" outcome="Passed" testListId="8c84fa94-04c1-424b-9868-57a2d4851a1d" relativeResultsDirectory="bbd310d4-369c-4885-8b99-e6b3c4e7242c" />
    <UnitTestResult executionId="799dbc37-6767-400b-affa-0f5041682e02" testId="32812a72-236b-e644-67c4-a43058a088e1" testName="ElBruno.AspireMonitor.Tests.Configuration.ProjectFolderValidationTests.ProjectFolder_WithoutAspireConfigJsonOrAppHostCs_ShouldIndicateInvalid" computerName="CPC-bruno-U7R9O" duration="00:00:00.0071652" startTime="2026-04-26T11:09:45.1038386-04:00" endTime="2026-04-26T11:09:45.1038387-04:00" testType="13cdc9d9-ddb5-4fa4-a97d-d965ccfc6d4b" outcome="Passed" testListId="8c84fa94-04c1-424b-9868-57a2d4851a1d" relativeResultsDirectory="799dbc37-6767-400b-affa-0f5041682e02" />
    <UnitTestResult executionId="37160ba2-48aa-41c0-9e81-a506ddfdafa7" testId="64cf89db-8e8f-c578-8327-cf163f0524b7" testName="ElBruno.AspireMonitor.Tests.Services.StatusCalculatorTests.CalculateStatus_BelowThreshold_ReturnsGreen(cpu: 50, memory: 50, expected: &quot;Green&quot;)" computerName="CPC-bruno-U7R9O" duration="00:00:00.0000105" startTime="2026-04-26T11:09:45.0954003-04:00" endTime="2026-04-26T11:09:45.0954003-04:00" testType="13cdc9d9-ddb5-4fa4-a97d-d965ccfc6d4b" outcome="Passed" testListId="8c84fa94-04c1-424b-9868-57a2d4851a1d" relativeResultsDirectory="37160ba2-48aa-41c0-9e81-a506ddfdafa7" />
    <UnitTestResult executionId="2713b76c-2bf8-4cd4-8df0-6bb833461338" testId="8e8f7547-6b61-a364-503b-ff0d7becf683" testName="ElBruno.AspireMonitor.Tests.Views.AppStartupTests.Tray_Settings_Window_Shows_RepositoryUrl_Field" computerName="CPC-bruno-U7R9O" duration="00:00:00.0007760" startTime="2026-04-26T11:09:45.1128040-04:00" endTime="2026-04-26T11:09:45.1128040-04:00" testType="13cdc9d9-ddb5-4fa4-a97d-d965ccfc6d4b" outcome="Passed" testListId="8c84fa94-04c1-424b-9868-57a2d4851a1d" relativeResultsDirectory="2713b76c-2bf8-4cd4-8df0-6bb833461338" />
    <UnitTestResult executionId="44b55fb9-8b2f-4d1e-bf38-ff48cf98c7f2" testId="ec0736e3-97d1-441a-fbe0-e7a3e8a61ff0" testName="ElBruno.AspireMonitor.Tests.Views.SystemTrayContextMenuTests.ContextMenu_DetailsOption_FocusesMainWindow_IfAlreadyOpen" computerName="CPC-bruno-U7R9O" duration="00:00:00.0010581" startTime="2026-04-26T11:09:45.1119174-04:00" endTime="2026-04-26T11:09:45.1119175-04:00" testType="13cdc9d9-ddb5-4fa4-a97d-d965ccfc6d4b" outcome="Passed" testListId="8c84fa94-04c1-424b-9868-57a2d4851a1d" relativeResultsDirectory="44b55fb9-8b2f-4d1e-bf38-ff48cf98c7f2" />
    <UnitTestResult executionId="3990a0e1-f01b-4410-8a72-3037d37532dd" testId="0e275b28-7e6d-000e-0d09-3f44e57542e5" testName="ElBruno.AspireMonitor.Tests.Services.StatusCalculatorTests.CalculateStatus_WithCustomThresholds_RespectsConfiguration" computerName="CPC-bruno-U7R9O" duration="00:00:00.0011039" startTime="2026-04-26T11:09:45.1018857-04:00" endTime="2026-04-26T11:09:45.1018857-04:00" testType="13cdc9d9-ddb5-4fa4-a97d-d965ccfc6d4b" outcome="Passed" testListId="8c84fa94-04c1-424b-9868-57a2d4851a1d" relativeResultsDirectory="3990a0e1-f01b-4410-8a72-3037d37532dd" />
    <UnitTestResult executionId="7c449c1f-ded3-46af-ab73-bb241f15d261" testId="939bb1f0-42f8-46ab-08c3-b2f1fd3e83be" testName="ElBruno.AspireMonitor.Tests.Services.StatusCalculatorTests.CalculateStatus_InWarningRange_ReturnsYellow(cpu: 70, memory: 70, expected: &quot;Yellow&quot;)" computerName="CPC-bruno-U7R9O" duration="00:00:00.0000151" startTime="2026-04-26T11:09:45.0985970-04:00" endTime="2026-04-26T11:09:45.0985975-04:00" testType="13cdc9d9-ddb5-4fa4-a97d-d965ccfc6d4b" outcome="Passed" testListId="8c84fa94-04c1-424b-9868-57a2d4851a1d" relativeResultsDirectory="7c449c1f-ded3-46af-ab73-bb241f15d261" />
    <UnitTestResult executionId="f7bd3000-5e4c-41d6-a1c5-a09b21aaf656" testId="3f60eb95-bd7f-ab6a-4af3-52498f61df86" testName="ElBruno.AspireMonitor.Tests.Views.SystemTrayContextMenuTests.ContextMenu_RightClickTrayIcon_OpensMenu" computerName="CPC-bruno-U7R9O" duration="00:00:00.0009477" startTime="2026-04-26T11:09:45.1102164-04:00" endTime="2026-04-26T11:09:45.1102164-04:00" testType="13cdc9d9-ddb5-4fa4-a97d-d965ccfc6d4b" outcome="Passed" testListId="8c84fa94-04c1-424b-9868-57a2d4851a1d" relativeResultsDirectory="f7bd3000-5e4c-41d6-a1c5-a09b21aaf656" />
    <UnitTestResult executionId="f4a1b14c-4c05-47c3-83ed-7d4b8edfcfe6" testId="f4fede9b-bf4f-e3c9-3f44-f5a0fc3ac0d0" testName="ElBruno.AspireMonitor.Tests.Services.PollingServiceTests.StartAsync_InitiatesPolling_Successfully" computerName="CPC-bruno-U7R9O" duration="00:00:00.0228224" startTime="2026-04-26T11:09:45.6930400-04:00" endTime="2026-04-26T11:09:45.6930411-04:00" testType="13cdc9d9-ddb5-4fa4-a97d-d965ccfc6d4b" outcome="Passed" testListId="8c84fa94-04c1-424b-9868-57a2d4851a1d" relativeResultsDirectory="f4a1b14c-4c05-47c3-83ed-7d4b8edfcfe6" />
    <UnitTestResult executionId="dc3c3fb7-497b-4034-8414-9075c910f2de" testId="32afb9b0-09d5-cc5c-96a2-169960be96ae" testName="ElBruno.AspireMonitor.Tests.Services.AspireApiClientTests.GetResourcesAsync_RetriesWithBackoff_OnTransientFailure" computerName="CPC-bruno-U7R9O" duration="00:00:00.3251276" startTime="2026-04-26T11:09:45.5495726-04:00" endTime="2026-04-26T11:09:45.5495732-04:00" testType="13cdc9d9-ddb5-4fa4-a97d-d965ccfc6d4b" outcome="Passed" testListId="8c84fa94-04c1-424b-9868-57a2d4851a1d" relativeResultsDirectory="dc3c3fb7-497b-4034-8414-9075c910f2de" />
    <UnitTestResult executionId="540549e0-58e0-4cf0-a77f-8c82f17f0909" testId="71dd3bb9-61ca-b2aa-df47-4c10b404c456" testName="ElBruno.AspireMonitor.Tests.Views.AppStartupTests.App_Starts_With_Hidden_MainWindow" computerName="CPC-bruno-U7R9O" duration="00:00:00.0002046" startTime="2026-04-26T11:09:45.1447177-04:00" endTime="2026-04-26T11:09:45.1447179-04:00" testType="13cdc9d9-ddb5-4fa4-a97d-d965ccfc6d4b" outcome="Passed" testListId="8c84fa94-04c1-424b-9868-57a2d4851a1d" relativeResultsDirectory="540549e0-58e0-4cf0-a77f-8c82f17f0909" />
    <UnitTestResult executionId="2755a20c-a435-4582-91bb-bbb56e4635b8" testId="c0191c2a-dc7e-53b2-6824-1702c9841c9c" testName="ElBruno.AspireMonitor.Tests.Services.ConfigurationServiceTests.ValidateThresholds_VariousCombinations_ValidatesCorrectly(yellowThreshold: 90, redThreshold: 70, shouldBeValid: False)" computerName="CPC-bruno-U7R9O" duration="00:00:00.0023730" startTime="2026-04-26T11:09:45.1041271-04:00" endTime="2026-04-26T11:09:45.1041272-04:00" testType="13cdc9d9-ddb5-4fa4-a97d-d965ccfc6d4b" outcome="Passed" testListId="8c84fa94-04c1-424b-9868-57a2d4851a1d" relativeResultsDirectory="2755a20c-a435-4582-91bb-bbb56e4635b8" />
    <UnitTestResult executionId="4bd617f8-5bd1-4e7e-ad63-c74e5bab256d" testId="8d96165d-2986-4a1d-ba1c-92e5b7087818" testName="ElBruno.AspireMonitor.Tests.Views.SystemTrayContextMenuTests.ContextMenu_MiniMonitorOption_OpensMiniMonitorWindow" computerName="CPC-bruno-U7R9O" duration="00:00:00.0002375" startTime="2026-04-26T11:09:45.1109019-04:00" endTime="2026-04-26T11:09:45.1109019-04:00" testType="13cdc9d9-ddb5-4fa4-a97d-d965ccfc6d4b" outcome="Passed" testListId="8c84fa94-04c1-424b-9868-57a2d4851a1d" relativeResultsDirectory="4bd617f8-5bd1-4e7e-ad63-c74e5bab256d" />
    <UnitTestResult executionId="fee5cd45-2462-4b0a-8738-b0df2683192d" testId="5d95585b-a76e-3232-d44f-8de7efbf18da" testName="ElBruno.AspireMonitor.Tests.Services.ConfigurationServiceTests.ValidatePollingInterval_VariousValues_ValidatesCorrectly(interval: 1, shouldBeValid: True)" computerName="CPC-bruno-U7R9O" duration="00:00:00.0029600" startTime="2026-04-26T11:09:45.1019510-04:00" endTime="2026-04-26T11:09:45.1019511-04:00" testType="13cdc9d9-ddb5-4fa4-a97d-d965ccfc6d4b" outcome="Passed" testListId="8c84fa94-04c1-424b-9868-57a2d4851a1d" relativeResultsDirectory="fee5cd45-2462-4b0a-8738-b0df2683192d" />
    <UnitTestResult executionId="f87c3742-360c-4353-9091-9d228193b2f6" testId="2ed3ee88-9f00-21e2-6386-43559a1dc055" testName="ElBruno.AspireMonitor.Tests.Views.SystemTrayContextMenuTests.ContextMenu_ClickingOption_ClosesMenu" computerName="CPC-bruno-U7R9O" duration="00:00:00.0022207" startTime="2026-04-26T11:09:45.1049441-04:00" endTime="2026-04-26T11:09:45.1049441-04:00" testType="13cdc9d9-ddb5-4fa4-a97d-d965ccfc6d4b" outcome="Passed" testListId="8c84fa94-04c1-424b-9868-57a2d4851a1d" relativeResultsDirectory="f87c3742-360c-4353-9091-9d228193b2f6" />
    <UnitTestResult executionId="6942c52a-b9ef-42e4-b210-88e56d5d688f" testId="efcd6073-9946-a817-1e0f-910b9c08f2cf" testName="ElBruno.AspireMonitor.Tests.Views.MiniMonitorUITests.MiniMonitor_ShowsMinimalMetrics_Status" computerName="CPC-bruno-U7R9O" duration="00:00:00.0003077" startTime="2026-04-26T11:09:46.6856496-04:00" endTime="2026-04-26T11:09:46.6856500-04:00" testType="13cdc9d9-ddb5-4fa4-a97d-d965ccfc6d4b" outcome="Passed" testListId="8c84fa94-04c1-424b-9868-57a2d4851a1d" relativeResultsDirectory="6942c52a-b9ef-42e4-b210-88e56d5d688f" />
    <UnitTestResult executionId="2b1b2a61-6758-43cd-b8c9-af8efe6f8a20" testId="a4ef469e-6369-7f91-07e6-e42d83b20646" testName="ElBruno.AspireMonitor.Tests.Configuration.RepositoryUrlValidationTests.RepositoryUrl_WithComplexDomain_ShouldBeValid" computerName="CPC-bruno-U7R9O" duration="00:00:00.0037096" startTime="2026-04-26T11:09:45.1302058-04:00" endTime="2026-04-26T11:09:45.1302061-04:00" testType="13cdc9d9-ddb5-4fa4-a97d-d965ccfc6d4b" outcome="Passed" testListId="8c84fa94-04c1-424b-9868-57a2d4851a1d" relativeResultsDirectory="2b1b2a61-6758-43cd-b8c9-af8efe6f8a20" />
    <UnitTestResult executionId="53236b61-c619-4232-9df0-790c715ed6de" testId="b0ea7f19-10b6-39f4-8f00-d526b2ad649a" testName="ElBruno.AspireMonitor.Tests.Views.AppStartupTests.Open_Settings_From_Tray_While_MainWindow_Open" computerName="CPC-bruno-U7R9O" duration="00:00:00.0005385" startTime="2026-04-26T11:09:45.1418931-04:00" endTime="2026-04-26T11:09:45.1418934-04:00" testType="13cdc9d9-ddb5-4fa4-a97d-d965ccfc6d4b" outcome="Passed" testListId="8c84fa94-04c1-424b-9868-57a2d4851a1d" relativeResultsDirectory="53236b61-c619-4232-9df0-790c715ed6de" />
    <UnitTestResult executionId="5ec0cf16-00c4-4211-85ee-16cac85fc73e" testId="09262671-25db-814d-65b9-45e4a0ffa68d" testName="ElBruno.AspireMonitor.Tests.Configuration.RepositoryUrlValidationTests.SettingsViewModel_ProjectFolder_PropertyBinding_ShouldUpdateCorrectly" computerName="CPC-bruno-U7R9O" duration="00:00:00.0073217" startTime="2026-04-26T11:09:45.1161591-04:00" endTime="2026-04-26T11:09:45.1161592-04:00" testType="13cdc9d9-ddb5-4fa4-a97d-d965ccfc6d4b" outcome="Passed" testListId="8c84fa94-04c1-424b-9868-57a2d4851a1d" relativeResultsDirectory="5ec0cf16-00c4-4211-85ee-16cac85fc73e" />
    <UnitTestResult executionId="d6447ed2-ad3c-47be-ae3e-68ede05b4987" testId="b4d48d8a-951f-3930-8f76-3d825a2f2263" testName="ElBruno.AspireMonitor.Tests.Services.PollingServiceTests.OfflineRecovery_ReconnectsAutomatically_WhenApiReturns" computerName="CPC-bruno-U7R9O" duration="00:00:00.6467286" startTime="2026-04-26T11:09:45.6699874-04:00" endTime="2026-04-26T11:09:45.6699879-04:00" testType="13cdc9d9-ddb5-4fa4-a97d-d965ccfc6d4b" outcome="Passed" testListId="8c84fa94-04c1-424b-9868-57a2d4851a1d" relativeResultsDirectory="d6447ed2-ad3c-47be-ae3e-68ede05b4987" />
    <UnitTestResult executionId="ab634341-2182-4f8a-a0f0-d67d7e06d191" testId="59f02504-a157-7fc0-4ac0-48b726d70bf0" testName="ElBruno.AspireMonitor.Tests.Services.ConfigurationServiceTests.ValidateConfiguration_InvalidValues_ThrowsException" computerName="CPC-bruno-U7R9O" duration="00:00:00.0161424" startTime="2026-04-26T11:09:45.1135320-04:00" endTime="2026-04-26T11:09:45.1135321-04:00" testType="13cdc9d9-ddb5-4fa4-a97d-d965ccfc6d4b" outcome="Passed" testListId="8c84fa94-04c1-424b-9868-57a2d4851a1d" relativeResultsDirectory="ab634341-2182-4f8a-a0f0-d67d7e06d191" />
    <UnitTestResult executionId="82c1f90f-f21c-4e65-8325-b7c7228de18d" testId="584dded9-40b3-b503-e32b-b047a424632f" testName="ElBruno.AspireMonitor.Tests.Configuration.RepositoryUrlValidationTests.RepositoryUrl_WithValidHttpUrl_ShouldBeValid" computerName="CPC-bruno-U7R9O" duration="00:00:00.0038601" startTime="2026-04-26T11:09:45.1020238-04:00" endTime="2026-04-26T11:09:45.1020238-04:00" testType="13cdc9d9-ddb5-4fa4-a97d-d965ccfc6d4b" outcome="Passed" testListId="8c84fa94-04c1-424b-9868-57a2d4851a1d" relativeResultsDirectory="82c1f90f-f21c-4e65-8325-b7c7228de18d" />
    <UnitTestResult executionId="42caccf7-4549-4548-87d8-493054f37fef" testId="30c9ac1d-0674-02cf-6a3f-c03363e57f40" testName="ElBruno.AspireMonitor.Tests.Configuration.ProjectFolderRepositoryUrlIntegrationTests.LoadAndModify_ExistingConfig_WithBothFields_ShouldPreserveOnResave" computerName="CPC-bruno-U7R9O" duration="00:00:00.0074712" startTime="2026-04-26T11:09:45.1987553-04:00" endTime="2026-04-26T11:09:45.1987554-04:00" testType="13cdc9d9-ddb5-4fa4-a97d-d965ccfc6d4b" outcome="Passed" testListId="8c84fa94-04c1-424b-9868-57a2d4851a1d" relativeResultsDirectory="42caccf7-4549-4548-87d8-493054f37fef" />
    <UnitTestResult executionId="82832420-90c6-434c-9bc6-3aeca4770599" testId="e406eea4-7e29-8d38-4b10-5124f3f3942f" testName="ElBruno.AspireMonitor.Tests.Views.AppStartupTests.App_Restart_Maintains_Hidden_MainWindow_Behavior" computerName="CPC-bruno-U7R9O" duration="00:00:00.0009909" startTime="2026-04-26T11:09:45.1429579-04:00" endTime="2026-04-26T11:09:45.1429581-04:00" testType="13cdc9d9-ddb5-4fa4-a97d-d965ccfc6d4b" outcome="Passed" testListId="8c84fa94-04c1-424b-9868-57a2d4851a1d" relativeResultsDirectory="82832420-90c6-434c-9bc6-3aeca4770599" />
    <UnitTestResult executionId="6c6623f3-5563-450f-bd2b-a5282200d762" testId="4fdcd337-d80a-ff87-0201-a56ff0e3a565" testName="ElBruno.AspireMonitor.Tests.Views.AppStartupTests.MainWindow_Mini_Monitor_Button_Removed_From_Window" computerName="CPC-bruno-U7R9O" duration="00:00:00.0221289" startTime="2026-04-26T11:09:45.0731839-04:00" endTime="2026-04-26T11:09:45.0731839-04:00" testType="13cdc9d9-ddb5-4fa4-a97d-d965ccfc6d4b" outcome="Passed" testListId="8c84fa94-04c1-424b-9868-57a2d4851a1d" relativeResultsDirectory="6c6623f3-5563-450f-bd2b-a5282200d762" />
    <UnitTestResult executionId="520c7a97-8519-40f4-8dfb-d14aacb0a588" testId="9e9afce3-a510-7e2d-c1af-729a99befcd0" testName="ElBruno.AspireMonitor.Tests.Services.StatusCalculatorTests.CalculateStatus_AllThresholdCombinations_WorkCorrectly" computerName="CPC-bruno-U7R9O" duration="00:00:00.0008009" startTime="2026-04-26T11:09:45.1019265-04:00" endTime="2026-04-26T11:09:45.1019265-04:00" testType="13cdc9d9-ddb5-4fa4-a97d-d965ccfc6d4b" outcome="Passed" testListId="8c84fa94-04c1-424b-9868-57a2d4851a1d" relativeResultsDirectory="520c7a97-8519-40f4-8dfb-d14aacb0a588" />
    <UnitTestResult executionId="23b87fca-4277-4415-b7ef-a77c6a8dedb8" testId="64e5b39f-34d5-7899-09da-139d14f83fa3" testName="ElBruno.AspireMonitor.Tests.Configuration.ProjectFolderValidationTests.ProjectFolder_ResetToNull_ShouldClearPreviousValue" computerName="CPC-bruno-U7R9O" duration="00:00:00.0066053" startTime="2026-04-26T11:09:45.1987235-04:00" endTime="2026-04-26T11:09:45.1987235-04:00" testType="13cdc9d9-ddb5-4fa4-a97d-d965ccfc6d4b" outcome="Passed" testListId="8c84fa94-04c1-424b-9868-57a2d4851a1d" relativeResultsDirectory="23b87fca-4277-4415-b7ef-a77c6a8dedb8" />
    <UnitTestResult executionId="542a8bec-0abf-4b33-a404-200605cd352e" testId="3aa302c7-f69b-0edb-45a7-ea78910a5a3c" testName="ElBruno.AspireMonitor.Tests.Views.MainWindowUITests.MainWindow_StateAfterMinimizeRestore_PreservesSize" computerName="CPC-bruno-U7R9O" duration="00:00:00.0059123" startTime="2026-04-26T11:09:45.1048633-04:00" endTime="2026-04-26T11:09:45.1048634-04:00" testType="13cdc9d9-ddb5-4fa4-a97d-d965ccfc6d4b" outcome="Passed" testListId="8c84fa94-04c1-424b-9868-57a2d4851a1d" relativeResultsDirectory="542a8bec-0abf-4b33-a404-200605cd352e" />
    <UnitTestResult executionId="f97fa0ca-c9ce-4198-a07e-d931d8e01ac5" testId="8fd920b2-6460-81ca-0914-527fba5c9366" testName="ElBruno.AspireMonitor.Tests.EdgeCaseTests.EmptyResourceList_HandlesGracefully" computerName="CPC-bruno-U7R9O" duration="00:00:00.0011530" startTime="2026-04-26T11:09:45.2730585-04:00" endTime="2026-04-26T11:09:45.2730587-04:00" testType="13cdc9d9-ddb5-4fa4-a97d-d965ccfc6d4b" outcome="Passed" testListId="8c84fa94-04c1-424b-9868-57a2d4851a1d" relativeResultsDirectory="f97fa0ca-c9ce-4198-a07e-d931d8e01ac5" />
    <UnitTestResult executionId="60363c72-f2a6-4d09-9bd5-d4fa1abe1106" testId="300cce18-f4e4-767e-4f56-44955b7ad01c" testName="ElBruno.AspireMonitor.Tests.Services.ConfigurationServiceTests.LoadConfiguration_MissingFile_ReturnsDefaults" computerName="CPC-bruno-U7R9O" duration="00:00:00.0016816" startTime="2026-04-26T11:09:45.1549408-04:00" endTime="2026-04-26T11:09:45.1549410-04:00" testType="13cdc9d9-ddb5-4fa4-a97d-d965ccfc6d4b" outcome="Passed" testListId="8c84fa94-04c1-424b-9868-57a2d4851a1d" relativeResultsDirectory="60363c72-f2a6-4d09-9bd5-d4fa1abe1106" />
    <UnitTestResult executionId="3ac04096-35ab-43c3-a3b8-316e75a6d3ec" testId="d49e0346-af3b-f828-456a-f95741145094" testName="ElBruno.AspireMonitor.Tests.Views.AppStartupTests.Settings_Changed_In_Tray_Triggers_Configuration_Update" computerName="CPC-bruno-U7R9O" duration="00:00:00.0018183" startTime="2026-04-26T11:09:45.1120530-04:00" endTime="2026-04-26T11:09:45.1120531-04:00" testType="13cdc9d9-ddb5-4fa4-a97d-d965ccfc6d4b" outcome="Passed" testListId="8c84fa94-04c1-424b-9868-57a2d4851a1d" relativeResultsDirectory="3ac04096-35ab-43c3-a3b8-316e75a6d3ec" />
    <UnitTestResult executionId="8ab2c8f1-8052-4f3f-a859-04fb26bbc8d1" testId="ff4d7602-88cd-42cc-0e04-cc83dd2c5a45" testName="ElBruno.AspireMonitor.Tests.Configuration.ProjectFolderRepositoryUrlIntegrationTests.SettingsViewModel_SavesRepositoryUrl_ToConfigService" computerName="CPC-bruno-U7R9O" duration="00:00:00.0040194" startTime="2026-04-26T11:09:45.1465152-04:00" endTime="2026-04-26T11:09:45.1465152-04:00" testType="13cdc9d9-ddb5-4fa4-a97d-d965ccfc6d4b" outcome="Passed" testListId="8c84fa94-04c1-424b-9868-57a2d4851a1d" relativeResultsDirectory="8ab2c8f1-8052-4f3f-a859-04fb26bbc8d1" />
    <UnitTestResult executionId="1803b424-affe-4fba-a44a-3cdd481184b3" testId="469ec592-166e-b68c-7d68-7efe804df7cb" testName="ElBruno.AspireMonitor.Tests.Services.AspireApiClientTests.GetResourcesAsync_UnreachableEndpoint_ReturnsError" computerName="CPC-bruno-U7R9O" duration="00:00:00.0037821" startTime="2026-04-26T11:09:45.2242197-04:00" endTime="2026-04-26T11:09:45.2242199-04:00" testType="13cdc9d9-ddb5-4fa4-a97d-d965ccfc6d4b" outcome="Passed" testListId="8c84fa94-04c1-424b-9868-57a2d4851a1d" relativeResultsDirectory="1803b424-affe-4fba-a44a-3cdd481184b3" />
    <UnitTestResult executionId="b18dfb25-6545-4d2c-9faa-3881cfe62bac" testId="aa3faee2-09af-a52e-75a3-08da77c3443d" testName="ElBruno.AspireMonitor.Tests.Views.AppStartupTests.MainWindow_Displays_Refresh_Button" computerName="CPC-bruno-U7R9O" duration="00:00:00.0003228" startTime="2026-04-26T11:09:45.1441285-04:00" endTime="2026-04-26T11:09:45.1441286-04:00" testType="13cdc9d9-ddb5-4fa4-a97d-d965ccfc6d4b" outcome="Passed" testListId="8c84fa94-04c1-424b-9868-57a2d4851a1d" relativeResultsDirectory="b18dfb25-6545-4d2c-9faa-3881cfe62bac" />
    <UnitTestResult executionId="e38fb3a9-3f1e-4805-95b8-0433ef0c030a" testId="ff9941b9-4cfc-db0e-6dfe-568341c2b22d" testName="ElBruno.AspireMonitor.Tests.Views.AppStartupTests.Tray_Menu_Contains_Settings_Option" computerName="CPC-bruno-U7R9O" duration="00:00:00.0062440" startTime="2026-04-26T11:09:45.1086470-04:00" endTime="2026-04-26T11:09:45.1086471-04:00" testType="13cdc9d9-ddb5-4fa4-a97d-d965ccfc6d4b" outcome="Passed" testListId="8c84fa94-04c1-424b-9868-57a2d4851a1d" relativeResultsDirectory="e38fb3a9-3f1e-4805-95b8-0433ef0c030a" />
    <UnitTestResult executionId="c0a8e5d4-2539-4254-814d-7a2b316b362d" testId="4314dda8-1e37-9b81-4634-eafb03480cdb" testName="ElBruno.AspireMonitor.Tests.Configuration.ProjectFolderRepositoryUrlIntegrationTests.SettingsViewModel_LoadsRepositoryUrl_FromConfigService" computerName="CPC-bruno-U7R9O" duration="00:00:00.0141474" startTime="2026-04-26T11:09:45.1357449-04:00" endTime="2026-04-26T11:09:45.1357451-04:00" testType="13cdc9d9-ddb5-4fa4-a97d-d965ccfc6d4b" outcome="Passed" testListId="8c84fa94-04c1-424b-9868-57a2d4851a1d" relativeResultsDirectory="c0a8e5d4-2539-4254-814d-7a2b316b362d" />
    <UnitTestResult executionId="b5cd8163-d91a-4151-933a-32cc7aa5cb29" testId="0cf90fe0-aed2-f016-4013-651431707b14" testName="ElBruno.AspireMonitor.Tests.Views.MiniMonitorUITests.MiniMonitor_SingleInstance_NoDuplicateCreation" computerName="CPC-bruno-U7R9O" duration="00:00:00.0043085" startTime="2026-04-26T11:09:45.1061421-04:00" endTime="2026-04-26T11:09:45.1061422-04:00" testType="13cdc9d9-ddb5-4fa4-a97d-d965ccfc6d4b" outcome="Passed" testListId="8c84fa94-04c1-424b-9868-57a2d4851a1d" relativeResultsDirectory="b5cd8163-d91a-4151-933a-32cc7aa5cb29" />
    <UnitTestResult executionId="33b59f13-4eb9-4910-83a4-714a3c9ebb41" testId="95dfcd6b-a6a5-5896-3eb0-d9cf1b6a6f32" testName="ElBruno.AspireMonitor.Tests.Views.AppStartupTests.Tray_Menu_Options_In_Correct_Order" computerName="CPC-bruno-U7R9O" duration="00:00:00.0006512" startTime="2026-04-26T11:09:45.1117758-04:00" endTime="2026-04-26T11:09:45.1117758-04:00" testType="13cdc9d9-ddb5-4fa4-a97d-d965ccfc6d4b" outcome="Passed" testListId="8c84fa94-04c1-424b-9868-57a2d4851a1d" relativeResultsDirectory="33b59f13-4eb9-4910-83a4-714a3c9ebb41" />
    <UnitTestResult executionId="8d1d2f4c-459f-4b93-863c-757f5e9ab1e3" testId="77aea196-cc83-697a-a1f0-a8bb68664ba3" testName="ElBruno.AspireMonitor.Tests.Services.StatusCalculatorTests.CalculateStatus_BelowThreshold_ReturnsGreen(cpu: 69.900000000000006, memory: 50, expected: &quot;Green&quot;)" computerName="CPC-bruno-U7R9O" duration="00:00:00.0000169" startTime="2026-04-26T11:09:45.0953734-04:00" endTime="2026-04-26T11:09:45.0953735-04:00" testType="13cdc9d9-ddb5-4fa4-a97d-d965ccfc6d4b" outcome="Passed" testListId="8c84fa94-04c1-424b-9868-57a2d4851a1d" relativeResultsDirectory="8d1d2f4c-459f-4b93-863c-757f5e9ab1e3" />
    <UnitTestResult executionId="7215b79b-3ba5-4c49-8603-2d1b9207f1e9" testId="dc197ddd-28dd-93de-4818-cf0378a40373" testName="ElBruno.AspireMonitor.Tests.Views.AppStartupTests.Close_MainWindow_Then_Reopen_Via_Tray_Details" computerName="CPC-bruno-U7R9O" duration="00:00:00.0007623" startTime="2026-04-26T11:09:45.1119560-04:00" endTime="2026-04-26T11:09:45.1119560-04:00" testType="13cdc9d9-ddb5-4fa4-a97d-d965ccfc6d4b" outcome="Passed" testListId="8c84fa94-04c1-424b-9868-57a2d4851a1d" relativeResultsDirectory="7215b79b-3ba5-4c49-8603-2d1b9207f1e9" />
    <UnitTestResult executionId="f03616a1-267a-46a9-a1bc-460a880ce294" testId="fb823151-6eb6-cf01-2a91-c1617d35485c" testName="ElBruno.AspireMonitor.Tests.Views.MainWindowUITests.MainWindow_ManualResize_Works" computerName="CPC-bruno-U7R9O" duration="00:00:00.0005117" startTime="2026-04-26T11:09:45.1093173-04:00" endTime="2026-04-26T11:09:45.1093173-04:00" testType="13cdc9d9-ddb5-4fa4-a97d-d965ccfc6d4b" outcome="Passed" testListId="8c84fa94-04c1-424b-9868-57a2d4851a1d" relativeResultsDirectory="f03616a1-267a-46a9-a1bc-460a880ce294" />
    <UnitTestResult executionId="965211cf-cc99-46d4-8445-a9c57b0a8a5a" testId="643ae036-e0a1-1b60-c11d-2d307721fde1" testName="ElBruno.AspireMonitor.Tests.Configuration.RepositoryUrlValidationTests.RepositoryUrl_BackwardCompatibility_OldConfigWithoutRepositoryUrl" computerName="CPC-bruno-U7R9O" duration="00:00:00.0544118" startTime="2026-04-26T11:09:45.1937465-04:00" endTime="2026-04-26T11:09:45.1937468-04:00" testType="13cdc9d9-ddb5-4fa4-a97d-d965ccfc6d4b" outcome="Failed" testListId="8c84fa94-04c1-424b-9868-57a2d4851a1d" relativeResultsDirectory="965211cf-cc99-46d4-8445-a9c57b0a8a5a">
      <Output>
        <ErrorInfo>
          <Message>Expected loadedConfig.RepositoryUrl to be &lt;null&gt;, but found "".</Message>
          <StackTrace>   at FluentAssertions.Execution.XUnit2TestFramework.Throw(String message)&#xD;
   at FluentAssertions.Execution.TestFrameworkProvider.Throw(String message)&#xD;
   at FluentAssertions.Execution.DefaultAssertionStrategy.HandleFailure(String message)&#xD;
   at FluentAssertions.Execution.AssertionScope.FailWith(Func`1 failReasonFunc)&#xD;
   at FluentAssertions.Execution.AssertionScope.FailWith(Func`1 failReasonFunc)&#xD;
   at FluentAssertions.Execution.AssertionScope.FailWith(String message, Object[] args)&#xD;
   at FluentAssertions.Primitives.ReferenceTypeAssertions`2.BeNull(String because, Object[] becauseArgs)&#xD;
   at ElBruno.AspireMonitor.Tests.Configuration.RepositoryUrlValidationTests.RepositoryUrl_BackwardCompatibility_OldConfigWithoutRepositoryUrl() in C:\src\ElBruno.AspireMonitor\src\ElBruno.AspireMonitor.Tests\Configuration\RepositoryUrlValidationTests.cs:line 363&#xD;
   at System.Reflection.MethodBaseInvoker.InterpretedInvoke_Method(Object obj, IntPtr* args)&#xD;
   at System.Reflection.MethodBaseInvoker.InvokeWithNoArgs(Object obj, BindingFlags invokeAttr)</StackTrace>
        </ErrorInfo>
      </Output>
    </UnitTestResult>
    <UnitTestResult executionId="9b5703a0-db6f-4be6-ba49-e4d25e7c80ee" testId="9561222c-b523-c568-abeb-df62d13a61c1" testName="ElBruno.AspireMonitor.Tests.Services.ConfigurationServiceTests.ValidatePollingInterval_VariousValues_ValidatesCorrectly(interval: 0, shouldBeValid: False)" computerName="CPC-bruno-U7R9O" duration="00:00:00.0268521" startTime="2026-04-26T11:09:45.0732520-04:00" endTime="2026-04-26T11:09:45.0732520-04:00" testType="13cdc9d9-ddb5-4fa4-a97d-d965ccfc6d4b" outcome="Passed" testListId="8c84fa94-04c1-424b-9868-57a2d4851a1d" relativeResultsDirectory="9b5703a0-db6f-4be6-ba49-e4d25e7c80ee" />
    <UnitTestResult executionId="3f218488-142e-4aa4-b385-67c72ca5f452" testId="a31993ac-4525-3ba8-4c44-25db2eca046b" testName="ElBruno.AspireMonitor.Tests.Configuration.RepositoryUrlValidationTests.RepositoryUrl_WithFragment_ShouldBeValid" computerName="CPC-bruno-U7R9O" duration="00:00:00.0037114" startTime="2026-04-26T11:09:45.1049771-04:00" endTime="2026-04-26T11:09:45.1049771-04:00" testType="13cdc9d9-ddb5-4fa4-a97d-d965ccfc6d4b" outcome="Passed" testListId="8c84fa94-04c1-424b-9868-57a2d4851a1d" relativeResultsDirectory="3f218488-142e-4aa4-b385-67c72ca5f452" />
    <UnitTestResult executionId="733215b3-1ea2-45eb-bb0d-37003bb253cc" testId="1df302be-de5b-f7fd-c415-41b84a742a56" testName="ElBruno.AspireMonitor.Tests.Views.MiniMonitorUITests.MiniMonitor_Closes_WithoutAffectingMainWindow" computerName="CPC-bruno-U7R9O" duration="00:00:00.0094918" startTime="2026-04-26T11:09:45.1025773-04:00" endTime="2026-04-26T11:09:45.1025773-04:00" testType="13cdc9d9-ddb5-4fa4-a97d-d965ccfc6d4b" outcome="Passed" testListId="8c84fa94-04c1-424b-9868-57a2d4851a1d" relativeResultsDirectory="733215b3-1ea2-45eb-bb0d-37003bb253cc" />
    <UnitTestResult executionId="e91cdb6c-6b15-449a-b7a7-ecc90b0e5c46" testId="ec0d9c6b-f1a3-9f78-b64a-deef6c72bd68" testName="ElBruno.AspireMonitor.Tests.Configuration.RepositoryUrlValidationTests.RepositoryUrl_Whitespace_ShouldIndicateInvalid" computerName="CPC-bruno-U7R9O" duration="00:00:00.0035218" startTime="2026-04-26T11:09:45.1226732-04:00" endTime="2026-04-26T11:09:45.1226733-04:00" testType="13cdc9d9-ddb5-4fa4-a97d-d965ccfc6d4b" outcome="Passed" testListId="8c84fa94-04c1-424b-9868-57a2d4851a1d" relativeResultsDirectory="e91cdb6c-6b15-449a-b7a7-ecc90b0e5c46" />
    <UnitTestResult executionId="7483de4c-65df-4653-a6f2-7c824cf13392" testId="b9f0557a-8790-b83f-ad49-dafe2f1aa32d" testName="ElBruno.AspireMonitor.Tests.Services.StatusCalculatorTests.CalculateStatus_InWarningRange_ReturnsYellow(cpu: 75.5, memory: 80.200000000000003, expected: &quot;Yellow&quot;)" computerName="CPC-bruno-U7R9O" duration="00:00:00.0000136" startTime="2026-04-26T11:09:45.0986845-04:00" endTime="2026-04-26T11:09:45.0986846-04:00" testType="13cdc9d9-ddb5-4fa4-a97d-d965ccfc6d4b" outcome="Passed" testListId="8c84fa94-04c1-424b-9868-57a2d4851a1d" relativeResultsDirectory="7483de4c-65df-4653-a6f2-7c824cf13392" />
    <UnitTestResult executionId="e74316fe-0254-432f-8160-fbc7a62c9430" testId="a6d02424-2460-d120-ad6e-704bd7deb34d" testName="ElBruno.AspireMonitor.Tests.EdgeCaseTests.DuplicateResourceUrls_AreHandledCorrectly" computerName="CPC-bruno-U7R9O" duration="00:00:00.0084201" startTime="2026-04-26T11:09:45.1025291-04:00" endTime="2026-04-26T11:09:45.1025292-04:00" testType="13cdc9d9-ddb5-4fa4-a97d-d965ccfc6d4b" outcome="Passed" testListId="8c84fa94-04c1-424b-9868-57a2d4851a1d" relativeResultsDirectory="e74316fe-0254-432f-8160-fbc7a62c9430" />
    <UnitTestResult executionId="a0593c8e-3edc-4495-b9e6-86961f80086e" testId="4720e2c1-2190-7a1c-5d60-cdff218fee36" testName="ElBruno.AspireMonitor.Tests.Services.PollingServiceTests.PollingInterval_MaintainsAccuracy_OverTime" computerName="CPC-bruno-U7R9O" duration="00:00:00.5292178" startTime="2026-04-26T11:09:47.8807591-04:00" endTime="2026-04-26T11:09:47.8807594-04:00" testType="13cdc9d9-ddb5-4fa4-a97d-d965ccfc6d4b" outcome="Passed" testListId="8c84fa94-04c1-424b-9868-57a2d4851a1d" relativeResultsDirectory="a0593c8e-3edc-4495-b9e6-86961f80086e" />
    <UnitTestResult executionId="19bf6a02-c5d7-430c-b60e-1612f21b157b" testId="e784ff82-a077-3db4-e525-2939991ffe04" testName="ElBruno.AspireMonitor.Tests.IntegrationTests.PollingError_Updates_ErrorState" computerName="CPC-bruno-U7R9O" duration="00:00:00.0017217" startTime="2026-04-26T11:09:45.1244945-04:00" endTime="2026-04-26T11:09:45.1244947-04:00" testType="13cdc9d9-ddb5-4fa4-a97d-d965ccfc6d4b" outcome="Passed" testListId="8c84fa94-04c1-424b-9868-57a2d4851a1d" relativeResultsDirectory="19bf6a02-c5d7-430c-b60e-1612f21b157b" />
    <UnitTestResult executionId="4c32f020-8f24-4340-b114-45cde97c04c1" testId="5123eb58-0b06-d189-37dd-881d0fcccaf1" testName="ElBruno.AspireMonitor.Tests.Services.StatusCalculatorTests.CalculateStatus_ExceedsCritical_ReturnsRed(cpu: 91, memory: 50, expected: &quot;Red&quot;)" computerName="CPC-bruno-U7R9O" duration="00:00:00.0000113" startTime="2026-04-26T11:09:45.1013304-04:00" endTime="2026-04-26T11:09:45.1013304-04:00" testType="13cdc9d9-ddb5-4fa4-a97d-d965ccfc6d4b" outcome="Passed" testListId="8c84fa94-04c1-424b-9868-57a2d4851a1d" relativeResultsDirectory="4c32f020-8f24-4340-b114-45cde97c04c1" />
    <UnitTestResult executionId="54fd88eb-dd56-4de8-877f-7bd2e0248aca" testId="a353e315-7172-70f7-662a-680c316b8c84" testName="ElBruno.AspireMonitor.Tests.Services.AspireApiClientTests.GetResourcesAsync_SuccessfulResponse_ParsesCorrectly" computerName="CPC-bruno-U7R9O" duration="00:00:00.1705674" startTime="2026-04-26T11:09:45.1986859-04:00" endTime="2026-04-26T11:09:45.1986859-04:00" testType="13cdc9d9-ddb5-4fa4-a97d-d965ccfc6d4b" outcome="Passed" testListId="8c84fa94-04c1-424b-9868-57a2d4851a1d" relativeResultsDirectory="54fd88eb-dd56-4de8-877f-7bd2e0248aca" />
    <UnitTestResult executionId="ace55bc4-cb1a-4b5b-b014-db4d00196e2c" testId="e7a51b08-a1bd-dfcf-d983-7948e785ab6e" testName="ElBruno.AspireMonitor.Tests.IntegrationTests.ResourceEndpoint_ClickCommand_OpensUrl" computerName="CPC-bruno-U7R9O" duration="00:00:00.0029259" startTime="2026-04-26T11:09:45.1153675-04:00" endTime="2026-04-26T11:09:45.1153675-04:00" testType="13cdc9d9-ddb5-4fa4-a97d-d965ccfc6d4b" outcome="Passed" testListId="8c84fa94-04c1-424b-9868-57a2d4851a1d" relativeResultsDirectory="ace55bc4-cb1a-4b5b-b014-db4d00196e2c" />
    <UnitTestResult executionId="3939cf64-fd29-4d59-a099-9f517be60db2" testId="cd84dbe7-5c08-ee77-f26d-4c6f61e72b62" testName="ElBruno.AspireMonitor.Tests.Services.ConfigurationServiceTests.LoadConfiguration_ValidFile_ReturnsConfiguration" computerName="CPC-bruno-U7R9O" duration="00:00:00.0061195" startTime="2026-04-26T11:09:45.1342145-04:00" endTime="2026-04-26T11:09:45.1342148-04:00" testType="13cdc9d9-ddb5-4fa4-a97d-d965ccfc6d4b" outcome="Passed" testListId="8c84fa94-04c1-424b-9868-57a2d4851a1d" relativeResultsDirectory="3939cf64-fd29-4d59-a099-9f517be60db2" />
    <UnitTestResult executionId="818c915f-f6e3-48e3-82e4-d94e0f2a63c7" testId="2f9061f5-a0bd-d300-b22b-c0d2930bd8e2" testName="ElBruno.AspireMonitor.Tests.Views.MainWindowUITests.MainWindow_MaximizeButton_Success" computerName="CPC-bruno-U7R9O" duration="00:00:00.0016000" startTime="2026-04-26T11:09:45.1100253-04:00" endTime="2026-04-26T11:09:45.1100253-04:00" testType="13cdc9d9-ddb5-4fa4-a97d-d965ccfc6d4b" outcome="Passed" testListId="8c84fa94-04c1-424b-9868-57a2d4851a1d" relativeResultsDirectory="818c915f-f6e3-48e3-82e4-d94e0f2a63c7" />
    <UnitTestResult executionId="659a29c0-a147-4bfd-8c34-9a8c6c9240ce" testId="73515af1-8de2-ab3d-f150-6a697cd4ee45" testName="ElBruno.AspireMonitor.Tests.Services.StatusCalculatorTests.CalculateStatus_EdgeCases_HandledCorrectly(cpu: 100, memory: 100, customThreshold: 100, expected: &quot;Yellow&quot;)" computerName="CPC-bruno-U7R9O" duration="00:00:00.0007519" startTime="2026-04-26T11:09:45.0996746-04:00" endTime="2026-04-26T11:09:45.0996749-04:00" testType="13cdc9d9-ddb5-4fa4-a97d-d965ccfc6d4b" outcome="Passed" testListId="8c84fa94-04c1-424b-9868-57a2d4851a1d" relativeResultsDirectory="659a29c0-a147-4bfd-8c34-9a8c6c9240ce" />
    <UnitTestResult executionId="a7f2743a-1722-429a-a3f6-849211e23db2" testId="41f78354-e4fd-f84f-80c6-8cdd15679234" testName="ElBruno.AspireMonitor.Tests.Views.MiniMonitorUITests.MiniMonitor_StaysOnTop_WhenOtherWindowsOpen" computerName="CPC-bruno-U7R9O" duration="00:00:00.0008851" startTime="2026-04-26T11:09:45.1026733-04:00" endTime="2026-04-26T11:09:45.1026734-04:00" testType="13cdc9d9-ddb5-4fa4-a97d-d965ccfc6d4b" outcome="Passed" testListId="8c84fa94-04c1-424b-9868-57a2d4851a1d" relativeResultsDirectory="a7f2743a-1722-429a-a3f6-849211e23db2" />
    <UnitTestResult executionId="52fa6c81-2940-4380-8b5c-e50905f63bd2" testId="7423c92e-8e91-c0f4-29ea-83e98e4052fe" testName="ElBruno.AspireMonitor.Tests.Views.MiniMonitorUITests.MiniMonitor_IsDraggable" computerName="CPC-bruno-U7R9O" duration="00:00:00.0225393" startTime="2026-04-26T11:09:45.0731198-04:00" endTime="2026-04-26T11:09:45.0731200-04:00" testType="13cdc9d9-ddb5-4fa4-a97d-d965ccfc6d4b" outcome="Passed" testListId="8c84fa94-04c1-424b-9868-57a2d4851a1d" relativeResultsDirectory="52fa6c81-2940-4380-8b5c-e50905f63bd2" />
    <UnitTestResult executionId="43a4da6e-ef5d-4766-861b-5dcffa633966" testId="d68fdf4a-de69-1045-a4d1-4ae6e4f1a099" testName="ElBruno.AspireMonitor.Tests.Views.AppStartupTests.MainWindow_Has_No_Settings_Button" computerName="CPC-bruno-U7R9O" duration="00:00:00.0003664" startTime="2026-04-26T11:09:45.1980809-04:00" endTime="2026-04-26T11:09:45.1980811-04:00" testType="13cdc9d9-ddb5-4fa4-a97d-d965ccfc6d4b" outcome="Passed" testListId="8c84fa94-04c1-424b-9868-57a2d4851a1d" relativeResultsDirectory="43a4da6e-ef5d-4766-861b-5dcffa633966" />
    <UnitTestResult executionId="29a2d7bf-de00-4a9e-971b-66330d993903" testId="fa6bac59-e86e-b3d5-e79c-fa8e50683419" testName="ElBruno.AspireMonitor.Tests.Views.MiniMonitorUITests.MiniMonitor_VersionDisplay_Visible" computerName="CPC-bruno-U7R9O" duration="00:00:00.0002567" startTime="2026-04-26T11:09:46.6880124-04:00" endTime="2026-04-26T11:09:46.6880125-04:00" testType="13cdc9d9-ddb5-4fa4-a97d-d965ccfc6d4b" outcome="Passed" testListId="8c84fa94-04c1-424b-9868-57a2d4851a1d" relativeResultsDirectory="29a2d7bf-de00-4a9e-971b-66330d993903" />
    <UnitTestResult executionId="ab999302-0b40-4c06-a712-22dde1093ab6" testId="c09f145f-04d9-8a81-67a3-3c138a5699cc" testName="ElBruno.AspireMonitor.Tests.Views.SystemTrayContextMenuTests.ContextMenu_GitHubOption_UsesProcessStart_Correctly" computerName="CPC-bruno-U7R9O" duration="00:00:00.0015499" startTime="2026-04-26T11:09:45.1100491-04:00" endTime="2026-04-26T11:09:45.1100492-04:00" testType="13cdc9d9-ddb5-4fa4-a97d-d965ccfc6d4b" outcome="Passed" testListId="8c84fa94-04c1-424b-9868-57a2d4851a1d" relativeResultsDirectory="ab999302-0b40-4c06-a712-22dde1093ab6" />
    <UnitTestResult executionId="f66f32e0-a4c9-4d73-91d8-ec8fdd7964ab" testId="98df934f-3a69-7d45-c194-36afa63f8912" testName="ElBruno.AspireMonitor.Tests.Configuration.RepositoryUrlValidationTests.RepositoryUrl_OnlySlashes_ShouldIndicateInvalid" computerName="CPC-bruno-U7R9O" duration="00:00:00.0040632" startTime="2026-04-26T11:09:45.1127618-04:00" endTime="2026-04-26T11:09:45.1127620-04:00" testType="13cdc9d9-ddb5-4fa4-a97d-d965ccfc6d4b" outcome="Passed" testListId="8c84fa94-04c1-424b-9868-57a2d4851a1d" relativeResultsDirectory="f66f32e0-a4c9-4d73-91d8-ec8fdd7964ab" />
    <UnitTestResult executionId="8a7a71b6-2e46-44ff-8561-46413bc5a091" testId="e1d93baf-b782-fcc8-f37a-87a810bdb1fa" testName="ElBruno.AspireMonitor.Tests.Views.SystemTrayContextMenuTests.ContextMenu_GitHubOption_DisabledWhenOffline" computerName="CPC-bruno-U7R9O" duration="00:00:00.0011431" startTime="2026-04-26T11:09:45.1047647-04:00" endTime="2026-04-26T11:09:45.1047648-04:00" testType="13cdc9d9-ddb5-4fa4-a97d-d965ccfc6d4b" outcome="Passed" testListId="8c84fa94-04c1-424b-9868-57a2d4851a1d" relativeResultsDirectory="8a7a71b6-2e46-44ff-8561-46413bc5a091" />
    <UnitTestResult executionId="b6e92039-4dfb-4cfd-9386-9cd4895d120e" testId="88ee6235-66e7-608d-1c7d-0d33ee977d16" testName="ElBruno.AspireMonitor.Tests.Services.PollingServiceTests.StateTransitions_HandleCorrectly_ThroughLifecycle" computerName="CPC-bruno-U7R9O" duration="00:00:00.1845692" startTime="2026-04-26T11:09:48.0655463-04:00" endTime="2026-04-26T11:09:48.0655467-04:00" testType="13cdc9d9-ddb5-4fa4-a97d-d965ccfc6d4b" outcome="Passed" testListId="8c84fa94-04c1-424b-9868-57a2d4851a1d" relativeResultsDirectory="b6e92039-4dfb-4cfd-9386-9cd4895d120e" />
    <UnitTestResult executionId="b4c2fca8-a4fb-4056-a8a5-181fda85e07d" testId="1d4efd39-3b5f-f6de-da2b-e0ba7c3fea55" testName="ElBruno.AspireMonitor.Tests.Configuration.ProjectFolderValidationTests.ProjectFolder_BackwardCompatibility_OldConfigWithoutProjectFolder" computerName="CPC-bruno-U7R9O" duration="00:00:00.0588885" startTime="2026-04-26T11:09:45.1971193-04:00" endTime="2026-04-26T11:09:45.1971195-04:00" testType="13cdc9d9-ddb5-4fa4-a97d-d965ccfc6d4b" outcome="Failed" testListId="8c84fa94-04c1-424b-9868-57a2d4851a1d" relativeResultsDirectory="b4c2fca8-a4fb-4056-a8a5-181fda85e07d">
      <Output>
        <ErrorInfo>
          <Message>Expected loadedConfig.ProjectFolder to be &lt;null&gt;, but found "".</Message>
          <StackTrace>   at FluentAssertions.Execution.XUnit2TestFramework.Throw(String message)&#xD;
   at FluentAssertions.Execution.TestFrameworkProvider.Throw(String message)&#xD;
   at FluentAssertions.Execution.DefaultAssertionStrategy.HandleFailure(String message)&#xD;
   at FluentAssertions.Execution.AssertionScope.FailWith(Func`1 failReasonFunc)&#xD;
   at FluentAssertions.Execution.AssertionScope.FailWith(Func`1 failReasonFunc)&#xD;
   at FluentAssertions.Execution.AssertionScope.FailWith(String message, Object[] args)&#xD;
   at FluentAssertions.Primitives.ReferenceTypeAssertions`2.BeNull(String because, Object[] becauseArgs)&#xD;
   at ElBruno.AspireMonitor.Tests.Configuration.ProjectFolderValidationTests.ProjectFolder_BackwardCompatibility_OldConfigWithoutProjectFolder() in C:\src\ElBruno.AspireMonitor\src\ElBruno.AspireMonitor.Tests\Configuration\ProjectFolderValidationTests.cs:line 303&#xD;
   at System.Reflection.MethodBaseInvoker.InterpretedInvoke_Method(Object obj, IntPtr* args)&#xD;
   at System.Reflection.MethodBaseInvoker.InvokeWithNoArgs(Object obj, BindingFlags invokeAttr)</StackTrace>
        </ErrorInfo>
      </Output>
    </UnitTestResult>
    <UnitTestResult executionId="6142c5ec-f728-4329-a91c-27d1f713b46d" testId="9f4fd773-3dbd-501d-7f83-886172b9c399" testName="ElBruno.AspireMonitor.Tests.IntegrationTests.Configuration_PersistsAcrossRestarts_Successfully" computerName="CPC-bruno-U7R9O" duration="00:00:00.0155448" startTime="2026-04-26T11:09:45.1226410-04:00" endTime="2026-04-26T11:09:45.1226413-04:00" testType="13cdc9d9-ddb5-4fa4-a97d-d965ccfc6d4b" outcome="Passed" testListId="8c84fa94-04c1-424b-9868-57a2d4851a1d" relativeResultsDirectory="6142c5ec-f728-4329-a91c-27d1f713b46d" />
    <UnitTestResult executionId="f2088749-dcc5-4fa1-9411-a88f49a68a98" testId="7c96e8c9-9d95-acf8-8477-7dba89321e8b" testName="ElBruno.AspireMonitor.Tests.Services.PollingServiceTests.OnError_RetriesWithBackoff_AndRecovers" computerName="CPC-bruno-U7R9O" duration="00:00:01.0235414" startTime="2026-04-26T11:09:46.7167912-04:00" endTime="2026-04-26T11:09:46.7167917-04:00" testType="13cdc9d9-ddb5-4fa4-a97d-d965ccfc6d4b" outcome="Passed" testListId="8c84fa94-04c1-424b-9868-57a2d4851a1d" relativeResultsDirectory="f2088749-dcc5-4fa1-9411-a88f49a68a98" />
    <UnitTestResult executionId="408d5434-2b02-40a3-8fe3-e7f9076153f1" testId="b3686599-da8c-39c5-f159-8ad34fb57639" testName="ElBruno.AspireMonitor.Tests.Views.MainWindowUITests.MainWindow_MinimizeButton_Successfully" computerName="CPC-bruno-U7R9O" duration="00:00:00.0004139" startTime="2026-04-26T11:09:45.1084766-04:00" endTime="2026-04-26T11:09:45.1084766-04:00" testType="13cdc9d9-ddb5-4fa4-a97d-d965ccfc6d4b" outcome="Passed" testListId="8c84fa94-04c1-424b-9868-57a2d4851a1d" relativeResultsDirectory="408d5434-2b02-40a3-8fe3-e7f9076153f1" />
    <UnitTestResult executionId="6627b60f-f2d7-4ad2-a810-e308dcea87f7" testId="825ae8e1-1c58-010a-0afc-6d7b86430631" testName="ElBruno.AspireMonitor.Tests.Configuration.ProjectFolderRepositoryUrlIntegrationTests.SaveAndLoad_OnlyProjectFolder_ShouldPersistWithNullRepositoryUrl" computerName="CPC-bruno-U7R9O" duration="00:00:00.0071288" startTime="2026-04-26T11:09:45.1152377-04:00" endTime="2026-04-26T11:09:45.1152377-04:00" testType="13cdc9d9-ddb5-4fa4-a97d-d965ccfc6d4b" outcome="Passed" testListId="8c84fa94-04c1-424b-9868-57a2d4851a1d" relativeResultsDirectory="6627b60f-f2d7-4ad2-a810-e308dcea87f7" />
    <UnitTestResult executionId="06dd7e26-e97e-4bff-a7f4-c099b88e8e1c" testId="3702334a-fbae-6c6e-ce12-68ca373462de" testName="ElBruno.AspireMonitor.Tests.Services.ConfigurationServiceTests.ValidateEndpoint_VariousFormats_ValidatesCorrectly(endpoint: &quot;https://aspire.example.com&quot;, shouldBeValid: True)" computerName="CPC-bruno-U7R9O" duration="00:00:00.0016876" startTime="2026-04-26T11:09:45.1419511-04:00" endTime="2026-04-26T11:09:45.1419512-04:00" testType="13cdc9d9-ddb5-4fa4-a97d-d965ccfc6d4b" outcome="Passed" testListId="8c84fa94-04c1-424b-9868-57a2d4851a1d" relativeResultsDirectory="06dd7e26-e97e-4bff-a7f4-c099b88e8e1c" />
    <UnitTestResult executionId="80bb2a37-b12b-4fce-af25-daf538639bab" testId="b6b97ac6-1eb3-33e8-bdee-7c4a5dd10d25" testName="ElBruno.AspireMonitor.Tests.EdgeCaseTests.ApiTimeout_RetriesAndUsesLastKnownState" computerName="CPC-bruno-U7R9O" duration="00:00:00.0246734" startTime="2026-04-26T11:09:45.0705755-04:00" endTime="2026-04-26T11:09:45.0705756-04:00" testType="13cdc9d9-ddb5-4fa4-a97d-d965ccfc6d4b" outcome="Passed" testListId="8c84fa94-04c1-424b-9868-57a2d4851a1d" relativeResultsDirectory="80bb2a37-b12b-4fce-af25-daf538639bab" />
    <UnitTestResult executionId="996de14c-476d-4bcd-9203-32e6f61a12e4" testId="54dc8c66-4178-f12d-5179-2a06d43cae95" testName="ElBruno.AspireMonitor.Tests.Services.StatusCalculatorTests.CalculateStatus_EdgeCases_HandledCorrectly(cpu: 0, memory: 0, customThreshold: 100, expected: &quot;Green&quot;)" computerName="CPC-bruno-U7R9O" duration="00:00:00.0000088" startTime="2026-04-26T11:09:45.0998392-04:00" endTime="2026-04-26T11:09:45.0998392-04:00" testType="13cdc9d9-ddb5-4fa4-a97d-d965ccfc6d4b" outcome="Passed" testListId="8c84fa94-04c1-424b-9868-57a2d4851a1d" relativeResultsDirectory="996de14c-476d-4bcd-9203-32e6f61a12e4" />
    <UnitTestResult executionId="ab44a32c-358c-4ba6-9430-b3b5cdca597a" testId="42da7043-572e-a720-128e-5d9a3e82e699" testName="ElBruno.AspireMonitor.Tests.Views.AppStartupTests.MainWindow_Has_Only_Refresh_Close_Mini_Monitor_Buttons" computerName="CPC-bruno-U7R9O" duration="00:00:00.0044028" startTime="2026-04-26T11:09:45.1987953-04:00" endTime="2026-04-26T11:09:45.1987953-04:00" testType="13cdc9d9-ddb5-4fa4-a97d-d965ccfc6d4b" outcome="Passed" testListId="8c84fa94-04c1-424b-9868-57a2d4851a1d" relativeResultsDirectory="ab44a32c-358c-4ba6-9430-b3b5cdca597a" />
    <UnitTestResult executionId="4def5e20-62c3-49b2-b8cd-17a14ec5ee5a" testId="e1f8ca7d-4a32-3271-9c9f-12019cae4f7e" testName="ElBruno.AspireMonitor.Tests.Configuration.ProjectFolderValidationTests.ProjectFolder_WithSpacesInPath_ShouldBeValid" computerName="CPC-bruno-U7R9O" duration="00:00:00.0056182" startTime="2026-04-26T11:09:45.1162009-04:00" endTime="2026-04-26T11:09:45.1162010-04:00" testType="13cdc9d9-ddb5-4fa4-a97d-d965ccfc6d4b" outcome="Passed" testListId="8c84fa94-04c1-424b-9868-57a2d4851a1d" relativeResultsDirectory="4def5e20-62c3-49b2-b8cd-17a14ec5ee5a" />
    <UnitTestResult executionId="9df8ea24-4299-4461-bda8-956f0e6f20ce" testId="eef090ec-0eb4-1f49-c3d8-01890c8b2912" testName="ElBruno.AspireMonitor.Tests.Views.MiniMonitorUITests.MiniMonitor_Closes_Cleanly" computerName="CPC-bruno-U7R9O" duration="00:00:00.0004014" startTime="2026-04-26T11:09:46.6861492-04:00" endTime="2026-04-26T11:09:46.6861495-04:00" testType="13cdc9d9-ddb5-4fa4-a97d-d965ccfc6d4b" outcome="Passed" testListId="8c84fa94-04c1-424b-9868-57a2d4851a1d" relativeResultsDirectory="9df8ea24-4299-4461-bda8-956f0e6f20ce" />
    <UnitTestResult executionId="05caa348-5041-4488-9cb1-e09fc6e019c9" testId="4a69254d-d60b-1438-a963-f5fe61646a07" testName="ElBruno.AspireMonitor.Tests.Configuration.RepositoryUrlValidationTests.RepositoryUrl_SaveAndLoadWithQueryParams_ShouldPreserveUrl" computerName="CPC-bruno-U7R9O" duration="00:00:00.0041655" startTime="2026-04-26T11:09:45.2072020-04:00" endTime="2026-04-26T11:09:45.2072023-04:00" testType="13cdc9d9-ddb5-4fa4-a97d-d965ccfc6d4b" outcome="Passed" testListId="8c84fa94-04c1-424b-9868-57a2d4851a1d" relativeResultsDirectory="05caa348-5041-4488-9cb1-e09fc6e019c9" />
    <UnitTestResult executionId="f5b1099f-0037-4bf3-81db-f372d4f543e0" testId="42135273-cd6b-92c3-be2e-ece6fb7ed1a0" testName="ElBruno.AspireMonitor.Tests.Views.MiniMonitorUITests.MiniMonitor_VersionDisplay_MatchesMainWindow" computerName="CPC-bruno-U7R9O" duration="00:00:00.0038844" startTime="2026-04-26T11:09:45.1072497-04:00" endTime="2026-04-26T11:09:45.1072498-04:00" testType="13cdc9d9-ddb5-4fa4-a97d-d965ccfc6d4b" outcome="Passed" testListId="8c84fa94-04c1-424b-9868-57a2d4851a1d" relativeResultsDirectory="f5b1099f-0037-4bf3-81db-f372d4f543e0" />
    <UnitTestResult executionId="68e2b855-0cb9-4fde-8b63-45b1dc69eb09" testId="fb59c397-be75-6cea-fb09-092ae6a3e34b" testName="ElBruno.AspireMonitor.Tests.Views.AppStartupTests.MainWindow_Hidden_But_Services_Running" computerName="CPC-bruno-U7R9O" duration="00:00:00.0021675" startTime="2026-04-26T11:09:45.1098969-04:00" endTime="2026-04-26T11:09:45.1098970-04:00" testType="13cdc9d9-ddb5-4fa4-a97d-d965ccfc6d4b" outcome="Passed" testListId="8c84fa94-04c1-424b-9868-57a2d4851a1d" relativeResultsDirectory="68e2b855-0cb9-4fde-8b63-45b1dc69eb09" />
    <UnitTestResult executionId="b347b82e-61fe-48d7-96f1-bae4ec2ac324" testId="bbcf6f28-e40d-1d06-8c9f-99728a5b23cd" testName="ElBruno.AspireMonitor.Tests.Services.StatusCalculatorTests.CalculateStatus_ExceedsCritical_ReturnsRed(cpu: 50, memory: 95, expected: &quot;Red&quot;)" computerName="CPC-bruno-U7R9O" duration="00:00:00.0000060" startTime="2026-04-26T11:09:45.1012899-04:00" endTime="2026-04-26T11:09:45.1012899-04:00" testType="13cdc9d9-ddb5-4fa4-a97d-d965ccfc6d4b" outcome="Passed" testListId="8c84fa94-04c1-424b-9868-57a2d4851a1d" relativeResultsDirectory="b347b82e-61fe-48d7-96f1-bae4ec2ac324" />
    <UnitTestResult executionId="6c714c25-07b6-45e8-a8d3-27bb76ebb068" testId="4e8c52f8-bfc2-2d5a-8fd5-4541d88e7d7c" testName="ElBruno.AspireMonitor.Tests.EdgeCaseTests.VeryLongResourceNames_TruncateInUI" computerName="CPC-bruno-U7R9O" duration="00:00:00.0007417" startTime="2026-04-26T11:09:45.2692426-04:00" endTime="2026-04-26T11:09:45.2692430-04:00" testType="13cdc9d9-ddb5-4fa4-a97d-d965ccfc6d4b" outcome="Passed" testListId="8c84fa94-04c1-424b-9868-57a2d4851a1d" relativeResultsDirectory="6c714c25-07b6-45e8-a8d3-27bb76ebb068" />
    <UnitTestResult executionId="9c61507c-813b-4288-bda3-d086c88ac60b" testId="bc0bf03c-3188-b0aa-f016-ea3f167d9da7" testName="ElBruno.AspireMonitor.Tests.Configuration.RepositoryUrlValidationTests.RepositoryUrl_WithQueryParamsAndFragment_ShouldBeValid" computerName="CPC-bruno-U7R9O" duration="00:00:00.0038565" startTime="2026-04-26T11:09:45.1011651-04:00" endTime="2026-04-26T11:09:45.1011652-04:00" testType="13cdc9d9-ddb5-4fa4-a97d-d965ccfc6d4b" outcome="Passed" testListId="8c84fa94-04c1-424b-9868-57a2d4851a1d" relativeResultsDirectory="9c61507c-813b-4288-bda3-d086c88ac60b" />
    <UnitTestResult executionId="11aa832b-8059-43d0-b535-cd80058d7433" testId="065b58b9-d717-2bbd-140a-608d28b1376d" testName="ElBruno.AspireMonitor.Tests.EdgeCaseTests.LargeResourceList_1000Plus_PerformsWell" computerName="CPC-bruno-U7R9O" duration="00:00:00.0015017" startTime="2026-04-26T11:09:45.2708064-04:00" endTime="2026-04-26T11:09:45.2708065-04:00" testType="13cdc9d9-ddb5-4fa4-a97d-d965ccfc6d4b" outcome="Passed" testListId="8c84fa94-04c1-424b-9868-57a2d4851a1d" relativeResultsDirectory="11aa832b-8059-43d0-b535-cd80058d7433" />
    <UnitTestResult executionId="02feeded-3e99-40cc-8bcf-713dde0930cc" testId="2efd00f4-0d25-0a67-8eac-843586665190" testName="ElBruno.AspireMonitor.Tests.Services.StatusCalculatorTests.CalculateStatus_EdgeCases_HandledCorrectly(cpu: 50, memory: 50, customThreshold: 50, expected: &quot;Yellow&quot;)" computerName="CPC-bruno-U7R9O" duration="00:00:00.0005122" startTime="2026-04-26T11:09:45.0997663-04:00" endTime="2026-04-26T11:09:45.0997664-04:00" testType="13cdc9d9-ddb5-4fa4-a97d-d965ccfc6d4b" outcome="Passed" testListId="8c84fa94-04c1-424b-9868-57a2d4851a1d" relativeResultsDirectory="02feeded-3e99-40cc-8bcf-713dde0930cc" />
    <UnitTestResult executionId="ebe0841c-2c13-4e7f-a06a-b7539201b79d" testId="91d7ecd8-07a9-474f-b2c7-17923cc8c0e8" testName="ElBruno.AspireMonitor.Tests.Views.MiniMonitorUITests.MiniMonitor_RefreshRate_Reasonable" computerName="CPC-bruno-U7R9O" duration="00:00:01.6066433" startTime="2026-04-26T11:09:46.6851981-04:00" endTime="2026-04-26T11:09:46.6851988-04:00" testType="13cdc9d9-ddb5-4fa4-a97d-d965ccfc6d4b" outcome="Passed" testListId="8c84fa94-04c1-424b-9868-57a2d4851a1d" relativeResultsDirectory="ebe0841c-2c13-4e7f-a06a-b7539201b79d" />
    <UnitTestResult executionId="35e04186-2da7-4376-967e-dce45647df14" testId="51a9e198-01ab-9c66-0f8f-70eee6ff2872" testName="ElBruno.AspireMonitor.Tests.Configuration.RepositoryUrlValidationTests.RepositoryUrl_PlainText_ShouldIndicateInvalid" computerName="CPC-bruno-U7R9O" duration="00:00:00.0039729" startTime="2026-04-26T11:09:45.1062746-04:00" endTime="2026-04-26T11:09:45.1062747-04:00" testType="13cdc9d9-ddb5-4fa4-a97d-d965ccfc6d4b" outcome="Passed" testListId="8c84fa94-04c1-424b-9868-57a2d4851a1d" relativeResultsDirectory="35e04186-2da7-4376-967e-dce45647df14" />
    <UnitTestResult executionId="4e5cddc3-194a-41cd-817c-06bcde8a55e1" testId="d59963be-7a2b-6dd3-7e42-4a5e855a8df7" testName="ElBruno.AspireMonitor.Tests.Configuration.ProjectFolderRepositoryUrlIntegrationTests.Load_OldConfigFile_WithoutBothNewFields_ShouldUseDefaults" computerName="CPC-bruno-U7R9O" duration="00:00:00.0193539" startTime="2026-04-26T11:09:45.1963307-04:00" endTime="2026-04-26T11:09:45.1963309-04:00" testType="13cdc9d9-ddb5-4fa4-a97d-d965ccfc6d4b" outcome="Failed" testListId="8c84fa94-04c1-424b-9868-57a2d4851a1d" relativeResultsDirectory="4e5cddc3-194a-41cd-817c-06bcde8a55e1">
      <Output>
        <ErrorInfo>
          <Message>Expected loadedConfig.ProjectFolder to be &lt;null&gt;, but found "".</Message>
          <StackTrace>   at FluentAssertions.Execution.XUnit2TestFramework.Throw(String message)&#xD;
   at FluentAssertions.Execution.TestFrameworkProvider.Throw(String message)&#xD;
   at FluentAssertions.Execution.DefaultAssertionStrategy.HandleFailure(String message)&#xD;
   at FluentAssertions.Execution.AssertionScope.FailWith(Func`1 failReasonFunc)&#xD;
   at FluentAssertions.Execution.AssertionScope.FailWith(Func`1 failReasonFunc)&#xD;
   at FluentAssertions.Execution.AssertionScope.FailWith(String message, Object[] args)&#xD;
   at FluentAssertions.Primitives.ReferenceTypeAssertions`2.BeNull(String because, Object[] becauseArgs)&#xD;
   at ElBruno.AspireMonitor.Tests.Configuration.ProjectFolderRepositoryUrlIntegrationTests.Load_OldConfigFile_WithoutBothNewFields_ShouldUseDefaults() in C:\src\ElBruno.AspireMonitor\src\ElBruno.AspireMonitor.Tests\Configuration\ProjectFolderRepositoryUrlIntegrationTests.cs:line 141&#xD;
   at System.Reflection.MethodBaseInvoker.InterpretedInvoke_Method(Object obj, IntPtr* args)&#xD;
   at System.Reflection.MethodBaseInvoker.InvokeWithNoArgs(Object obj, BindingFlags invokeAttr)</StackTrace>
        </ErrorInfo>
      </Output>
    </UnitTestResult>
    <UnitTestResult executionId="225efd65-d410-427e-a9bc-796cf9dc6cae" testId="275bb285-6c5c-06e9-b01a-d50152d8042f" testName="ElBruno.AspireMonitor.Tests.Services.StatusCalculatorTests.CalculateStatus_OnError_ReturnsUnknown" computerName="CPC-bruno-U7R9O" duration="00:00:00.0003401" startTime="2026-04-26T11:09:45.1020041-04:00" endTime="2026-04-26T11:09:45.1020041-04:00" testType="13cdc9d9-ddb5-4fa4-a97d-d965ccfc6d4b" outcome="Passed" testListId="8c84fa94-04c1-424b-9868-57a2d4851a1d" relativeResultsDirectory="225efd65-d410-427e-a9bc-796cf9dc6cae" />
    <UnitTestResult executionId="8363f823-175f-49b9-964b-b31162ec77d9" testId="e06fb24d-3978-9b0c-dff0-f82d85b761cb" testName="ElBruno.AspireMonitor.Tests.Views.MiniMonitorUITests.MiniMonitor_ShowsMinimalMetrics_ResourceCount" computerName="CPC-bruno-U7R9O" duration="00:00:00.0001637" startTime="2026-04-26T11:09:46.6885099-04:00" endTime="2026-04-26T11:09:46.6885100-04:00" testType="13cdc9d9-ddb5-4fa4-a97d-d965ccfc6d4b" outcome="Passed" testListId="8c84fa94-04c1-424b-9868-57a2d4851a1d" relativeResultsDirectory="8363f823-175f-49b9-964b-b31162ec77d9" />
    <UnitTestResult executionId="cf5af761-76fc-4909-88b2-7cbedf249600" testId="6dfe8e32-9f8f-e308-b2a3-0087f14b572e" testName="ElBruno.AspireMonitor.Tests.Views.MainWindowUITests.MainWindow_MinimizeButton_WindowRestoresFromTray" computerName="CPC-bruno-U7R9O" duration="00:00:00.0007873" startTime="2026-04-26T11:09:45.1086093-04:00" endTime="2026-04-26T11:09:45.1086093-04:00" testType="13cdc9d9-ddb5-4fa4-a97d-d965ccfc6d4b" outcome="Passed" testListId="8c84fa94-04c1-424b-9868-57a2d4851a1d" relativeResultsDirectory="cf5af761-76fc-4909-88b2-7cbedf249600" />
    <UnitTestResult executionId="10fdb873-aca3-4c5b-8259-6261dd90f46c" testId="cee405ed-e6b9-56a6-30ff-05490466fe40" testName="ElBruno.AspireMonitor.Tests.Views.AppStartupTests.Minimize_MainWindow_Goes_To_Tray" computerName="CPC-bruno-U7R9O" duration="00:00:00.0354953" startTime="2026-04-26T11:09:45.1955474-04:00" endTime="2026-04-26T11:09:45.1955476-04:00" testType="13cdc9d9-ddb5-4fa4-a97d-d965ccfc6d4b" outcome="Failed" testListId="8c84fa94-04c1-424b-9868-57a2d4851a1d" relativeResultsDirectory="10fdb873-aca3-4c5b-8259-6261dd90f46c">
      <Output>
        <ErrorInfo>
          <Message>Expected window.Visibility to be Visibility.Hidden {value: 1} because minimized window should be hidden (goes to tray), but found Visibility.Visible {value: 0}.</Message>
          <StackTrace>   at FluentAssertions.Execution.XUnit2TestFramework.Throw(String message)&#xD;
   at FluentAssertions.Execution.TestFrameworkProvider.Throw(String message)&#xD;
   at FluentAssertions.Execution.DefaultAssertionStrategy.HandleFailure(String message)&#xD;
   at FluentAssertions.Execution.AssertionScope.FailWith(Func`1 failReasonFunc)&#xD;
   at FluentAssertions.Execution.AssertionScope.FailWith(Func`1 failReasonFunc)&#xD;
   at FluentAssertions.Execution.AssertionScope.FailWith(String message, Object[] args)&#xD;
   at FluentAssertions.Primitives.EnumAssertions`2.Be(TEnum expected, String because, Object[] becauseArgs)&#xD;
   at ElBruno.AspireMonitor.Tests.Views.AppStartupTests.Minimize_MainWindow_Goes_To_Tray() in C:\src\ElBruno.AspireMonitor\src\ElBruno.AspireMonitor.Tests\Views\AppStartupTests.cs:line 517&#xD;
   at System.Reflection.MethodBaseInvoker.InterpretedInvoke_Method(Object obj, IntPtr* args)&#xD;
   at System.Reflection.MethodBaseInvoker.InvokeWithNoArgs(Object obj, BindingFlags invokeAttr)</StackTrace>
        </ErrorInfo>
      </Output>
    </UnitTestResult>
    <UnitTestResult executionId="a2f16b53-daae-4ca2-a62e-1d705bd2f419" testId="2589b2d6-56c2-129c-5d56-c2fcac218d6a" testName="ElBruno.AspireMonitor.Tests.Views.SystemTrayContextMenuTests.ContextMenu_DetailsOption_AlwaysEnabled" computerName="CPC-bruno-U7R9O" duration="00:00:00.0007370" startTime="2026-04-26T11:09:45.1073364-04:00" endTime="2026-04-26T11:09:45.1073365-04:00" testType="13cdc9d9-ddb5-4fa4-a97d-d965ccfc6d4b" outcome="Passed" testListId="8c84fa94-04c1-424b-9868-57a2d4851a1d" relativeResultsDirectory="a2f16b53-daae-4ca2-a62e-1d705bd2f419" />
    <UnitTestResult executionId="50a303bc-a810-47e1-97ca-b2d1607c4d81" testId="38c6026b-d8d4-ab63-95dc-57fbee699d97" testName="ElBruno.AspireMonitor.Tests.Configuration.RepositoryUrlValidationTests.RepositoryUrl_ResetToNull_ShouldClearPreviousValue" computerName="CPC-bruno-U7R9O" duration="00:00:00.0021218" startTime="2026-04-26T11:09:45.2121817-04:00" endTime="2026-04-26T11:09:45.2121819-04:00" testType="13cdc9d9-ddb5-4fa4-a97d-d965ccfc6d4b" outcome="Passed" testListId="8c84fa94-04c1-424b-9868-57a2d4851a1d" relativeResultsDirectory="50a303bc-a810-47e1-97ca-b2d1607c4d81" />
    <UnitTestResult executionId="4b14c932-6a5d-4a0f-9741-c7af5f2dbab9" testId="da5ddfc7-19fd-a389-ad94-8c2462679628" testName="ElBruno.AspireMonitor.Tests.Views.SystemTrayContextMenuTests.ContextMenu_ExitOption_AlwaysEnabled" computerName="CPC-bruno-U7R9O" duration="00:00:00.0005604" startTime="2026-04-26T11:09:45.1050077-04:00" endTime="2026-04-26T11:09:45.1050078-04:00" testType="13cdc9d9-ddb5-4fa4-a97d-d965ccfc6d4b" outcome="Passed" testListId="8c84fa94-04c1-424b-9868-57a2d4851a1d" relativeResultsDirectory="4b14c932-6a5d-4a0f-9741-c7af5f2dbab9" />
    <UnitTestResult executionId="a0e380aa-a90f-44cc-8664-16401d29560a" testId="0e9aad34-167a-2085-612b-7676e6c0c04b" testName="ElBruno.AspireMonitor.Tests.Services.ConfigurationServiceTests.LoadConfiguration_InvalidJson_HandlesGracefully" computerName="CPC-bruno-U7R9O" duration="00:00:00.0268616" startTime="2026-04-26T11:09:45.1278822-04:00" endTime="2026-04-26T11:09:45.1278824-04:00" testType="13cdc9d9-ddb5-4fa4-a97d-d965ccfc6d4b" outcome="Passed" testListId="8c84fa94-04c1-424b-9868-57a2d4851a1d" relativeResultsDirectory="a0e380aa-a90f-44cc-8664-16401d29560a" />
    <UnitTestResult executionId="5439ca2a-a08b-41c6-806d-de01c7303cc1" testId="fbbd6a70-e6ad-9d76-f31c-4d6a200b349b" testName="ElBruno.AspireMonitor.Tests.Views.SystemTrayContextMenuTests.ContextMenu_MiniMonitorOption_SingleInstance_Enforced" computerName="CPC-bruno-U7R9O" duration="00:00:00.0021911" startTime="2026-04-26T11:09:45.1091669-04:00" endTime="2026-04-26T11:09:45.1091670-04:00" testType="13cdc9d9-ddb5-4fa4-a97d-d965ccfc6d4b" outcome="Passed" testListId="8c84fa94-04c1-424b-9868-57a2d4851a1d" relativeResultsDirectory="5439ca2a-a08b-41c6-806d-de01c7303cc1" />
    <UnitTestResult executionId="3662b6c0-0232-4bc8-bdd1-d8491ff61d1e" testId="53556a4f-ec0f-2bef-3d0d-7001e3ff9d90" testName="ElBruno.AspireMonitor.Tests.Configuration.ProjectFolderRepositoryUrlIntegrationTests.Load_ConfigWithExtraProperties_ShouldIgnoreAndLoadKnownFields" computerName="CPC-bruno-U7R9O" duration="00:00:00.0208565" startTime="2026-04-26T11:09:45.2412314-04:00" endTime="2026-04-26T11:09:45.2412314-04:00" testType="13cdc9d9-ddb5-4fa4-a97d-d965ccfc6d4b" outcome="Passed" testListId="8c84fa94-04c1-424b-9868-57a2d4851a1d" relativeResultsDirectory="3662b6c0-0232-4bc8-bdd1-d8491ff61d1e" />
    <UnitTestResult executionId="156f9835-acce-4fde-b5b8-dbadf6624d94" testId="04761fa6-1c33-59b5-f14e-8f5cf16bdcad" testName="ElBruno.AspireMonitor.Tests.Views.AppStartupTests.App_Shows_Tray_Icon_On_Startup" computerName="CPC-bruno-U7R9O" duration="00:00:00.0013824" startTime="2026-04-26T11:09:45.1099874-04:00" endTime="2026-04-26T11:09:45.1099875-04:00" testType="13cdc9d9-ddb5-4fa4-a97d-d965ccfc6d4b" outcome="Passed" testListId="8c84fa94-04c1-424b-9868-57a2d4851a1d" relativeResultsDirectory="156f9835-acce-4fde-b5b8-dbadf6624d94" />
    <UnitTestResult executionId="e97b6f95-f5c0-416c-8025-af2df94af294" testId="d05ed262-7f05-4d00-a20e-5c217f3f4ddd" testName="ElBruno.AspireMonitor.Tests.Services.ConfigurationServiceTests.ValidateThresholds_VariousCombinations_ValidatesCorrectly(yellowThreshold: 70, redThreshold: 90, shouldBeValid: True)" computerName="CPC-bruno-U7R9O" duration="00:00:00.0033505" startTime="2026-04-26T11:09:45.1026492-04:00" endTime="2026-04-26T11:09:45.1026492-04:00" testType="13cdc9d9-ddb5-4fa4-a97d-d965ccfc6d4b" outcome="Passed" testListId="8c84fa94-04c1-424b-9868-57a2d4851a1d" relativeResultsDirectory="e97b6f95-f5c0-416c-8025-af2df94af294" />
    <UnitTestResult executionId="f5efa58b-731d-4543-9965-6d3534ffb41b" testId="912c4bb7-2e3c-171b-016e-2850b38e1c34" testName="ElBruno.AspireMonitor.Tests.Configuration.RepositoryUrlValidationTests.RepositoryUrl_IpAddress_ShouldBeValid" computerName="CPC-bruno-U7R9O" duration="00:00:00.0025820" startTime="2026-04-26T11:09:45.1093566-04:00" endTime="2026-04-26T11:09:45.1093566-04:00" testType="13cdc9d9-ddb5-4fa4-a97d-d965ccfc6d4b" outcome="Passed" testListId="8c84fa94-04c1-424b-9868-57a2d4851a1d" relativeResultsDirectory="f5efa58b-731d-4543-9965-6d3534ffb41b" />
    <UnitTestResult executionId="624b0ab9-e7a2-474a-ade4-0839fcf8c6f0" testId="7346d1a0-75c2-371e-164d-eceeca539836" testName="ElBruno.AspireMonitor.Tests.EdgeCaseTests.NetworkOffline_ShowsError_AndAutoReconnects" computerName="CPC-bruno-U7R9O" duration="00:00:00.1628279" startTime="2026-04-26T11:09:45.2638285-04:00" endTime="2026-04-26T11:09:45.2638286-04:00" testType="13cdc9d9-ddb5-4fa4-a97d-d965ccfc6d4b" outcome="Passed" testListId="8c84fa94-04c1-424b-9868-57a2d4851a1d" relativeResultsDirectory="624b0ab9-e7a2-474a-ade4-0839fcf8c6f0" />
    <UnitTestResult executionId="593999d8-56d6-4e04-b8d4-00cc27253023" testId="afa66dfa-23f8-d8ed-05e9-3f9cb9784189" testName="ElBruno.AspireMonitor.Tests.Configuration.ProjectFolderRepositoryUrlIntegrationTests.SettingsViewModel_SavesProjectFolder_ToConfigService" computerName="CPC-bruno-U7R9O" duration="00:00:00.0130915" startTime="2026-04-26T11:09:45.1162295-04:00" endTime="2026-04-26T11:09:45.1162296-04:00" testType="13cdc9d9-ddb5-4fa4-a97d-d965ccfc6d4b" outcome="Passed" testListId="8c84fa94-04c1-424b-9868-57a2d4851a1d" relativeResultsDirectory="593999d8-56d6-4e04-b8d4-00cc27253023" />
    <UnitTestResult executionId="1fe4bd40-3470-498b-8549-2d2759c886ed" testId="3c847454-568f-42e4-281f-ba80d6295ae8" testName="ElBruno.AspireMonitor.Tests.Configuration.RepositoryUrlValidationTests.SettingsViewModel_RepositoryUrl_PropertyBinding_ShouldUpdateCorrectly" computerName="CPC-bruno-U7R9O" duration="00:00:00.0024878" startTime="2026-04-26T11:09:45.1994032-04:00" endTime="2026-04-26T11:09:45.1994034-04:00" testType="13cdc9d9-ddb5-4fa4-a97d-d965ccfc6d4b" outcome="Passed" testListId="8c84fa94-04c1-424b-9868-57a2d4851a1d" relativeResultsDirectory="1fe4bd40-3470-498b-8549-2d2759c886ed" />
    <UnitTestResult executionId="a6c81179-8b7e-4705-bbe9-47513cb85ff6" testId="95143186-80a3-594d-793e-08cf170705cb" testName="ElBruno.AspireMonitor.Tests.Configuration.ProjectFolderValidationTests.ProjectFolder_WithNonExistentPath_ShouldFail" computerName="CPC-bruno-U7R9O" duration="00:00:00.0056544" startTime="2026-04-26T11:09:45.1178264-04:00" endTime="2026-04-26T11:09:45.1178266-04:00" testType="13cdc9d9-ddb5-4fa4-a97d-d965ccfc6d4b" outcome="Passed" testListId="8c84fa94-04c1-424b-9868-57a2d4851a1d" relativeResultsDirectory="a6c81179-8b7e-4705-bbe9-47513cb85ff6" />
    <UnitTestResult executionId="56b39ebc-3ac4-499f-aa45-d95584d18c10" testId="1723c80e-62a7-d389-ad3f-358fd3035614" testName="ElBruno.AspireMonitor.Tests.Views.AppStartupTests.Settings_Window_Survives_MainWindow_Close" computerName="CPC-bruno-U7R9O" duration="00:00:00.0011384" startTime="2026-04-26T11:09:45.1107580-04:00" endTime="2026-04-26T11:09:45.1107581-04:00" testType="13cdc9d9-ddb5-4fa4-a97d-d965ccfc6d4b" outcome="Passed" testListId="8c84fa94-04c1-424b-9868-57a2d4851a1d" relativeResultsDirectory="56b39ebc-3ac4-499f-aa45-d95584d18c10" />
    <UnitTestResult executionId="f9b16ef3-d172-4b8f-8e96-93491a532f7c" testId="16a500a6-5852-a960-0b56-6dd63d4ac436" testName="ElBruno.AspireMonitor.Tests.Views.AppStartupTests.Tray_Settings_Window_Shows_ProjectFolder_Field" computerName="CPC-bruno-U7R9O" duration="00:00:00.0001922" startTime="2026-04-26T11:09:45.1436680-04:00" endTime="2026-04-26T11:09:45.1436681-04:00" testType="13cdc9d9-ddb5-4fa4-a97d-d965ccfc6d4b" outcome="Passed" testListId="8c84fa94-04c1-424b-9868-57a2d4851a1d" relativeResultsDirectory="f9b16ef3-d172-4b8f-8e96-93491a532f7c" />
    <UnitTestResult executionId="dea10d50-4286-46a1-b191-d28df8611280" testId="e172fb50-70ea-6f3d-8037-2534618197c3" testName="ElBruno.AspireMonitor.Tests.Views.MiniMonitorUITests.MiniMonitor_MinimumSize_Enforced" computerName="CPC-bruno-U7R9O" duration="00:00:00.0009191" startTime="2026-04-26T11:09:46.6872406-04:00" endTime="2026-04-26T11:09:46.6872408-04:00" testType="13cdc9d9-ddb5-4fa4-a97d-d965ccfc6d4b" outcome="Passed" testListId="8c84fa94-04c1-424b-9868-57a2d4851a1d" relativeResultsDirectory="dea10d50-4286-46a1-b191-d28df8611280" />
[...]
    <TestEntry testId="3765f87d-a436-e2bc-f988-e79b4f9ae68d" executionId="99dd8519-b6bf-48e4-86c6-9d908cde97cd" testListId="8c84fa94-04c1-424b-9868-57a2d4851a1d" />
    <TestEntry testId="37d5211b-70d5-6c1e-39d0-8ee52173ce44" executionId="7fc0ac31-c2a3-412e-835a-cb88e6ea7dea" testListId="8c84fa94-04c1-424b-9868-57a2d4851a1d" />
    <TestEntry testId="fde00e79-f7f2-10ac-06ae-9fe19d7b122b" executionId="3b48579c-b638-49c1-8905-793fddf4d7b6" testListId="8c84fa94-04c1-424b-9868-57a2d4851a1d" />
    <TestEntry testId="0ba53fbe-3130-cb76-e2be-e68c9a8d1b46" executionId="121d39ac-daa4-4b60-923c-4c12bbd13bb5" testListId="8c84fa94-04c1-424b-9868-57a2d4851a1d" />
    <TestEntry testId="12236e75-ead7-1cb1-647f-1935968434a4" executionId="19b6948f-33f3-4b63-bf2f-d1ce55104eaa" testListId="8c84fa94-04c1-424b-9868-57a2d4851a1d" />
    <TestEntry testId="b58c6a8d-d44e-ea5a-9a09-3d3290d3d729" executionId="cbd66029-6441-4f59-b98d-0f642884e499" testListId="8c84fa94-04c1-424b-9868-57a2d4851a1d" />
    <TestEntry testId="4525b0ea-461c-28f9-5454-b2fd593bc89a" executionId="f0ea275e-2366-47f5-a635-1e41bcf6e3dd" testListId="8c84fa94-04c1-424b-9868-57a2d4851a1d" />
    <TestEntry testId="9aaab89e-1bed-9b74-4666-4e4b422622a6" executionId="0837e7a1-2b98-4516-be28-a5159782eb67" testListId="8c84fa94-04c1-424b-9868-57a2d4851a1d" />
    <TestEntry testId="538be77e-66bf-ae56-a794-88d7d6b04cb7" executionId="6a05aaf4-9bb9-4f0a-b25e-4976b3d62060" testListId="8c84fa94-04c1-424b-9868-57a2d4851a1d" />
    <TestEntry testId="d309e55b-6820-b346-075f-780283d559b6" executionId="168ad44a-9450-4a3c-8c6b-c3a9f18f13e5" testListId="8c84fa94-04c1-424b-9868-57a2d4851a1d" />
    <TestEntry testId="5b688731-d393-2b24-9a74-f572aa3b77ec" executionId="1082406a-65fb-4f5f-ae10-6e524a4c4c54" testListId="8c84fa94-04c1-424b-9868-57a2d4851a1d" />
    <TestEntry testId="1ffa5dbb-4857-d90e-0482-cfceb0281b3e" executionId="50353a71-c31c-475c-8f0a-f6c669d8faa1" testListId="8c84fa94-04c1-424b-9868-57a2d4851a1d" />
    <TestEntry testId="ab609978-a6ae-c25a-ef9b-92d777e96112" executionId="35758a76-3478-4df8-b1b5-e078f410f3fb" testListId="8c84fa94-04c1-424b-9868-57a2d4851a1d" />
    <TestEntry testId="e609592f-90f3-ff36-0ae4-f68f81b1f793" executionId="ce21a4db-1754-4ee9-bfca-fc204d8a31e4" testListId="8c84fa94-04c1-424b-9868-57a2d4851a1d" />
    <TestEntry testId="c7e343fa-73e9-bc6e-25a1-0cca62f99a42" executionId="e4252d34-4e8b-4390-9ccb-2e7f62d6dc11" testListId="8c84fa94-04c1-424b-9868-57a2d4851a1d" />
    <TestEntry testId="a0f18c1d-93bf-9f03-c972-bce72daae8c4" executionId="252b93a1-836f-4df6-aa7e-4ea7098e3473" testListId="8c84fa94-04c1-424b-9868-57a2d4851a1d" />
    <TestEntry testId="f1f4099c-8a07-d8f0-4b62-766019978ef1" executionId="ae957396-0ff3-45a7-add1-ecd7385cf77c" testListId="8c84fa94-04c1-424b-9868-57a2d4851a1d" />
    <TestEntry testId="610386d2-add8-ed9a-919b-daa4a79dac0a" executionId="82b1cebb-088e-480c-85a9-da6c5555a796" testListId="8c84fa94-04c1-424b-9868-57a2d4851a1d" />
    <TestEntry testId="34abb919-9a2b-8d32-96e9-93af62f18529" executionId="470f6873-25b7-4ae5-93a0-b0ec48205249" testListId="8c84fa94-04c1-424b-9868-57a2d4851a1d" />
    <TestEntry testId="9c055ed8-8628-a00d-34c7-4a38f3ead932" executionId="b2722835-406b-4bfb-bdda-85051533386d" testListId="8c84fa94-04c1-424b-9868-57a2d4851a1d" />
    <TestEntry testId="c88f0bd3-f1d0-ae7f-7fd1-deb896074476" executionId="7a1dce56-36f1-4181-97c6-07b713dee55d" testListId="8c84fa94-04c1-424b-9868-57a2d4851a1d" />
    <TestEntry testId="f0239d31-7a9f-4920-f59d-65340d30f9f4" executionId="e8e9fa3e-1b44-4f12-83e3-031470fab800" testListId="8c84fa94-04c1-424b-9868-57a2d4851a1d" />
    <TestEntry testId="b49c8048-8607-c2cc-5bd4-9606bb0786d3" executionId="9df98c75-e4ff-4f60-b033-bab6f70f7d71" testListId="8c84fa94-04c1-424b-9868-57a2d4851a1d" />
    <TestEntry testId="1357fa34-8cf4-820f-fc9b-a324e3c2a48c" executionId="a3321bcc-c612-4f83-a593-791844f84525" testListId="8c84fa94-04c1-424b-9868-57a2d4851a1d" />
    <TestEntry testId="48e3190e-1121-79cf-db67-270066966b40" executionId="93316f8a-be53-4905-bfaa-1856a277ab25" testListId="8c84fa94-04c1-424b-9868-57a2d4851a1d" />
    <TestEntry testId="0724e9f6-ba86-279f-ee8d-42ab67d6caa6" executionId="ff84c3dc-7182-4090-a11e-ed22aa828068" testListId="8c84fa94-04c1-424b-9868-57a2d4851a1d" />
    <TestEntry testId="929c62e4-1cc2-ee7e-18ca-7d430913da9b" executionId="ae365cbd-e9fe-4513-9875-76c563af1007" testListId="8c84fa94-04c1-424b-9868-57a2d4851a1d" />
    <TestEntry testId="cf126e6f-6df9-ea74-1108-cde7aeed4710" executionId="8ad67d59-486d-4494-8dff-fbe01d0428b6" testListId="8c84fa94-04c1-424b-9868-57a2d4851a1d" />
    <TestEntry testId="e9c4b47a-7813-8001-06a1-3dea0ee218f6" executionId="7ee179b6-b24a-424f-8ad9-17e886f4a840" testListId="8c84fa94-04c1-424b-9868-57a2d4851a1d" />
    <TestEntry testId="1d3d3128-5509-98a6-74c5-dc569f23d8d2" executionId="11d4a840-fd2a-4e52-924e-d8f16e6442a9" testListId="8c84fa94-04c1-424b-9868-57a2d4851a1d" />
    <TestEntry testId="e0147166-3a36-0ae5-3ba0-aabe156062bb" executionId="b1e5e42b-d06b-4f19-8efc-7abcc103680e" testListId="8c84fa94-04c1-424b-9868-57a2d4851a1d" />
    <TestEntry testId="2414792e-4353-3578-84c3-da8fbaf5df0a" executionId="5dc831b8-7453-4b46-8f3e-bf5b02e88dbb" testListId="8c84fa94-04c1-424b-9868-57a2d4851a1d" />
    <TestEntry testId="e628a25c-14fc-571f-bf6e-be26a229c6be" executionId="bf9549f1-1cd1-41ee-9a72-346295af09d6" testListId="8c84fa94-04c1-424b-9868-57a2d4851a1d" />
    <TestEntry testId="4217b231-5f16-bb4f-323d-28e01b463e9d" executionId="17676f61-d075-4fc3-8320-acaeadc34f5d" testListId="8c84fa94-04c1-424b-9868-57a2d4851a1d" />
    <TestEntry testId="90766150-4a20-6b0a-6512-0a325a9579f9" executionId="8acc3613-c1de-4838-b515-66aa1c5cf0a5" testListId="8c84fa94-04c1-424b-9868-57a2d4851a1d" />
    <TestEntry testId="aa91f4a1-6b38-7eda-5def-a7e1e2a0ae42" executionId="ea1c7c24-cffe-4ce1-8f1c-676a0d951a09" testListId="8c84fa94-04c1-424b-9868-57a2d4851a1d" />
    <TestEntry testId="69672737-499a-e596-4623-2822a1eb8623" executionId="e540efed-8ef8-4763-92c7-867ee5bef6fe" testListId="8c84fa94-04c1-424b-9868-57a2d4851a1d" />
    <TestEntry testId="ba39759c-c4a6-65b6-5c9a-eb62ea88508a" executionId="290c5410-2649-4997-8e85-bf871c48c5bc" testListId="8c84fa94-04c1-424b-9868-57a2d4851a1d" />
    <TestEntry testId="348e349a-a764-24ac-4269-d357218592b6" executionId="5a66aea2-238f-4834-a54c-b78ef7b02cde" testListId="8c84fa94-04c1-424b-9868-57a2d4851a1d" />
    <TestEntry testId="fb335561-cfcd-8a64-ee86-b63e535eb3a4" executionId="a910d550-5f89-410d-9486-ce96d37d5a02" testListId="8c84fa94-04c1-424b-9868-57a2d4851a1d" />
    <TestEntry testId="3741c4ea-916c-fd9c-1694-1f2f2b9fc803" executionId="f177013e-cdd1-41fb-975e-b135601eb779" testListId="8c84fa94-04c1-424b-9868-57a2d4851a1d" />
    <TestEntry testId="736bfbc4-95ec-94bf-9683-21bd662a969a" executionId="d79f1123-b03a-4e7f-a198-f1fc078ab9c1" testListId="8c84fa94-04c1-424b-9868-57a2d4851a1d" />
    <TestEntry testId="31e75a23-0b97-ad1b-933d-4b17ac144c81" executionId="dc3a27fa-0fca-4f6a-97d3-358f59efc793" testListId="8c84fa94-04c1-424b-9868-57a2d4851a1d" />
    <TestEntry testId="13214206-955b-b60e-c893-8a836034ca77" executionId="d480503c-dbd6-4b47-a10c-492f9252fb65" testListId="8c84fa94-04c1-424b-9868-57a2d4851a1d" />
    <TestEntry testId="b4463edd-4256-0a6c-a5d0-452d09b27faa" executionId="19355212-df56-4709-a72f-8627eb8cac3e" testListId="8c84fa94-04c1-424b-9868-57a2d4851a1d" />
    <TestEntry testId="82059756-feed-2016-d979-20eaff240fba" executionId="71430559-e3fd-496b-828b-edd9d6181ad1" testListId="8c84fa94-04c1-424b-9868-57a2d4851a1d" />
  </TestEntries>
  <TestLists>
    <TestList name="Results Not in a List" id="8c84fa94-04c1-424b-9868-57a2d4851a1d" />
    <TestList name="All Loaded Results" id="19431567-8539-422a-85d7-44ee4e166bda" />
  </TestLists>
  <ResultSummary outcome="Failed">
    <Counters total="223" executed="223" passed="217" failed="6" error="0" timeout="0" aborted="0" inconclusive="0" passedButRunAborted="0" notRunnable="0" notExecuted="0" disconnected="0" warning="0" completed="0" inProgress="0" pending="0" />
    <Output>
      <StdOut>[xUnit.net 00:00:00.00] xUnit.net VSTest Adapter v2.5.4.1+b9eacec401 (64-bit .NET 10.0.6)&#xD;
[xUnit.net 00:00:00.09]   Discovering: ElBruno.AspireMonitor.Tests&#xD;
[xUnit.net 00:00:00.16]   Discovered:  ElBruno.AspireMonitor.Tests&#xD;
[xUnit.net 00:00:00.16]   Starting:    ElBruno.AspireMonitor.Tests&#xD;
[xUnit.net 00:00:00.40]       Expected loadedConfig.RepositoryUrl to be &lt;null&gt;, but found "".&#xD;
[xUnit.net 00:00:00.40]       Stack Trace:&#xD;
[xUnit.net 00:00:00.40]            at FluentAssertions.Execution.XUnit2TestFramework.Throw(String message)&#xD;
[xUnit.net 00:00:00.40]            at FluentAssertions.Execution.TestFrameworkProvider.Throw(String message)&#xD;
[xUnit.net 00:00:00.40]            at FluentAssertions.Execution.DefaultAssertionStrategy.HandleFailure(String message)&#xD;
[xUnit.net 00:00:00.40]            at FluentAssertions.Execution.AssertionScope.FailWith(Func`1 failReasonFunc)&#xD;
[xUnit.net 00:00:00.40]            at FluentAssertions.Execution.AssertionScope.FailWith(Func`1 failReasonFunc)&#xD;
[xUnit.net 00:00:00.40]            at FluentAssertions.Execution.AssertionScope.FailWith(String message, Object[] args)&#xD;
[xUnit.net 00:00:00.40]            at FluentAssertions.Primitives.ReferenceTypeAssertions`2.BeNull(String because, Object[] becauseArgs)&#xD;
[xUnit.net 00:00:00.40]         C:\src\ElBruno.AspireMonitor\src\ElBruno.AspireMonitor.Tests\Configuration\RepositoryUrlValidationTests.cs(363,0): at ElBruno.AspireMonitor.Tests.Configuration.RepositoryUrlValidationTests.RepositoryUrl_BackwardCompatibility_OldConfigWithoutRepositoryUrl()&#xD;
[xUnit.net 00:00:00.40]            at System.Reflection.MethodBaseInvoker.InterpretedInvoke_Method(Object obj, IntPtr* args)&#xD;
[xUnit.net 00:00:00.40]            at System.Reflection.MethodBaseInvoker.InvokeWithNoArgs(Object obj, BindingFlags invokeAttr)&#xD;
[xUnit.net 00:00:00.40]       Expected window.Visibility to be Visibility.Hidden {value: 1} because minimized window should be hidden (goes to tray), but found Visibility.Visible {value: 0}.&#xD;
[xUnit.net 00:00:00.40]       Stack Trace:&#xD;
[xUnit.net 00:00:00.40]            at FluentAssertions.Execution.XUnit2TestFramework.Throw(String message)&#xD;
[xUnit.net 00:00:00.40]            at FluentAssertions.Execution.TestFrameworkProvider.Throw(String message)&#xD;
[xUnit.net 00:00:00.40]            at FluentAssertions.Execution.DefaultAssertionStrategy.HandleFailure(String message)&#xD;
[xUnit.net 00:00:00.40]            at FluentAssertions.Execution.AssertionScope.FailWith(Func`1 failReasonFunc)&#xD;
[xUnit.net 00:00:00.40]            at FluentAssertions.Execution.AssertionScope.FailWith(Func`1 failReasonFunc)&#xD;
[xUnit.net 00:00:00.40]            at FluentAssertions.Execution.AssertionScope.FailWith(String message, Object[] args)&#xD;
[xUnit.net 00:00:00.40]            at FluentAssertions.Primitives.EnumAssertions`2.Be(TEnum expected, String because, Object[] becauseArgs)&#xD;
[xUnit.net 00:00:00.40]         C:\src\ElBruno.AspireMonitor\src\ElBruno.AspireMonitor.Tests\Views\AppStartupTests.cs(517,0): at ElBruno.AspireMonitor.Tests.Views.AppStartupTests.Minimize_MainWindow_Goes_To_Tray()&#xD;
[xUnit.net 00:00:00.40]            at System.Reflection.MethodBaseInvoker.InterpretedInvoke_Method(Object obj, IntPtr* args)&#xD;
[xUnit.net 00:00:00.40]            at System.Reflection.MethodBaseInvoker.InvokeWithNoArgs(Object obj, BindingFlags invokeAttr)&#xD;
[xUnit.net 00:00:00.40]       Expected loadedConfig.ProjectFolder to be &lt;null&gt;, but found "".&#xD;
[xUnit.net 00:00:00.40]       Stack Trace:&#xD;
[xUnit.net 00:00:00.40]            at FluentAssertions.Execution.XUnit2TestFramework.Throw(String message)&#xD;
[xUnit.net 00:00:00.40]            at FluentAssertions.Execution.TestFrameworkProvider.Throw(String message)&#xD;
[xUnit.net 00:00:00.40]            at FluentAssertions.Execution.DefaultAssertionStrategy.HandleFailure(String message)&#xD;
[xUnit.net 00:00:00.40]            at FluentAssertions.Execution.AssertionScope.FailWith(Func`1 failReasonFunc)&#xD;
[xUnit.net 00:00:00.40]            at FluentAssertions.Execution.AssertionScope.FailWith(Func`1 failReasonFunc)&#xD;
[xUnit.net 00:00:00.40]            at FluentAssertions.Execution.AssertionScope.FailWith(String message, Object[] args)&#xD;
[xUnit.net 00:00:00.40]            at FluentAssertions.Primitives.ReferenceTypeAssertions`2.BeNull(String because, Object[] becauseArgs)&#xD;
[xUnit.net 00:00:00.40]         C:\src\ElBruno.AspireMonitor\src\ElBruno.AspireMonitor.Tests\Configuration\ProjectFolderRepositoryUrlIntegrationTests.cs(141,0): at ElBruno.AspireMonitor.Tests.Configuration.ProjectFolderRepositoryUrlIntegrationTests.Load_OldConfigFile_WithoutBothNewFields_ShouldUseDefaults()&#xD;
[xUnit.net 00:00:00.40]            at System.Reflection.MethodBaseInvoker.InterpretedInvoke_Method(Object obj, IntPtr* args)&#xD;
[xUnit.net 00:00:00.40]            at System.Reflection.MethodBaseInvoker.InvokeWithNoArgs(Object obj, BindingFlags invokeAttr)&#xD;
[xUnit.net 00:00:00.40]       Expected loadedConfig.ProjectFolder to be &lt;null&gt;, but found "".&#xD;
[xUnit.net 00:00:00.40]       Stack Trace:&#xD;
[xUnit.net 00:00:00.40]            at FluentAssertions.Execution.XUnit2TestFramework.Throw(String message)&#xD;
[xUnit.net 00:00:00.40]            at FluentAssertions.Execution.TestFrameworkProvider.Throw(String message)&#xD;
[xUnit.net 00:00:00.40]            at FluentAssertions.Execution.DefaultAssertionStrategy.HandleFailure(String message)&#xD;
[xUnit.net 00:00:00.40]            at FluentAssertions.Execution.AssertionScope.FailWith(Func`1 failReasonFunc)&#xD;
[xUnit.net 00:00:00.40]            at FluentAssertions.Execution.AssertionScope.FailWith(Func`1 failReasonFunc)&#xD;
[xUnit.net 00:00:00.40]            at FluentAssertions.Execution.AssertionScope.FailWith(String message, Object[] args)&#xD;
[xUnit.net 00:00:00.40]            at FluentAssertions.Primitives.ReferenceTypeAssertions`2.BeNull(String because, Object[] becauseArgs)&#xD;
[xUnit.net 00:00:00.40]         C:\src\ElBruno.AspireMonitor\src\ElBruno.AspireMonitor.Tests\Configuration\ProjectFolderValidationTests.cs(303,0): at ElBruno.AspireMonitor.Tests.Configuration.ProjectFolderValidationTests.ProjectFolder_BackwardCompatibility_OldConfigWithoutProjectFolder()&#xD;
[xUnit.net 00:00:00.40]            at System.Reflection.MethodBaseInvoker.InterpretedInvoke_Method(Object obj, IntPtr* args)&#xD;
[xUnit.net 00:00:00.40]            at System.Reflection.MethodBaseInvoker.InvokeWithNoArgs(Object obj, BindingFlags invokeAttr)&#xD;
[xUnit.net 00:00:00.43]       Expected loadedConfig.RepositoryUrl to be &lt;null&gt;, but found "".&#xD;
[xUnit.net 00:00:00.43]       Stack Trace:&#xD;
[xUnit.net 00:00:00.43]            at FluentAssertions.Execution.XUnit2TestFramework.Throw(String message)&#xD;
[xUnit.net 00:00:00.43]            at FluentAssertions.Execution.TestFrameworkProvider.Throw(String message)&#xD;
[xUnit.net 00:00:00.43]            at FluentAssertions.Execution.DefaultAssertionStrategy.HandleFailure(String message)&#xD;
[xUnit.net 00:00:00.43]            at FluentAssertions.Execution.AssertionScope.FailWith(Func`1 failReasonFunc)&#xD;
[xUnit.net 00:00:00.43]            at FluentAssertions.Execution.AssertionScope.FailWith(Func`1 failReasonFunc)&#xD;
[xUnit.net 00:00:00.43]            at FluentAssertions.Execution.AssertionScope.FailWith(String message, Object[] args)&#xD;
[xUnit.net 00:00:00.43]            at FluentAssertions.Primitives.ReferenceTypeAssertions`2.BeNull(String because, Object[] becauseArgs)&#xD;
[xUnit.net 00:00:00.43]         C:\src\ElBruno.AspireMonitor\src\ElBruno.AspireMonitor.Tests\Configuration\ProjectFolderRepositoryUrlIntegrationTests.cs(170,0): at ElBruno.AspireMonitor.Tests.Configuration.ProjectFolderRepositoryUrlIntegrationTests.Load_PartialOldConfig_WithOnlyProjectFolder_ShouldLoadPartially()&#xD;
[xUnit.net 00:00:00.43]            at System.Reflection.MethodBaseInvoker.InterpretedInvoke_Method(Object obj, IntPtr* args)&#xD;
[xUnit.net 00:00:00.43]            at System.Reflection.MethodBaseInvoker.InvokeWithNoArgs(Object obj, BindingFlags invokeAttr)&#xD;
[xUnit.net 00:00:00.46]       Expected loadedConfig.ProjectFolder to be &lt;null&gt;, but found "".&#xD;
[xUnit.net 00:00:00.46]       Stack Trace:&#xD;
[xUnit.net 00:00:00.46]            at FluentAssertions.Execution.XUnit2TestFramework.Throw(String message)&#xD;
[xUnit.net 00:00:00.46]            at FluentAssertions.Execution.TestFrameworkProvider.Throw(String message)&#xD;
[xUnit.net 00:00:00.46]            at FluentAssertions.Execution.DefaultAssertionStrategy.HandleFailure(String message)&#xD;
[xUnit.net 00:00:00.46]            at FluentAssertions.Execution.AssertionScope.FailWith(Func`1 failReasonFunc)&#xD;
[xUnit.net 00:00:00.46]            at FluentAssertions.Execution.AssertionScope.FailWith(Func`1 failReasonFunc)&#xD;
[xUnit.net 00:00:00.46]            at FluentAssertions.Execution.AssertionScope.FailWith(String message, Object[] args)&#xD;
[xUnit.net 00:00:00.46]            at FluentAssertions.Primitives.ReferenceTypeAssertions`2.BeNull(String because, Object[] becauseArgs)&#xD;
[xUnit.net 00:00:00.46]         C:\src\ElBruno.AspireMonitor\src\ElBruno.AspireMonitor.Tests\Configuration\ProjectFolderRepositoryUrlIntegrationTests.cs(408,0): at ElBruno.AspireMonitor.Tests.Configuration.ProjectFolderRepositoryUrlIntegrationTests.ConfigFileDamaged_ShouldFallbackToDefaults()&#xD;
[xUnit.net 00:00:00.46]            at System.Reflection.MethodBaseInvoker.InterpretedInvoke_Method(Object obj, IntPtr* args)&#xD;
[xUnit.net 00:00:00.46]            at System.Reflection.MethodBaseInvoker.InvokeWithNoArgs(Object obj, BindingFlags invokeAttr)&#xD;
[xUnit.net 00:00:03.39]   Finished:    ElBruno.AspireMonitor.Tests&#xD;
</StdOut>
    </Output>
    <RunInfos>
      <RunInfo computerName="CPC-bruno-U7R9O" outcome="Error" timestamp="2026-04-26T11:09:45.1903746-04:00">
        <Text>[xUnit.net 00:00:00.40]     ElBruno.AspireMonitor.Tests.Configuration.RepositoryUrlValidationTests.RepositoryUrl_BackwardCompatibility_OldConfigWithoutRepositoryUrl [FAIL]</Text>
      </RunInfo>
      <RunInfo computerName="CPC-bruno-U7R9O" outcome="Error" timestamp="2026-04-26T11:09:45.1946870-04:00">
        <Text>[xUnit.net 00:00:00.40]     ElBruno.AspireMonitor.Tests.Views.AppStartupTests.Minimize_MainWindow_Goes_To_Tray [FAIL]</Text>
      </RunInfo>
      <RunInfo computerName="CPC-bruno-U7R9O" outcome="Error" timestamp="2026-04-26T11:09:45.1959161-04:00">
        <Text>[xUnit.net 00:00:00.40]     ElBruno.AspireMonitor.Tests.Configuration.ProjectFolderRepositoryUrlIntegrationTests.Load_OldConfigFile_WithoutBothNewFields_ShouldUseDefaults [FAIL]</Text>
      </RunInfo>
      <RunInfo computerName="CPC-bruno-U7R9O" outcome="Error" timestamp="2026-04-26T11:09:45.1966554-04:00">
        <Text>[xUnit.net 00:00:00.40]     ElBruno.AspireMonitor.Tests.Configuration.ProjectFolderValidationTests.ProjectFolder_BackwardCompatibility_OldConfigWithoutProjectFolder [FAIL]</Text>
      </RunInfo>
      <RunInfo computerName="CPC-bruno-U7R9O" outcome="Error" timestamp="2026-04-26T11:09:45.2207928-04:00">
        <Text>[xUnit.net 00:00:00.43]     ElBruno.AspireMonitor.Tests.Configuration.ProjectFolderRepositoryUrlIntegrationTests.Load_PartialOldConfig_WithOnlyProjectFolder_ShouldLoadPartially [FAIL]</Text>
      </RunInfo>
      <RunInfo computerName="CPC-bruno-U7R9O" outcome="Error" timestamp="2026-04-26T11:09:45.2508327-04:00">
        <Text>[xUnit.net 00:00:00.46]     ElBruno.AspireMonitor.Tests.Configuration.ProjectFolderRepositoryUrlIntegrationTests.ConfigFileDamaged_ShouldFallbackToDefaults [FAIL]</Text>
      </RunInfo>
    </RunInfos>
  </ResultSummary>
</TestRun>