<?xml version="1.0" encoding="utf-8"?>
<TestRun id="57c56e8e-a04a-4f54-8128-4bb97a63295e" name="brunocapuano@CPC-bruno-U7R9O 2026-04-26 11:12:10" runUser="NORTHAMERICA\brunocapuano" xmlns="http://microsoft.com/schemas/VisualStudio/TeamTest/2010">
  <Times creation="2026-04-26T11:12:10.1990360-04:00" queuing="2026-04-26T11:12:10.1990362-04:00" start="2026-04-26T11:12:09.4216287-04:00" finish="2026-04-26T11:12:13.3774585-04:00" />
  <TestSettings name="default" id="3bb1a797-d778-4dd1-886a-690d7bbcdfe3">
    <Deployment runDeploymentRoot="brunocapuano_CPC-bruno-U7R9O_2026-04-26_11_12_10" />
  </TestSettings>
  <Results>
    <UnitTestResult executionId="4c2bf356-73ed-45b1-8f69-21cd8c2dc7f4" testId="9aaab89e-1bed-9b74-4666-4e4b422622a6" testName="ElBruno.AspireMonitor.Tests.Configuration.ProjectFolderValidationTests.ProjectFolder_AutoDetectionFailsGracefully_WhenAspireConfigMalformed" computerName="CPC-bruno-U7R9O" duration="00:00:00.0073205" startTime="2026-04-26T11:12:10.2457626-04:00" endTime="2026-04-26T11:12:10.2457627-04:00" testType="13cdc9d9-ddb5-4fa4-a97d-d965ccfc6d4b" outcome="Passed" testListId="8c84fa94-04c1-424b-9868-57a2d4851a1d" relativeResultsDirectory="4c2bf356-73ed-45b1-8f69-21cd8c2dc7f4" />
    <UnitTestResult executionId="cde1f56f-e1a5-4d6c-b909-19e65a8c76d3" testId="fcb29d70-97cb-fac2-0a5c-ace7744ddbb1" testName="ElBruno.AspireMonitor.Tests.Views.AppStartupTests.Settings_Can_Be_Opened_Multiple_Times_Without_Duplicate_Windows" computerName="CPC-bruno-U7R9O" duration="00:00:00.0008661" startTime="2026-04-26T11:12:10.2338434-04:00" endTime="2026-04-26T11:12:10.2338434-04:00" testType="13cdc9d9-ddb5-4fa4-a97d-d965ccfc6d4b" outcome="Passed" testListId="8c84fa94-04c1-424b-9868-57a2d4851a1d" relativeResultsDirectory="cde1f56f-e1a5-4d6c-b909-19e65a8c76d3" />
    <UnitTestResult executionId="aed4610f-d4e2-4a84-a4ba-8307cd5d7f51" testId="2e00feef-a82d-392e-e81a-4c0880b73f2d" testName="ElBruno.AspireMonitor.Tests.Views.SystemTrayContextMenuTests.ContextMenu_GitHubOption_OpensUrl_InBrowser" computerName="CPC-bruno-U7R9O" duration="00:00:00.0036614" startTime="2026-04-26T11:12:10.1892212-04:00" endTime="2026-04-26T11:12:10.1892213-04:00" testType="13cdc9d9-ddb5-4fa4-a97d-d965ccfc6d4b" outcome="Passed" testListId="8c84fa94-04c1-424b-9868-57a2d4851a1d" relativeResultsDirectory="aed4610f-d4e2-4a84-a4ba-8307cd5d7f51" />
    <UnitTestResult executionId="f06a56f3-6e51-4c44-8591-88b84669dcbc" testId="1cd74baa-3f07-561f-cde6-c9e0ecf167dc" testName="ElBruno.AspireMonitor.Tests.Configuration.ProjectFolderValidationTests.ProjectFolder_CanBeLoadedFromConfigFile" computerName="CPC-bruno-U7R9O" duration="00:00:00.0194990" startTime="2026-04-26T11:12:10.2709063-04:00" endTime="2026-04-26T11:12:10.2709068-04:00" testType="13cdc9d9-ddb5-4fa4-a97d-d965ccfc6d4b" outcome="Passed" testListId="8c84fa94-04c1-424b-9868-57a2d4851a1d" relativeResultsDirectory="f06a56f3-6e51-4c44-8591-88b84669dcbc" />
    <UnitTestResult executionId="ef65164e-3a8a-477a-9cbc-f73c246ed004" testId="e4562f63-273c-e342-fb21-e36b9cb0d77e" testName="ElBruno.AspireMonitor.Tests.Views.MiniMonitorUITests.MiniMonitor_AfterClose_CanBeReopened" computerName="CPC-bruno-U7R9O" duration="00:00:00.0002892" startTime="2026-04-26T11:12:11.7930657-04:00" endTime="2026-04-26T11:12:11.7930657-04:00" testType="13cdc9d9-ddb5-4fa4-a97d-d965ccfc6d4b" outcome="Passed" testListId="8c84fa94-04c1-424b-9868-57a2d4851a1d" relativeResultsDirectory="ef65164e-3a8a-477a-9cbc-f73c246ed004" />
    <UnitTestResult executionId="8d21875a-1486-47bf-a9e7-27d1b0d3a936" testId="054951c9-6d7c-30e4-cefc-2aebdda25a7a" testName="ElBruno.AspireMonitor.Tests.Configuration.ProjectFolderValidationTests.ProjectFolder_CanBeSavedToConfigFile" computerName="CPC-bruno-U7R9O" duration="00:00:00.0220696" startTime="2026-04-26T11:12:10.1933155-04:00" endTime="2026-04-26T11:12:10.1933156-04:00" testType="13cdc9d9-ddb5-4fa4-a97d-d965ccfc6d4b" outcome="Passed" testListId="8c84fa94-04c1-424b-9868-57a2d4851a1d" relativeResultsDirectory="8d21875a-1486-47bf-a9e7-27d1b0d3a936" />
    <UnitTestResult executionId="a04a7654-7c3f-4ad7-b449-ca7acd0db832" testId="13214206-955b-b60e-c893-8a836034ca77" testName="ElBruno.AspireMonitor.Tests.Views.SystemTrayContextMenuTests.ContextMenu_DoesNotAffectOtherComponents" computerName="CPC-bruno-U7R9O" duration="00:00:00.0024185" startTime="2026-04-26T11:12:10.1901424-04:00" endTime="2026-04-26T11:12:10.1901425-04:00" testType="13cdc9d9-ddb5-4fa4-a97d-d965ccfc6d4b" outcome="Passed" testListId="8c84fa94-04c1-424b-9868-57a2d4851a1d" relativeResultsDirectory="a04a7654-7c3f-4ad7-b449-ca7acd0db832" />
    <UnitTestResult executionId="8a74f652-0b34-43f6-b036-1dae4676ac75" testId="8a3d7295-a4f1-84c1-ae64-4f9616adccf2" testName="ElBruno.AspireMonitor.Tests.Services.StatusCalculatorTests.CalculateStatus_InWarningRange_ReturnsYellow(cpu: 89, memory: 89, expected: &quot;Yellow&quot;)" computerName="CPC-bruno-U7R9O" duration="00:00:00.0000062" startTime="2026-04-26T11:12:10.1835020-04:00" endTime="2026-04-26T11:12:10.1835021-04:00" testType="13cdc9d9-ddb5-4fa4-a97d-d965ccfc6d4b" outcome="Passed" testListId="8c84fa94-04c1-424b-9868-57a2d4851a1d" relativeResultsDirectory="8a74f652-0b34-43f6-b036-1dae4676ac75" />
    <UnitTestResult executionId="5d2c205f-6bf6-4a36-ba78-4a61909d4881" testId="0e275b28-7e6d-000e-0d09-3f44e57542e5" testName="ElBruno.AspireMonitor.Tests.Services.StatusCalculatorTests.CalculateStatus_WithCustomThresholds_RespectsConfiguration" computerName="CPC-bruno-U7R9O" duration="00:00:00.0014799" startTime="2026-04-26T11:12:10.1850997-04:00" endTime="2026-04-26T11:12:10.1850998-04:00" testType="13cdc9d9-ddb5-4fa4-a97d-d965ccfc6d4b" outcome="Passed" testListId="8c84fa94-04c1-424b-9868-57a2d4851a1d" relativeResultsDirectory="5d2c205f-6bf6-4a36-ba78-4a61909d4881" />
    <UnitTestResult executionId="2325ace0-e339-4230-a86a-116d91ad9f4f" testId="40edefe2-0cff-d59a-4229-d5271bb84492" testName="ElBruno.AspireMonitor.Tests.Configuration.ProjectFolderValidationTests.ProjectFolder_SetToEmptyString_ShouldResetToNoFolder" computerName="CPC-bruno-U7R9O" duration="00:00:00.0062359" startTime="2026-04-26T11:12:10.1850688-04:00" endTime="2026-04-26T11:12:10.1850688-04:00" testType="13cdc9d9-ddb5-4fa4-a97d-d965ccfc6d4b" outcome="Passed" testListId="8c84fa94-04c1-424b-9868-57a2d4851a1d" relativeResultsDirectory="2325ace0-e339-4230-a86a-116d91ad9f4f" />
    <UnitTestResult executionId="c0c8a356-0697-4db6-85e7-8660f9f078c3" testId="1ffa5dbb-4857-d90e-0482-cfceb0281b3e" testName="ElBruno.AspireMonitor.Tests.Configuration.RepositoryUrlValidationTests.RepositoryUrl_WithSpecialCharactersInPath_ShouldBeValid" computerName="CPC-bruno-U7R9O" duration="00:00:00.0023902" startTime="2026-04-26T11:12:10.1996145-04:00" endTime="2026-04-26T11:12:10.1996148-04:00" testType="13cdc9d9-ddb5-4fa4-a97d-d965ccfc6d4b" outcome="Passed" testListId="8c84fa94-04c1-424b-9868-57a2d4851a1d" relativeResultsDirectory="c0c8a356-0697-4db6-85e7-8660f9f078c3" />
    <UnitTestResult executionId="7739bb83-5862-4055-af37-4f3773faea48" testId="1a4cd88f-c7be-999a-afcd-f5063e79ae7f" testName="ElBruno.AspireMonitor.Tests.Services.StatusCalculatorTests.CalculateStatus_ExceedsCritical_ReturnsRed(cpu: 50, memory: 90, expected: &quot;Red&quot;)" computerName="CPC-bruno-U7R9O" duration="00:00:00.0000106" startTime="2026-04-26T11:12:10.1843534-04:00" endTime="2026-04-26T11:12:10.1843535-04:00" testType="13cdc9d9-ddb5-4fa4-a97d-d965ccfc6d4b" outcome="Passed" testListId="8c84fa94-04c1-424b-9868-57a2d4851a1d" relativeResultsDirectory="7739bb83-5862-4055-af37-4f3773faea48" />
    <UnitTestResult executionId="7508ca44-5a8e-4cac-8697-119a3b69f947" testId="b58c6a8d-d44e-ea5a-9a09-3d3290d3d729" testName="ElBruno.AspireMonitor.Tests.EdgeCaseTests.SpecialCharactersInResourceNames_HandleCorrectly" computerName="CPC-bruno-U7R9O" duration="00:00:00.0043642" startTime="2026-04-26T11:12:10.3819827-04:00" endTime="2026-04-26T11:12:10.3819829-04:00" testType="13cdc9d9-ddb5-4fa4-a97d-d965ccfc6d4b" outcome="Passed" testListId="8c84fa94-04c1-424b-9868-57a2d4851a1d" relativeResultsDirectory="7508ca44-5a8e-4cac-8697-119a3b69f947" />
    <UnitTestResult executionId="551fe663-8bb8-49f2-9f78-08427a16a891" testId="53556a4f-ec0f-2bef-3d0d-7001e3ff9d90" testName="ElBruno.AspireMonitor.Tests.Configuration.ProjectFolderRepositoryUrlIntegrationTests.Load_ConfigWithExtraProperties_ShouldIgnoreAndLoadKnownFields" computerName="CPC-bruno-U7R9O" duration="00:00:00.0166557" startTime="2026-04-26T11:12:10.2954668-04:00" endTime="2026-04-26T11:12:10.2954670-04:00" testType="13cdc9d9-ddb5-4fa4-a97d-d965ccfc6d4b" outcome="Passed" testListId="8c84fa94-04c1-424b-9868-57a2d4851a1d" relativeResultsDirectory="551fe663-8bb8-49f2-9f78-08427a16a891" />
    <UnitTestResult executionId="c598c70c-e80b-4ab4-b2d3-ef0fb3a93d5d" testId="643ae036-e0a1-1b60-c11d-2d307721fde1" testName="ElBruno.AspireMonitor.Tests.Configuration.RepositoryUrlValidationTests.RepositoryUrl_BackwardCompatibility_OldConfigWithoutRepositoryUrl" computerName="CPC-bruno-U7R9O" duration="00:00:00.0088104" startTime="2026-04-26T11:12:10.2231356-04:00" endTime="2026-04-26T11:12:10.2231356-04:00" testType="13cdc9d9-ddb5-4fa4-a97d-d965ccfc6d4b" outcome="Passed" testListId="8c84fa94-04c1-424b-9868-57a2d4851a1d" relativeResultsDirectory="c598c70c-e80b-4ab4-b2d3-ef0fb3a93d5d" />
    <UnitTestResult executionId="5048ec03-200c-42b1-b1d5-252a4af8e4d2" testId="584dded9-40b3-b503-e32b-b047a424632f" testName="ElBruno.AspireMonitor.Tests.Configuration.RepositoryUrlValidationTests.RepositoryUrl_WithValidHttpUrl_ShouldBeValid" computerName="CPC-bruno-U7R9O" duration="00:00:00.0033815" startTime="2026-04-26T11:12:10.1859080-04:00" endTime="2026-04-26T11:12:10.1859080-04:00" testType="13cdc9d9-ddb5-4fa4-a97d-d965ccfc6d4b" outcome="Passed" testListId="8c84fa94-04c1-424b-9868-57a2d4851a1d" relativeResultsDirectory="5048ec03-200c-42b1-b1d5-252a4af8e4d2" />
    <UnitTestResult executionId="83b61d5e-138a-49a6-a93b-501cfe89f3a0" testId="d05ed262-7f05-4d00-a20e-5c217f3f4ddd" testName="ElBruno.AspireMonitor.Tests.Services.ConfigurationServiceTests.ValidateThresholds_VariousCombinations_ValidatesCorrectly(yellowThreshold: 70, redThreshold: 90, shouldBeValid: True)" computerName="CPC-bruno-U7R9O" duration="00:00:00.0030832" startTime="2026-04-26T11:12:10.1858769-04:00" endTime="2026-04-26T11:12:10.1858770-04:00" testType="13cdc9d9-ddb5-4fa4-a97d-d965ccfc6d4b" outcome="Passed" testListId="8c84fa94-04c1-424b-9868-57a2d4851a1d" relativeResultsDirectory="83b61d5e-138a-49a6-a93b-501cfe89f3a0" />
    <UnitTestResult executionId="77b088f0-8736-4073-a409-feccda19cfd5" testId="cd27854a-b52c-8b74-2cfd-7fd307f157a8" testName="ElBruno.AspireMonitor.Tests.Configuration.ProjectFolderRepositoryUrlIntegrationTests.SaveAndLoad_BothFields_ShouldPersistCorrectly" computerName="CPC-bruno-U7R9O" duration="00:00:00.0034190" startTime="2026-04-26T11:12:10.2989831-04:00" endTime="2026-04-26T11:12:10.2989834-04:00" testType="13cdc9d9-ddb5-4fa4-a97d-d965ccfc6d4b" outcome="Passed" testListId="8c84fa94-04c1-424b-9868-57a2d4851a1d" relativeResultsDirectory="77b088f0-8736-4073-a409-feccda19cfd5" />
    <UnitTestResult executionId="dc0b998d-021f-44a2-9cb3-273f79e4ede4" testId="dc0dc6df-13ca-3bf2-7064-1d38d0cacb11" testName="ElBruno.AspireMonitor.Tests.Views.AppStartupTests.Tray_Double_Click_Toggles_Window_Visibility" computerName="CPC-bruno-U7R9O" duration="00:00:00.0008981" startTime="2026-04-26T11:12:10.2363717-04:00" endTime="2026-04-26T11:12:10.2363719-04:00" testType="13cdc9d9-ddb5-4fa4-a97d-d965ccfc6d4b" outcome="Passed" testListId="8c84fa94-04c1-424b-9868-57a2d4851a1d" relativeResultsDirectory="dc0b998d-021f-44a2-9cb3-273f79e4ede4" />
    <UnitTestResult executionId="f10faeb7-bc03-464c-a6fe-d3cd983ed855" testId="2efd00f4-0d25-0a67-8eac-843586665190" testName="ElBruno.AspireMonitor.Tests.Services.StatusCalculatorTests.CalculateStatus_EdgeCases_HandledCorrectly(cpu: 50, memory: 50, customThreshold: 50, expected: &quot;Yellow&quot;)" computerName="CPC-bruno-U7R9O" duration="00:00:00.0006685" startTime="2026-04-26T11:12:10.1836256-04:00" endTime="2026-04-26T11:12:10.1836257-04:00" testType="13cdc9d9-ddb5-4fa4-a97d-d965ccfc6d4b" outcome="Passed" testListId="8c84fa94-04c1-424b-9868-57a2d4851a1d" relativeResultsDirectory="f10faeb7-bc03-464c-a6fe-d3cd983ed855" />
    <UnitTestResult executionId="c31e6f73-876b-4cb9-b381-45f6e9758ca5" testId="e609592f-90f3-ff36-0ae4-f68f81b1f793" testName="ElBruno.AspireMonitor.Tests.Views.SystemTrayContextMenuTests.ContextMenu_ExitOption_ClosesAllWindows" computerName="CPC-bruno-U7R9O" duration="00:00:00.0031357" startTime="2026-04-26T11:12:10.1844658-04:00" endTime="2026-04-26T11:12:10.1844658-04:00" testType="13cdc9d9-ddb5-4fa4-a97d-d965ccfc6d4b" outcome="Passed" testListId="8c84fa94-04c1-424b-9868-57a2d4851a1d" relativeResultsDirectory="c31e6f73-876b-4cb9-b381-45f6e9758ca5" />
    <UnitTestResult executionId="46ebe597-0817-4d7f-8e67-607f3902059a" testId="eef090ec-0eb4-1f49-c3d8-01890c8b2912" testName="ElBruno.AspireMonitor.Tests.Views.MiniMonitorUITests.MiniMonitor_Closes_Cleanly" computerName="CPC-bruno-U7R9O" duration="00:00:00.0004905" startTime="2026-04-26T11:12:11.7898675-04:00" endTime="2026-04-26T11:12:11.7898676-04:00" testType="13cdc9d9-ddb5-4fa4-a97d-d965ccfc6d4b" outcome="Passed" testListId="8c84fa94-04c1-424b-9868-57a2d4851a1d" relativeResultsDirectory="46ebe597-0817-4d7f-8e67-607f3902059a" />
    <UnitTestResult executionId="eb2403c9-a3da-4a0e-954d-1b8ff9951e57" testId="90766150-4a20-6b0a-6512-0a325a9579f9" testName="ElBruno.AspireMonitor.Tests.Services.ConfigurationServiceTests.ValidatePollingInterval_VariousValues_ValidatesCorrectly(interval: -5, shouldBeValid: False)" computerName="CPC-bruno-U7R9O" duration="00:00:00.0021630" startTime="2026-04-26T11:12:10.1829289-04:00" endTime="2026-04-26T11:12:10.1829289-04:00" testType="13cdc9d9-ddb5-4fa4-a97d-d965ccfc6d4b" outcome="Passed" testListId="8c84fa94-04c1-424b-9868-57a2d4851a1d" relativeResultsDirectory="eb2403c9-a3da-4a0e-954d-1b8ff9951e57" />
    <UnitTestResult executionId="1855947c-c69b-4982-9ca5-95ee84beec3c" testId="ec0736e3-97d1-441a-fbe0-e7a3e8a61ff0" testName="ElBruno.AspireMonitor.Tests.Views.SystemTrayContextMenuTests.ContextMenu_DetailsOption_FocusesMainWindow_IfAlreadyOpen" computerName="CPC-bruno-U7R9O" duration="00:00:00.0012706" startTime="2026-04-26T11:12:10.1926435-04:00" endTime="2026-04-26T11:12:10.1926436-04:00" testType="13cdc9d9-ddb5-4fa4-a97d-d965ccfc6d4b" outcome="Passed" testListId="8c84fa94-04c1-424b-9868-57a2d4851a1d" relativeResultsDirectory="1855947c-c69b-4982-9ca5-95ee84beec3c" />
    <UnitTestResult executionId="c1a9721b-1a31-4675-986e-098cfce9c9d2" testId="77aea196-cc83-697a-a1f0-a8bb68664ba3" testName="ElBruno.AspireMonitor.Tests.Services.StatusCalculatorTests.CalculateStatus_BelowThreshold_ReturnsGreen(cpu: 69.900000000000006, memory: 50, expected: &quot;Green&quot;)" computerName="CPC-bruno-U7R9O" duration="00:00:00.0000174" startTime="2026-04-26T11:12:10.1800940-04:00" endTime="2026-04-26T11:12:10.1800941-04:00" testType="13cdc9d9-ddb5-4fa4-a97d-d965ccfc6d4b" outcome="Passed" testListId="8c84fa94-04c1-424b-9868-57a2d4851a1d" relativeResultsDirectory="c1a9721b-1a31-4675-986e-098cfce9c9d2" />
    <UnitTestResult executionId="c350986c-5d21-4384-8c39-f6ca684ac4bc" testId="64cf89db-8e8f-c578-8327-cf163f0524b7" testName="ElBruno.AspireMonitor.Tests.Services.StatusCalculatorTests.CalculateStatus_BelowThreshold_ReturnsGreen(cpu: 50, memory: 50, expected: &quot;Green&quot;)" computerName="CPC-bruno-U7R9O" duration="00:00:00.0000058" startTime="2026-04-26T11:12:10.1801282-04:00" endTime="2026-04-26T11:12:10.1801283-04:00" testType="13cdc9d9-ddb5-4fa4-a97d-d965ccfc6d4b" outcome="Passed" testListId="8c84fa94-04c1-424b-9868-57a2d4851a1d" relativeResultsDirectory="c350986c-5d21-4384-8c39-f6ca684ac4bc" />
    <UnitTestResult executionId="8a455c96-72cf-4735-a1d2-a3f0136f1cdb" testId="f8b5ab5f-155b-7992-0f64-e2a996d1120f" testName="ElBruno.AspireMonitor.Tests.Services.StatusCalculatorTests.CalculateStatus_BelowThreshold_ReturnsGreen(cpu: 50, memory: 69.900000000000006, expected: &quot;Green&quot;)" computerName="CPC-bruno-U7R9O" duration="00:00:00.0218408" startTime="2026-04-26T11:12:10.1586030-04:00" endTime="2026-04-26T11:12:10.1586031-04:00" testType="13cdc9d9-ddb5-4fa4-a97d-d965ccfc6d4b" outcome="Passed" testListId="8c84fa94-04c1-424b-9868-57a2d4851a1d" relativeResultsDirectory="8a455c96-72cf-4735-a1d2-a3f0136f1cdb" />
    <UnitTestResult executionId="bdab4b23-aa9a-45f4-afd8-d41c1d4a3097" testId="791f7d89-ba5a-0131-d3e4-3fffffe82047" testName="ElBruno.AspireMonitor.Tests.Configuration.RepositoryUrlValidationTests.RepositoryUrl_SetToEmptyString_ShouldResetToNoUrl" computerName="CPC-bruno-U7R9O" duration="00:00:00.0023788" startTime="2026-04-26T11:12:10.2384208-04:00" endTime="2026-04-26T11:12:10.2384208-04:00" testType="13cdc9d9-ddb5-4fa4-a97d-d965ccfc6d4b" outcome="Passed" testListId="8c84fa94-04c1-424b-9868-57a2d4851a1d" relativeResultsDirectory="bdab4b23-aa9a-45f4-afd8-d41c1d4a3097" />
    <UnitTestResult executionId="a5fddff2-cff6-486f-a034-e94b46d4b9fd" testId="8fd920b2-6460-81ca-0914-527fba5c9366" testName="ElBruno.AspireMonitor.Tests.EdgeCaseTests.EmptyResourceList_HandlesGracefully" computerName="CPC-bruno-U7R9O" duration="00:00:00.0012714" startTime="2026-04-26T11:12:10.3867555-04:00" endTime="2026-04-26T11:12:10.3867558-04:00" testType="13cdc9d9-ddb5-4fa4-a97d-d965ccfc6d4b" outcome="Passed" testListId="8c84fa94-04c1-424b-9868-57a2d4851a1d" relativeResultsDirectory="a5fddff2-cff6-486f-a034-e94b46d4b9fd" />
    <UnitTestResult executionId="7ec8b78b-cef0-47b1-bc36-599bfc50a4f5" testId="929c62e4-1cc2-ee7e-18ca-7d430913da9b" testName="ElBruno.AspireMonitor.Tests.Configuration.RepositoryUrlValidationTests.RepositoryUrl_CanBeSavedToConfigFile" computerName="CPC-bruno-U7R9O" duration="00:00:00.0050055" startTime="2026-04-26T11:12:10.1934449-04:00" endTime="2026-04-26T11:12:10.1934450-04:00" testType="13cdc9d9-ddb5-4fa4-a97d-d965ccfc6d4b" outcome="Passed" testListId="8c84fa94-04c1-424b-9868-57a2d4851a1d" relativeResultsDirectory="7ec8b78b-cef0-47b1-bc36-599bfc50a4f5" />
    <UnitTestResult executionId="1445e14a-590d-4604-9c40-f37485a5f653" testId="665c3f52-7a74-c2c8-1bfc-583f31eedd77" testName="ElBruno.AspireMonitor.Tests.Configuration.RepositoryUrlValidationTests.RepositoryUrl_MissingScheme_ShouldIndicateInvalid" computerName="CPC-bruno-U7R9O" duration="00:00:00.0020171" startTime="2026-04-26T11:12:10.1909761-04:00" endTime="2026-04-26T11:12:10.1909762-04:00" testType="13cdc9d9-ddb5-4fa4-a97d-d965ccfc6d4b" outcome="Passed" testListId="8c84fa94-04c1-424b-9868-57a2d4851a1d" relativeResultsDirectory="1445e14a-590d-4604-9c40-f37485a5f653" />
    <UnitTestResult executionId="fa6bb0a8-b27f-4dbf-8264-52c9fd89f61a" testId="8a486998-9f16-5e64-556f-3e4418717a16" testName="ElBruno.AspireMonitor.Tests.Views.SystemTrayContextMenuTests.ContextMenu_DetailsOption_OpensMainWindow" computerName="CPC-bruno-U7R9O" duration="00:00:00.0017809" startTime="2026-04-26T11:12:10.1835669-04:00" endTime="2026-04-26T11:12:10.1835669-04:00" testType="13cdc9d9-ddb5-4fa4-a97d-d965ccfc6d4b" outcome="Passed" testListId="8c84fa94-04c1-424b-9868-57a2d4851a1d" relativeResultsDirectory="fa6bb0a8-b27f-4dbf-8264-52c9fd89f61a" />
    <UnitTestResult executionId="a8f50625-c785-4e5c-8e47-3ada7b496a4e" testId="abaac21e-74c4-42d7-b501-58ef630aa736" testName="ElBruno.AspireMonitor.Tests.Views.MiniMonitorUITests.MiniMonitor_HasTopmost_True" computerName="CPC-bruno-U7R9O" duration="00:00:00.0001222" startTime="2026-04-26T11:12:11.7927308-04:00" endTime="2026-04-26T11:12:11.7927310-04:00" testType="13cdc9d9-ddb5-4fa4-a97d-d965ccfc6d4b" outcome="Passed" testListId="8c84fa94-04c1-424b-9868-57a2d4851a1d" relativeResultsDirectory="a8f50625-c785-4e5c-8e47-3ada7b496a4e" />
    <UnitTestResult executionId="4235c5e4-ee96-46cd-a190-f157f53ded7d" testId="3c847454-568f-42e4-281f-ba80d6295ae8" testName="ElBruno.AspireMonitor.Tests.Configuration.RepositoryUrlValidationTests.SettingsViewModel_RepositoryUrl_PropertyBinding_ShouldUpdateCorrectly" computerName="CPC-bruno-U7R9O" duration="00:00:00.0020855" startTime="2026-04-26T11:12:10.2359796-04:00" endTime="2026-04-26T11:12:10.2359798-04:00" testType="13cdc9d9-ddb5-4fa4-a97d-d965ccfc6d4b" outcome="Passed" testListId="8c84fa94-04c1-424b-9868-57a2d4851a1d" relativeResultsDirectory="4235c5e4-ee96-46cd-a190-f157f53ded7d" />
    <UnitTestResult executionId="763ad350-a91c-4cc0-b0b5-a93fa530abdf" testId="f7c7a508-a6ff-37aa-8b4e-6b709edaa6e0" testName="ElBruno.AspireMonitor.Tests.Views.AppStartupTests.MainWindow_Close_Button_Minimizes_To_Tray" computerName="CPC-bruno-U7R9O" duration="00:00:00.0002685" startTime="2026-04-26T11:12:10.2354646-04:00" endTime="2026-04-26T11:12:10.2354646-04:00" testType="13cdc9d9-ddb5-4fa4-a97d-d965ccfc6d4b" outcome="Passed" testListId="8c84fa94-04c1-424b-9868-57a2d4851a1d" relativeResultsDirectory="763ad350-a91c-4cc0-b0b5-a93fa530abdf" />
    <UnitTestResult executionId="2af39461-f1f4-44a3-9a59-17012626a7bb" testId="00d3e119-c5bb-c1af-bc92-b0267b506cb6" testName="ElBruno.AspireMonitor.Tests.Configuration.RepositoryUrlValidationTests.RepositoryUrl_MalformedUrl_ShouldHandleGracefully" computerName="CPC-bruno-U7R9O" duration="00:00:00.0276676" startTime="2026-04-26T11:12:10.1586623-04:00" endTime="2026-04-26T11:12:10.1586624-04:00" testType="13cdc9d9-ddb5-4fa4-a97d-d965ccfc6d4b" outcome="Passed" testListId="8c84fa94-04c1-424b-9868-57a2d4851a1d" relativeResultsDirectory="2af39461-f1f4-44a3-9a59-17012626a7bb" />
    <UnitTestResult executionId="f595af78-321d-411b-ae0a-051bff3e1ec0" testId="e172fb50-70ea-6f3d-8037-2534618197c3" testName="ElBruno.AspireMonitor.Tests.Views.MiniMonitorUITests.MiniMonitor_MinimumSize_Enforced" computerName="CPC-bruno-U7R9O" duration="00:00:00.0006885" startTime="2026-04-26T11:12:11.7907567-04:00" endTime="2026-04-26T11:12:11.7907568-04:00" testType="13cdc9d9-ddb5-4fa4-a97d-d965ccfc6d4b" outcome="Passed" testListId="8c84fa94-04c1-424b-9868-57a2d4851a1d" relativeResultsDirectory="f595af78-321d-411b-ae0a-051bff3e1ec0" />
    <UnitTestResult executionId="64ac147e-0f8c-4866-adf0-124c3f66737a" testId="32afb9b0-09d5-cc5c-96a2-169960be96ae" testName="ElBruno.AspireMonitor.Tests.Services.AspireApiClientTests.GetResourcesAsync_RetriesWithBackoff_OnTransientFailure" computerName="CPC-bruno-U7R9O" duration="00:00:00.3229916" startTime="2026-04-26T11:12:10.6169227-04:00" endTime="2026-04-26T11:12:10.6169231-04:00" testType="13cdc9d9-ddb5-4fa4-a97d-d965ccfc6d4b" outcome="Passed" testListId="8c84fa94-04c1-424b-9868-57a2d4851a1d" relativeResultsDirectory="64ac147e-0f8c-4866-adf0-124c3f66737a" />
    <UnitTestResult executionId="714c0084-05d0-4b26-a9c8-cbcee8db66d7" testId="469ec592-166e-b68c-7d68-7efe804df7cb" testName="ElBruno.AspireMonitor.Tests.Services.AspireApiClientTests.GetResourcesAsync_UnreachableEndpoint_ReturnsError" computerName="CPC-bruno-U7R9O" duration="00:00:00.0029351" startTime="2026-04-26T11:12:10.2937171-04:00" endTime="2026-04-26T11:12:10.2937174-04:00" testType="13cdc9d9-ddb5-4fa4-a97d-d965ccfc6d4b" outcome="Passed" testListId="8c84fa94-04c1-424b-9868-57a2d4851a1d" relativeResultsDirectory="714c0084-05d0-4b26-a9c8-cbcee8db66d7" />
    <UnitTestResult executionId="e6e497b0-7d02-4327-8170-980d25ead034" testId="e628a25c-14fc-571f-bf6e-be26a229c6be" testName="ElBruno.AspireMonitor.Tests.Views.MainWindowUITests.MainWindow_MaximizeRestore_Cycle" computerName="CPC-bruno-U7R9O" duration="00:00:00.0021503" startTime="2026-04-26T11:12:10.1900764-04:00" endTime="2026-04-26T11:12:10.1900764-04:00" testType="13cdc9d9-ddb5-4fa4-a97d-d965ccfc6d4b" outcome="Passed" testListId="8c84fa94-04c1-424b-9868-57a2d4851a1d" relativeResultsDirectory="e6e497b0-7d02-4327-8170-980d25ead034" />
    <UnitTestResult executionId="a9c8e8ee-7bb6-4da6-9ee9-4991b4f436ea" testId="f4fede9b-bf4f-e3c9-3f44-f5a0fc3ac0d0" testName="ElBruno.AspireMonitor.Tests.Services.PollingServiceTests.StartAsync_InitiatesPolling_Successfully" computerName="CPC-bruno-U7R9O" duration="00:00:00.0150571" startTime="2026-04-26T11:12:10.7734498-04:00" endTime="2026-04-26T11:12:10.7734502-04:00" testType="13cdc9d9-ddb5-4fa4-a97d-d965ccfc6d4b" outcome="Passed" testListId="8c84fa94-04c1-424b-9868-57a2d4851a1d" relativeResultsDirectory="a9c8e8ee-7bb6-4da6-9ee9-4991b4f436ea" />
    <UnitTestResult executionId="3383d39a-0afd-47fe-be2a-8ef068382286" testId="e406eea4-7e29-8d38-4b10-5124f3f3942f" testName="ElBruno.AspireMonitor.Tests.Views.AppStartupTests.App_Restart_Maintains_Hidden_MainWindow_Behavior" computerName="CPC-bruno-U7R9O" duration="00:00:00.0006514" startTime="2026-04-26T11:12:10.2285405-04:00" endTime="2026-04-26T11:12:10.2285408-04:00" testType="13cdc9d9-ddb5-4fa4-a97d-d965ccfc6d4b" outcome="Passed" testListId="8c84fa94-04c1-424b-9868-57a2d4851a1d" relativeResultsDirectory="3383d39a-0afd-47fe-be2a-8ef068382286" />
    <UnitTestResult executionId="a1c70ee6-7ee1-450d-a9d6-efa31c831bbf" testId="ec0d9c6b-f1a3-9f78-b64a-deef6c72bd68" testName="ElBruno.AspireMonitor.Tests.Configuration.RepositoryUrlValidationTests.RepositoryUrl_Whitespace_ShouldIndicateInvalid" computerName="CPC-bruno-U7R9O" duration="00:00:00.0034248" startTime="2026-04-26T11:12:10.2076674-04:00" endTime="2026-04-26T11:12:10.2076675-04:00" testType="13cdc9d9-ddb5-4fa4-a97d-d965ccfc6d4b" outcome="Passed" testListId="8c84fa94-04c1-424b-9868-57a2d4851a1d" relativeResultsDirectory="a1c70ee6-7ee1-450d-a9d6-efa31c831bbf" />
    <UnitTestResult executionId="c13a3be0-c5df-4231-b0e4-72b1422c9252" testId="f1f4099c-8a07-d8f0-4b62-766019978ef1" testName="ElBruno.AspireMonitor.Tests.Views.SystemTrayContextMenuTests.ContextMenu_EscapeKey_ClosesMenu" computerName="CPC-bruno-U7R9O" duration="00:00:00.0011961" startTime="2026-04-26T11:12:10.1900367-04:00" endTime="2026-04-26T11:12:10.1900368-04:00" testType="13cdc9d9-ddb5-4fa4-a97d-d965ccfc6d4b" outcome="Passed" testListId="8c84fa94-04c1-424b-9868-57a2d4851a1d" relativeResultsDirectory="c13a3be0-c5df-4231-b0e4-72b1422c9252" />
    <UnitTestResult executionId="e6d9950a-fefe-4e49-92aa-b4818c79d186" testId="f3b27f2b-3080-f4e6-8c50-f8c54355c8c8" testName="ElBruno.AspireMonitor.Tests.Configuration.ProjectFolderRepositoryUrlIntegrationTests.SettingsViewModel_LoadsProjectFolder_FromConfigService" computerName="CPC-bruno-U7R9O" duration="00:00:00.0181308" startTime="2026-04-26T11:12:10.2535828-04:00" endTime="2026-04-26T11:12:10.2535831-04:00" testType="13cdc9d9-ddb5-4fa4-a97d-d965ccfc6d4b" outcome="Passed" testListId="8c84fa94-04c1-424b-9868-57a2d4851a1d" relativeResultsDirectory="e6d9950a-fefe-4e49-92aa-b4818c79d186" />
    <UnitTestResult executionId="acaba8aa-2341-49e1-889f-b0897e788e45" testId="2f9061f5-a0bd-d300-b22b-c0d2930bd8e2" testName="ElBruno.AspireMonitor.Tests.Views.MainWindowUITests.MainWindow_MaximizeButton_Success" computerName="CPC-bruno-U7R9O" duration="00:00:00.0008441" startTime="2026-04-26T11:12:10.1924290-04:00" endTime="2026-04-26T11:12:10.1924291-04:00" testType="13cdc9d9-ddb5-4fa4-a97d-d965ccfc6d4b" outcome="Passed" testListId="8c84fa94-04c1-424b-9868-57a2d4851a1d" relativeResultsDirectory="acaba8aa-2341-49e1-889f-b0897e788e45" />
    <UnitTestResult executionId="fb587fd4-d2c6-441b-8131-bd022ee46634" testId="f0239d31-7a9f-4920-f59d-65340d30f9f4" testName="ElBruno.AspireMonitor.Tests.Services.AspireApiClientTests.GetResourcesAsync_MalformedJson_ThrowsException" computerName="CPC-bruno-U7R9O" duration="00:00:00.0098070" startTime="2026-04-26T11:12:10.2827657-04:00" endTime="2026-04-26T11:12:10.2827661-04:00" testType="13cdc9d9-ddb5-4fa4-a97d-d965ccfc6d4b" outcome="Passed" testListId="8c84fa94-04c1-424b-9868-57a2d4851a1d" relativeResultsDirectory="fb587fd4-d2c6-441b-8131-bd022ee46634" />
    <UnitTestResult executionId="aa5b1e89-07fd-4aea-ac26-2094a6de4950" testId="e784ff82-a077-3db4-e525-2939991ffe04" testName="ElBruno.AspireMonitor.Tests.IntegrationTests.PollingError_Updates_ErrorState" computerName="CPC-bruno-U7R9O" duration="00:00:00.0017449" startTime="2026-04-26T11:12:10.2086441-04:00" endTime="2026-04-26T11:12:10.2086444-04:00" testType="13cdc9d9-ddb5-4fa4-a97d-d965ccfc6d4b" outcome="Passed" testListId="8c84fa94-04c1-424b-9868-57a2d4851a1d" relativeResultsDirectory="aa5b1e89-07fd-4aea-ac26-2094a6de4950" />
    <UnitTestResult executionId="0082f487-caf8-439c-9ac2-55b2f11cfbf0" testId="fb335561-cfcd-8a64-ee86-b63e535eb3a4" testName="ElBruno.AspireMonitor.Tests.Views.SystemTrayContextMenuTests.TrayIcon_MultipleContextMenuActions_WorkSequentially" computerName="CPC-bruno-U7R9O" duration="00:00:00.0009652" startTime="2026-04-26T11:12:10.1925048-04:00" endTime="2026-04-26T11:12:10.1925048-04:00" testType="13cdc9d9-ddb5-4fa4-a97d-d965ccfc6d4b" outcome="Passed" testListId="8c84fa94-04c1-424b-9868-57a2d4851a1d" relativeResultsDirectory="0082f487-caf8-439c-9ac2-55b2f11cfbf0" />
    <UnitTestResult executionId="80e7c527-d505-4931-a2f6-3f4f5331ba97" testId="59f02504-a157-7fc0-4ac0-48b726d70bf0" testName="ElBruno.AspireMonitor.Tests.Services.ConfigurationServiceTests.ValidateConfiguration_InvalidValues_ThrowsException" computerName="CPC-bruno-U7R9O" duration="00:00:00.0118035" startTime="2026-04-26T11:12:10.1943069-04:00" endTime="2026-04-26T11:12:10.1943070-04:00" testType="13cdc9d9-ddb5-4fa4-a97d-d965ccfc6d4b" outcome="Passed" testListId="8c84fa94-04c1-424b-9868-57a2d4851a1d" relativeResultsDirectory="80e7c527-d505-4931-a2f6-3f4f5331ba97" />
    <UnitTestResult executionId="5162076a-5de9-43e6-9ffc-cf051028a49c" testId="3f60eb95-bd7f-ab6a-4af3-52498f61df86" testName="ElBruno.AspireMonitor.Tests.Views.SystemTrayContextMenuTests.ContextMenu_RightClickTrayIcon_OpensMenu" computerName="CPC-bruno-U7R9O" duration="00:00:00.0013232" startTime="2026-04-26T11:12:10.1919133-04:00" endTime="2026-04-26T11:12:10.1919133-04:00" testType="13cdc9d9-ddb5-4fa4-a97d-d965ccfc6d4b" outcome="Passed" testListId="8c84fa94-04c1-424b-9868-57a2d4851a1d" relativeResultsDirectory="5162076a-5de9-43e6-9ffc-cf051028a49c" />
    <UnitTestResult executionId="c17ebf96-ab37-4945-801c-31f98a9e08bb" testId="ecaeda6b-b0a8-35cd-0dff-24d03feb39f0" testName="ElBruno.AspireMonitor.Tests.Services.PollingServiceTests.RapidStartStop_DoesNotCauseCrash_OrLeaks" computerName="CPC-bruno-U7R9O" duration="00:00:00.3171775" startTime="2026-04-26T11:12:12.1232089-04:00" endTime="2026-04-26T11:12:12.1232094-04:00" testType="13cdc9d9-ddb5-4fa4-a97d-d965ccfc6d4b" outcome="Passed" testListId="8c84fa94-04c1-424b-9868-57a2d4851a1d" relativeResultsDirectory="c17ebf96-ab37-4945-801c-31f98a9e08bb" />
    <UnitTestResult executionId="88cb3f99-f3cc-441a-a4f9-8e2893554960" testId="b4d48d8a-951f-3930-8f76-3d825a2f2263" testName="ElBruno.AspireMonitor.Tests.Services.PollingServiceTests.OfflineRecovery_ReconnectsAutomatically_WhenApiReturns" computerName="CPC-bruno-U7R9O" duration="00:00:00.6467019" startTime="2026-04-26T11:12:10.7581752-04:00" endTime="2026-04-26T11:12:10.7581756-04:00" testType="13cdc9d9-ddb5-4fa4-a97d-d965ccfc6d4b" outcome="Passed" testListId="8c84fa94-04c1-424b-9868-57a2d4851a1d" relativeResultsDirectory="88cb3f99-f3cc-441a-a4f9-8e2893554960" />
    <UnitTestResult executionId="a57d0e4e-7cc6-44bd-ac95-d04ef27fdc3a" testId="3aace3a5-ac81-a8e3-833f-a1558e1d2681" testName="ElBruno.AspireMonitor.Tests.Configuration.RepositoryUrlValidationTests.RepositoryUrl_WithUserInfo_ShouldBeValid" computerName="CPC-bruno-U7R9O" duration="00:00:00.0055497" startTime="2026-04-26T11:12:10.1961297-04:00" endTime="2026-04-26T11:12:10.1961298-04:00" testType="13cdc9d9-ddb5-4fa4-a97d-d965ccfc6d4b" outcome="Passed" testListId="8c84fa94-04c1-424b-9868-57a2d4851a1d" relativeResultsDirectory="a57d0e4e-7cc6-44bd-ac95-d04ef27fdc3a" />
    <UnitTestResult executionId="a948e2b7-4f4d-480f-854a-63cc8c97fe99" testId="12236e75-ead7-1cb1-647f-1935968434a4" testName="ElBruno.AspireMonitor.Tests.Views.AppStartupTests.Tray_Menu_Contains_GitHub_Option" computerName="CPC-bruno-U7R9O" duration="00:00:00.0002035" startTime="2026-04-26T11:12:10.1951139-04:00" endTime="2026-04-26T11:12:10.1951140-04:00" testType="13cdc9d9-ddb5-4fa4-a97d-d965ccfc6d4b" outcome="Passed" testListId="8c84fa94-04c1-424b-9868-57a2d4851a1d" relativeResultsDirectory="a948e2b7-4f4d-480f-854a-63cc8c97fe99" />
    <UnitTestResult executionId="4cadc636-d68c-4bc6-addb-203915182074" testId="912c4bb7-2e3c-171b-016e-2850b38e1c34" testName="ElBruno.AspireMonitor.Tests.Configuration.RepositoryUrlValidationTests.RepositoryUrl_IpAddress_ShouldBeValid" computerName="CPC-bruno-U7R9O" duration="00:00:00.0021801" startTime="2026-04-26T11:12:10.1918735-04:00" endTime="2026-04-26T11:12:10.1918735-04:00" testType="13cdc9d9-ddb5-4fa4-a97d-d965ccfc6d4b" outcome="Passed" testListId="8c84fa94-04c1-424b-9868-57a2d4851a1d" relativeResultsDirectory="4cadc636-d68c-4bc6-addb-203915182074" />
    <UnitTestResult executionId="a062e62c-dcb3-4d4e-be13-6fa5cb71171d" testId="306830e7-f238-74ad-760d-708e5a1e172e" testName="ElBruno.AspireMonitor.Tests.Configuration.RepositoryUrlValidationTests.RepositoryUrl_WithQueryParameters_ShouldBeValid" computerName="CPC-bruno-U7R9O" duration="00:00:00.0038640" startTime="2026-04-26T11:12:10.2271281-04:00" endTime="2026-04-26T11:12:10.2271283-04:00" testType="13cdc9d9-ddb5-4fa4-a97d-d965ccfc6d4b" outcome="Passed" testListId="8c84fa94-04c1-424b-9868-57a2d4851a1d" relativeResultsDirectory="a062e62c-dcb3-4d4e-be13-6fa5cb71171d" />
    <UnitTestResult executionId="e960e6b9-4c1d-4eb4-aeb1-0f7cbee5aaa3" testId="1d4efd39-3b5f-f6de-da2b-e0ba7c3fea55" testName="ElBruno.AspireMonitor.Tests.Configuration.ProjectFolderValidationTests.ProjectFolder_BackwardCompatibility_OldConfigWithoutProjectFolder" computerName="CPC-bruno-U7R9O" duration="00:00:00.0109076" startTime="2026-04-26T11:12:10.2238357-04:00" endTime="2026-04-26T11:12:10.2238359-04:00" testType="13cdc9d9-ddb5-4fa4-a97d-d965ccfc6d4b" outcome="Passed" testListId="8c84fa94-04c1-424b-9868-57a2d4851a1d" relativeResultsDirectory="e960e6b9-4c1d-4eb4-aeb1-0f7cbee5aaa3" />
    <UnitTestResult executionId="568a8574-214f-409d-9a05-8f459c40c5dd" testId="46af75fb-8ee0-5ec4-8310-170d0c1730ea" testName="ElBruno.AspireMonitor.Tests.Views.MiniMonitorUITests.MiniMonitor_Closes_DoesNotHaveOrphanedProcesses" computerName="CPC-bruno-U7R9O" duration="00:00:00.0010656" startTime="2026-04-26T11:12:10.1879722-04:00" endTime="2026-04-26T11:12:10.1879722-04:00" testType="13cdc9d9-ddb5-4fa4-a97d-d965ccfc6d4b" outcome="Passed" testListId="8c84fa94-04c1-424b-9868-57a2d4851a1d" relativeResultsDirectory="568a8574-214f-409d-9a05-8f459c40c5dd" />
    <UnitTestResult executionId="bcd1b8cc-5a4e-47c7-9b58-fc49d971ec61" testId="d59963be-7a2b-6dd3-7e42-4a5e855a8df7" testName="ElBruno.AspireMonitor.Tests.Configuration.ProjectFolderRepositoryUrlIntegrationTests.Load_OldConfigFile_WithoutBothNewFields_ShouldUseDefaults" computerName="CPC-bruno-U7R9O" duration="00:00:00.0041434" startTime="2026-04-26T11:12:10.2578404-04:00" endTime="2026-04-26T11:12:10.2578407-04:00" testType="13cdc9d9-ddb5-4fa4-a97d-d965ccfc6d4b" outcome="Passed" testListId="8c84fa94-04c1-424b-9868-57a2d4851a1d" relativeResultsDirectory="bcd1b8cc-5a4e-47c7-9b58-fc49d971ec61" />
    <UnitTestResult executionId="b6d84d4a-60a4-450d-bef5-e3305546271e" testId="c88f0bd3-f1d0-ae7f-7fd1-deb896074476" testName="ElBruno.AspireMonitor.Tests.Views.AppStartupTests.Multiple_Tray_Menu_Opens_Do_Not_Corrupt_State" computerName="CPC-bruno-U7R9O" duration="00:00:00.0005955" startTime="2026-04-26T11:12:10.2344965-04:00" endTime="2026-04-26T11:12:10.2344968-04:00" testType="13cdc9d9-ddb5-4fa4-a97d-d965ccfc6d4b" outcome="Passed" testListId="8c84fa94-04c1-424b-9868-57a2d4851a1d" relativeResultsDirectory="b6d84d4a-60a4-450d-bef5-e3305546271e" />
    <UnitTestResult executionId="ea3ff7a2-775a-44c1-84a4-514966069b1c" testId="e9c4b47a-7813-8001-06a1-3dea0ee218f6" testName="ElBruno.AspireMonitor.Tests.Views.AppStartupTests.Tray_Icon_Right_Click_Shows_Context_Menu" computerName="CPC-bruno-U7R9O" duration="00:00:00.0001780" startTime="2026-04-26T11:12:10.2355493-04:00" endTime="2026-04-26T11:12:10.2355494-04:00" testType="13cdc9d9-ddb5-4fa4-a97d-d965ccfc6d4b" outcome="Passed" testListId="8c84fa94-04c1-424b-9868-57a2d4851a1d" relativeResultsDirectory="ea3ff7a2-775a-44c1-84a4-514966069b1c" />
    <UnitTestResult executionId="21985fa8-9960-401f-8831-117b3ef13121" testId="8e8f7547-6b61-a364-503b-ff0d7becf683" testName="ElBruno.AspireMonitor.Tests.Views.AppStartupTests.Tray_Settings_Window_Shows_RepositoryUrl_Field" computerName="CPC-bruno-U7R9O" duration="00:00:00.0005444" startTime="2026-04-26T11:12:10.1950130-04:00" endTime="2026-04-26T11:12:10.1950131-04:00" testType="13cdc9d9-ddb5-4fa4-a97d-d965ccfc6d4b" outcome="Passed" testListId="8c84fa94-04c1-424b-9868-57a2d4851a1d" relativeResultsDirectory="21985fa8-9960-401f-8831-117b3ef13121" />
    <UnitTestResult executionId="297791c3-14de-4359-9dec-2c59c103064a" testId="50367699-394b-2f82-be42-426f1d650142" testName="ElBruno.AspireMonitor.Tests.Views.MiniMonitorUITests.MiniMonitor_OpensFromContextMenu_Success" computerName="CPC-bruno-U7R9O" duration="00:00:00.0003967" startTime="2026-04-26T11:12:11.7911294-04:00" endTime="2026-04-26T11:12:11.7911296-04:00" testType="13cdc9d9-ddb5-4fa4-a97d-d965ccfc6d4b" outcome="Passed" testListId="8c84fa94-04c1-424b-9868-57a2d4851a1d" relativeResultsDirectory="297791c3-14de-4359-9dec-2c59c103064a" />
    <UnitTestResult executionId="d000b9f9-4dab-413d-a91d-ad6158550ffd" testId="c39d2d5e-06f0-9675-38e8-9e87e79cade9" testName="ElBruno.AspireMonitor.Tests.Services.StatusCalculatorTests.CalculateStatus_ExceedsCritical_ReturnsRed(cpu: 90, memory: 50, expected: &quot;Red&quot;)" computerName="CPC-bruno-U7R9O" duration="00:00:00.0007584" startTime="2026-04-26T11:12:10.1836979-04:00" endTime="2026-04-26T11:12:10.1836979-04:00" testType="13cdc9d9-ddb5-4fa4-a97d-d965ccfc6d4b" outcome="Passed" testListId="8c84fa94-04c1-424b-9868-57a2d4851a1d" relativeResultsDirectory="d000b9f9-4dab-413d-a91d-ad6158550ffd" />
    <UnitTestResult executionId="0572f834-71a2-47ea-a3a9-0e4d43d95069" testId="f701c133-ac39-4a22-0eca-3106774902d3" testName="ElBruno.AspireMonitor.Tests.Services.StatusCalculatorTests.CalculateStatus_ExceedsCritical_ReturnsRed(cpu: 100, memory: 100, expected: &quot;Red&quot;)" computerName="CPC-bruno-U7R9O" duration="00:00:00.0011298" startTime="2026-04-26T11:12:10.1843251-04:00" endTime="2026-04-26T11:12:10.1843252-04:00" testType="13cdc9d9-ddb5-4fa4-a97d-d965ccfc6d4b" outcome="Passed" testListId="8c84fa94-04c1-424b-9868-57a2d4851a1d" relativeResultsDirectory="0572f834-71a2-47ea-a3a9-0e4d43d95069" />
    <UnitTestResult executionId="27988c13-0318-4499-8145-4d84102939e1" testId="e06fb24d-3978-9b0c-dff0-f82d85b761cb" testName="ElBruno.AspireMonitor.Tests.Views.MiniMonitorUITests.MiniMonitor_ShowsMinimalMetrics_ResourceCount" computerName="CPC-bruno-U7R9O" duration="00:00:00.0001675" startTime="2026-04-26T11:12:11.7919718-04:00" endTime="2026-04-26T11:12:11.7919719-04:00" testType="13cdc9d9-ddb5-4fa4-a97d-d965ccfc6d4b" outcome="Passed" testListId="8c84fa94-04c1-424b-9868-57a2d4851a1d" relativeResultsDirectory="27988c13-0318-4499-8145-4d84102939e1" />
    <UnitTestResult executionId="e475081d-c3d5-457e-b68f-2b2faf3e44a4" testId="ff9941b9-4cfc-db0e-6dfe-568341c2b22d" testName="ElBruno.AspireMonitor.Tests.Views.AppStartupTests.Tray_Menu_Contains_Settings_Option" computerName="CPC-bruno-U7R9O" duration="00:00:00.0078044" startTime="2026-04-26T11:12:10.1918193-04:00" endTime="2026-04-26T11:12:10.1918196-04:00" testType="13cdc9d9-ddb5-4fa4-a97d-d965ccfc6d4b" outcome="Passed" testListId="8c84fa94-04c1-424b-9868-57a2d4851a1d" relativeResultsDirectory="e475081d-c3d5-457e-b68f-2b2faf3e44a4" />
    <UnitTestResult executionId="93a793fe-9f5b-4391-a656-5ecdd20984e1" testId="2ed3ee88-9f00-21e2-6386-43559a1dc055" testName="ElBruno.AspireMonitor.Tests.Views.SystemTrayContextMenuTests.ContextMenu_ClickingOption_ClosesMenu" computerName="CPC-bruno-U7R9O" duration="00:00:00.0041385" startTime="2026-04-26T11:12:10.1871431-04:00" endTime="2026-04-26T11:12:10.1871432-04:00" testType="13cdc9d9-ddb5-4fa4-a97d-d965ccfc6d4b" outcome="Passed" testListId="8c84fa94-04c1-424b-9868-57a2d4851a1d" relativeResultsDirectory="93a793fe-9f5b-4391-a656-5ecdd20984e1" />
    <UnitTestResult executionId="76d4135c-8ba0-410f-b97d-577bfe111670" testId="ea5181f1-9d53-f7df-57f9-11ea96f00909" testName="ElBruno.AspireMonitor.Tests.Views.SystemTrayContextMenuTests.ContextMenu_GitHubOption_HandlesUrlOpeningErrors" computerName="CPC-bruno-U7R9O" duration="00:00:00.0017578" startTime="2026-04-26T11:12:10.1885654-04:00" endTime="2026-04-26T11:12:10.1885655-04:00" testType="13cdc9d9-ddb5-4fa4-a97d-d965ccfc6d4b" outcome="Passed" testListId="8c84fa94-04c1-424b-9868-57a2d4851a1d" relativeResultsDirectory="76d4135c-8ba0-410f-b97d-577bfe111670" />
    <UnitTestResult executionId="7bf6ab74-a40d-44d2-b7ef-bbb667178cca" testId="d6cd2a79-8764-96a9-273c-c6d23b3a868f" testName="ElBruno.AspireMonitor.Tests.Configuration.ProjectFolderRepositoryUrlIntegrationTests.ConfigFileDamaged_ShouldFallbackToDefaults" computerName="CPC-bruno-U7R9O" duration="00:00:00.0030730" startTime="2026-04-26T11:12:10.3021587-04:00" endTime="2026-04-26T11:12:10.3021589-04:00" testType="13cdc9d9-ddb5-4fa4-a97d-d965ccfc6d4b" outcome="Passed" testListId="8c84fa94-04c1-424b-9868-57a2d4851a1d" relativeResultsDirectory="7bf6ab74-a40d-44d2-b7ef-bbb667178cca" />
    <UnitTestResult executionId="66f20b18-0026-4c19-b476-491cd2647f4b" testId="da5ddfc7-19fd-a389-ad94-8c2462679628" testName="ElBruno.AspireMonitor.Tests.Views.SystemTrayContextMenuTests.ContextMenu_ExitOption_AlwaysEnabled" computerName="CPC-bruno-U7R9O" duration="00:00:00.0005511" startTime="2026-04-26T11:12:10.1872242-04:00" endTime="2026-04-26T11:12:10.1872243-04:00" testType="13cdc9d9-ddb5-4fa4-a97d-d965ccfc6d4b" outcome="Passed" testListId="8c84fa94-04c1-424b-9868-57a2d4851a1d" relativeResultsDirectory="66f20b18-0026-4c19-b476-491cd2647f4b" />
    <UnitTestResult executionId="c1bc9412-a0ae-4eba-b82e-a9e60a1cfb37" testId="98df934f-3a69-7d45-c194-36afa63f8912" testName="ElBruno.AspireMonitor.Tests.Configuration.RepositoryUrlValidationTests.RepositoryUrl_OnlySlashes_ShouldIndicateInvalid" computerName="CPC-bruno-U7R9O" duration="00:00:00.0027426" startTime="2026-04-26T11:12:10.1943718-04:00" endTime="2026-04-26T11:12:10.1943719-04:00" testType="13cdc9d9-ddb5-4fa4-a97d-d965ccfc6d4b" outcome="Passed" testListId="8c84fa94-04c1-424b-9868-57a2d4851a1d" relativeResultsDirectory="c1bc9412-a0ae-4eba-b82e-a9e60a1cfb37" />
    <UnitTestResult executionId="5ac7fd8d-0efe-414b-8669-dfadd4241136" testId="5d95585b-a76e-3232-d44f-8de7efbf18da" testName="ElBruno.AspireMonitor.Tests.Services.ConfigurationServiceTests.ValidatePollingInterval_VariousValues_ValidatesCorrectly(interval: 1, shouldBeValid: True)" computerName="CPC-bruno-U7R9O" duration="00:00:00.0025081" startTime="2026-04-26T11:12:10.1851434-04:00" endTime="2026-04-26T11:12:10.1851434-04:00" testType="13cdc9d9-ddb5-4fa4-a97d-d965ccfc6d4b" outcome="Passed" testListId="8c84fa94-04c1-424b-9868-57a2d4851a1d" relativeResultsDirectory="5ac7fd8d-0efe-414b-8669-dfadd4241136" />
    <UnitTestResult executionId="0b3e0b40-baf8-409a-8006-00f78975ecc4" testId="3702334a-fbae-6c6e-ce12-68ca373462de" testName="ElBruno.AspireMonitor.Tests.Services.ConfigurationServiceTests.ValidateEndpoint_VariousFormats_ValidatesCorrectly(endpoint: &quot;https://aspire.example.com&quot;, shouldBeValid: True)" computerName="CPC-bruno-U7R9O" duration="00:00:00.0023455" startTime="2026-04-26T11:12:10.2293769-04:00" endTime="2026-04-26T11:12:10.2293770-04:00" testType="13cdc9d9-ddb5-4fa4-a97d-d965ccfc6d4b" outcome="Passed" testListId="8c84fa94-04c1-424b-9868-57a2d4851a1d" relativeResultsDirectory="0b3e0b40-baf8-409a-8006-00f78975ecc4" />
    <UnitTestResult executionId="840dcbee-6809-4b3b-8fc0-55023ead9509" testId="e2baabea-642c-8f6e-7c52-8ed640f3ad7d" testName="ElBruno.AspireMonitor.Tests.Views.MainWindowUITests.MainWindow_StatePersistence_SavesWindowGeometry" computerName="CPC-bruno-U7R9O" duration="00:00:00.0005338" startTime="2026-04-26T11:12:10.1908542-04:00" endTime="2026-04-26T11:12:10.1908543-04:00" testType="13cdc9d9-ddb5-4fa4-a97d-d965ccfc6d4b" outcome="Passed" testListId="8c84fa94-04c1-424b-9868-57a2d4851a1d" relativeResultsDirectory="840dcbee-6809-4b3b-8fc0-55023ead9509" />
    <UnitTestResult executionId="c5394af2-3d90-49cd-904f-bf7685ffcee7" testId="1357fa34-8cf4-820f-fc9b-a324e3c2a48c" testName="ElBruno.AspireMonitor.Tests.Views.AppStartupTests.Tray_Settings_Option_Opens_SettingsWindow" computerName="CPC-bruno-U7R9O" duration="00:00:00.0004689" startTime="2026-04-26T11:12:10.1958373-04:00" endTime="2026-04-26T11:12:10.1958373-04:00" testType="13cdc9d9-ddb5-4fa4-a97d-d965ccfc6d4b" outcome="Passed" testListId="8c84fa94-04c1-424b-9868-57a2d4851a1d" relativeResultsDirectory="c5394af2-3d90-49cd-904f-bf7685ffcee7" />
    <UnitTestResult executionId="2f4b0b02-7b96-4f91-b264-4734426dfb56" testId="d1a6f07b-0d36-fa9b-d105-3eb4f0f9922c" testName="ElBruno.AspireMonitor.Tests.Views.AppStartupTests.Settings_Window_Can_Be_Closed_Without_Changes" computerName="CPC-bruno-U7R9O" duration="00:00:00.0425657" startTime="2026-04-26T11:12:10.2272178-04:00" endTime="2026-04-26T11:12:10.2272179-04:00" testType="13cdc9d9-ddb5-4fa4-a97d-d965ccfc6d4b" outcome="Passed" testListId="8c84fa94-04c1-424b-9868-57a2d4851a1d" relativeResultsDirectory="2f4b0b02-7b96-4f91-b264-4734426dfb56" />
    <UnitTestResult executionId="05177171-1c92-4d2c-85d9-c644d43b6bde" testId="a06c885b-a523-46d9-a4b6-acf36b6281da" testName="ElBruno.AspireMonitor.Tests.Views.MainWindowUITests.MainWindow_ResizeViaMaximize_WorksCorrectly" computerName="CPC-bruno-U7R9O" duration="00:00:00.0009836" startTime="2026-04-26T11:12:10.1917218-04:00" endTime="2026-04-26T11:12:10.1917219-04:00" testType="13cdc9d9-ddb5-4fa4-a97d-d965ccfc6d4b" outcome="Passed" testListId="8c84fa94-04c1-424b-9868-57a2d4851a1d" relativeResultsDirectory="05177171-1c92-4d2c-85d9-c644d43b6bde" />
    <UnitTestResult executionId="1abfe114-fe1f-40fb-984f-3be9aaf30ce5" testId="0cf90fe0-aed2-f016-4013-651431707b14" testName="ElBruno.AspireMonitor.Tests.Views.MiniMonitorUITests.MiniMonitor_SingleInstance_NoDuplicateCreation" computerName="CPC-bruno-U7R9O" duration="00:00:00.0065937" startTime="2026-04-26T11:12:10.1908927-04:00" endTime="2026-04-26T11:12:10.1908928-04:00" testType="13cdc9d9-ddb5-4fa4-a97d-d965ccfc6d4b" outcome="Passed" testListId="8c84fa94-04c1-424b-9868-57a2d4851a1d" relativeResultsDirectory="1abfe114-fe1f-40fb-984f-3be9aaf30ce5" />
    <UnitTestResult executionId="5db1944a-8287-4bfd-9d7e-778f5321dcf7" testId="3f8ccc77-6629-2db2-7c8c-5c8d84cf879d" testName="ElBruno.AspireMonitor.Tests.Services.StatusCalculatorTests.CalculateStatus_ExceedsCritical_ReturnsRed(cpu: 95.5, memory: 92.299999999999997, expected: &quot;Red&quot;)" computerName="CPC-bruno-U7R9O" duration="00:00:00.0000037" startTime="2026-04-26T11:12:10.1844425-04:00" endTime="2026-04-26T11:12:10.1844426-04:00" testType="13cdc9d9-ddb5-4fa4-a97d-d965ccfc6d4b" outcome="Passed" testListId="8c84fa94-04c1-424b-9868-57a2d4851a1d" relativeResultsDirectory="5db1944a-8287-4bfd-9d7e-778f5321dcf7" />
    <UnitTestResult executionId="a10bde6b-fd82-4a3e-b264-33a2ba25f769" testId="d49e0346-af3b-f828-456a-f95741145094" testName="ElBruno.AspireMonitor.Tests.Views.AppStartupTests.Settings_Changed_In_Tray_Triggers_Configuration_Update" computerName="CPC-bruno-U7R9O" duration="00:00:00.0020024" startTime="2026-04-26T11:12:10.1944097-04:00" endTime="2026-04-26T11:12:10.1944097-04:00" testType="13cdc9d9-ddb5-4fa4-a97d-d965ccfc6d4b" outcome="Passed" testListId="8c84fa94-04c1-424b-9868-57a2d4851a1d" relativeResultsDirectory="a10bde6b-fd82-4a3e-b264-33a2ba25f769" />
    <UnitTestResult executionId="a8038dd8-d607-419e-bc0a-60ab94bf7b10" testId="82059756-feed-2016-d979-20eaff240fba" testName="ElBruno.AspireMonitor.Tests.Configuration.ProjectFolderRepositoryUrlIntegrationTests.WhitespaceOnlyValues_ShouldBeTreatedAsProvidedValues" computerName="CPC-bruno-U7R9O" duration="00:00:00.0023429" startTime="2026-04-26T11:12:10.3069566-04:00" endTime="2026-04-26T11:12:10.3069568-04:00" testType="13cdc9d9-ddb5-4fa4-a97d-d965ccfc6d4b" outcome="Passed" testListId="8c84fa94-04c1-424b-9868-57a2d4851a1d" relativeResultsDirectory="a8038dd8-d607-419e-bc0a-60ab94bf7b10" />
    <UnitTestResult executionId="02af55d9-392a-4f60-bccd-c361ecbd2810" testId="4217b231-5f16-bb4f-323d-28e01b463e9d" testName="ElBruno.AspireMonitor.Tests.Configuration.RepositoryUrlValidationTests.RepositoryUrl_WithPort_ShouldBeValid" computerName="CPC-bruno-U7R9O" duration="00:00:00.0041673" startTime="2026-04-26T11:12:10.1886356-04:00" endTime="2026-04-26T11:12:10.1886357-04:00" testType="13cdc9d9-ddb5-4fa4-a97d-d965ccfc6d4b" outcome="Passed" testListId="8c84fa94-04c1-424b-9868-57a2d4851a1d" relativeResultsDirectory="02af55d9-392a-4f60-bccd-c361ecbd2810" />
    <UnitTestResult executionId="d49c1bf0-67d4-459f-b3a9-07fa5b8b3a96" testId="9bdd3a5a-f14b-3fe0-d1ff-c02f2f423617" testName="ElBruno.AspireMonitor.Tests.IntegrationTests.PollingService_WithMockedAspireApi_UpdatesStateCorrectly" computerName="CPC-bruno-U7R9O" duration="00:00:00.0636366" startTime="2026-04-26T11:12:10.1943216-04:00" endTime="2026-04-26T11:12:10.1943216-04:00" testType="13cdc9d9-ddb5-4fa4-a97d-d965ccfc6d4b" outcome="Passed" testListId="8c84fa94-04c1-424b-9868-57a2d4851a1d" relativeResultsDirectory="d49c1bf0-67d4-459f-b3a9-07fa5b8b3a96" />
    <UnitTestResult executionId="4cd0c0b4-00dc-4963-b53e-23ebb223b66a" testId="f96d0ee7-4b93-25ca-43fe-cfddb6764f8b" testName="ElBruno.AspireMonitor.Tests.Views.MainWindowUITests.MainWindow_MinimumWindowSize_Enforced" computerName="CPC-bruno-U7R9O" duration="00:00:00.0026901" startTime="2026-04-26T11:12:10.1899629-04:00" endTime="2026-04-26T11:12:10.1899630-04:00" testType="13cdc9d9-ddb5-4fa4-a97d-d965ccfc6d4b" outcome="Passed" testListId="8c84fa94-04c1-424b-9868-57a2d4851a1d" relativeResultsDirectory="4cd0c0b4-00dc-4963-b53e-23ebb223b66a" />
    <UnitTestResult executionId="5973024e-d961-4e26-90bf-70fced2b8bed" testId="aa91f4a1-6b38-7eda-5def-a7e1e2a0ae42" testName="ElBruno.AspireMonitor.Tests.Services.ConfigurationServiceTests.ValidateEndpoint_VariousFormats_ValidatesCorrectly(endpoint: &quot;&quot;, shouldBeValid: False)" computerName="CPC-bruno-U7R9O" duration="00:00:00.0017647" startTime="2026-04-26T11:12:10.2228564-04:00" endTime="2026-04-26T11:12:10.2228566-04:00" testType="13cdc9d9-ddb5-4fa4-a97d-d965ccfc6d4b" outcome="Passed" testListId="8c84fa94-04c1-424b-9868-57a2d4851a1d" relativeResultsDirectory="5973024e-d961-4e26-90bf-70fced2b8bed" />
    <UnitTestResult executionId="53059df2-ac12-4207-8803-8d5cb2e4c982" testId="9981cf22-4bd2-1fc9-9732-aa853827a34d" testName="ElBruno.AspireMonitor.Tests.Services.AspireApiClientTests.GetResourcesAsync_TimeoutOccurs_HandlesGracefully" computerName="CPC-bruno-U7R9O" duration="00:00:00.0078321" startTime="2026-04-26T11:12:10.2906965-04:00" endTime="2026-04-26T11:12:10.2906968-04:00" testType="13cdc9d9-ddb5-4fa4-a97d-d965ccfc6d4b" outcome="Passed" testListId="8c84fa94-04c1-424b-9868-57a2d4851a1d" relativeResultsDirectory="53059df2-ac12-4207-8803-8d5cb2e4c982" />
    <UnitTestResult executionId="00d22728-80f7-4f5f-8900-a35dc8cff9af" testId="736bfbc4-95ec-94bf-9683-21bd662a969a" testName="ElBruno.AspireMonitor.Tests.EdgeCaseTests.IntermittentNetwork_ResilientBehavior" computerName="CPC-bruno-U7R9O" duration="00:00:00.0004441" startTime="2026-04-26T11:12:10.3775629-04:00" endTime="2026-04-26T11:12:10.3775634-04:00" testType="13cdc9d9-ddb5-4fa4-a97d-d965ccfc6d4b" outcome="Passed" testListId="8c84fa94-04c1-424b-9868-57a2d4851a1d" relativeResultsDirectory="00d22728-80f7-4f5f-8900-a35dc8cff9af" />
    <UnitTestResult executionId="3d4648a3-1740-497e-a6db-e2f0c63691cf" testId="3aa302c7-f69b-0edb-45a7-ea78910a5a3c" testName="ElBruno.AspireMonitor.Tests.Views.MainWindowUITests.MainWindow_StateAfterMinimizeRestore_PreservesSize" computerName="CPC-bruno-U7R9O" duration="00:00:00.0069759" startTime="2026-04-26T11:12:10.1887343-04:00" endTime="2026-04-26T11:12:10.1887343-04:00" testType="13cdc9d9-ddb5-4fa4-a97d-d965ccfc6d4b" outcome="Passed" testListId="8c84fa94-04c1-424b-9868-57a2d4851a1d" relativeResultsDirectory="3d4648a3-1740-497e-a6db-e2f0c63691cf" />
    <UnitTestResult executionId="390fd053-3b84-45c0-9dee-fcb47407764a" testId="e1d93baf-b782-fcc8-f37a-87a810bdb1fa" testName="ElBruno.AspireMonitor.Tests.Views.SystemTrayContextMenuTests.ContextMenu_GitHubOption_DisabledWhenOffline" computerName="CPC-bruno-U7R9O" duration="00:00:00.0006688" startTime="2026-04-26T11:12:10.1858335-04:00" endTime="2026-04-26T11:12:10.1858336-04:00" testType="13cdc9d9-ddb5-4fa4-a97d-d965ccfc6d4b" outcome="Passed" testListId="8c84fa94-04c1-424b-9868-57a2d4851a1d" relativeResultsDirectory="390fd053-3b84-45c0-9dee-fcb47407764a" />
    <UnitTestResult executionId="0ef42967-b591-4853-b01a-f8edf05d5d14" testId="88ee6235-66e7-608d-1c7d-0d33ee977d16" testName="ElBruno.AspireMonitor.Tests.Services.PollingServiceTests.StateTransitions_HandleCorrectly_ThroughLifecycle" computerName="CPC-bruno-U7R9O" duration="00:00:00.2021569" startTime="2026-04-26T11:12:13.1651862-04:00" endTime="2026-04-26T11:12:13.1651866-04:00" testType="13cdc9d9-ddb5-4fa4-a97d-d965ccfc6d4b" outcome="Passed" testListId="8c84fa94-04c1-424b-9868-57a2d4851a1d" relativeResultsDirectory="0ef42967-b591-4853-b01a-f8edf05d5d14" />
    <UnitTestResult executionId="0cd2d273-54a4-44e6-aac7-99a549de22af" testId="3afb0457-f329-f378-1ad0-6facaa18f0d5" testName="ElBruno.AspireMonitor.Tests.Services.ConfigurationServiceTests.SaveConfiguration_ValidConfig_PersistsToFile" computerName="CPC-bruno-U7R9O" duration="00:00:00.0089471" startTime="2026-04-26T11:12:10.2405534-04:00" endTime="2026-04-26T11:12:10.2405536-04:00" testType="13cdc9d9-ddb5-4fa4-a97d-d965ccfc6d4b" outcome="Passed" testListId="8c84fa94-04c1-424b-9868-57a2d4851a1d" relativeResultsDirectory="0cd2d273-54a4-44e6-aac7-99a549de22af" />
    <UnitTestResult executionId="f05771ed-ea66-4a8c-b96e-53e42506db4b" testId="f8a7bbc3-190a-93ed-0bb2-d5b91ed602b9" testName="ElBruno.AspireMonitor.Tests.Views.SystemTrayContextMenuTests.ContextMenu_ExitOption_RemovesTrayIcon" computerName="CPC-bruno-U7R9O" duration="00:00:00.0005162" startTime="2026-04-26T11:12:10.1916468-04:00" endTime="2026-04-26T11:12:10.1916469-04:00" testType="13cdc9d9-ddb5-4fa4-a97d-d965ccfc6d4b" outcome="Passed" testListId="8c84fa94-04c1-424b-9868-57a2d4851a1d" relativeResultsDirectory="f05771ed-ea66-4a8c-b96e-53e42506db4b" />
    <UnitTestResult executionId="9c7c2cb0-b55e-423b-8caa-89b800a1a373" testId="8dd47820-3dae-7d06-83b1-c675671fb783" testName="ElBruno.AspireMonitor.Tests.Services.StatusCalculatorTests.CalculateStatus_BelowThreshold_ReturnsGreen(cpu: 69, memory: 69, expected: &quot;Green&quot;)" computerName="CPC-bruno-U7R9O" duration="00:00:00.0000061" startTime="2026-04-26T11:12:10.1801546-04:00" endTime="2026-04-26T11:12:10.1801547-04:00" testType="13cdc9d9-ddb5-4fa4-a97d-d965ccfc6d4b" outcome="Passed" testListId="8c84fa94-04c1-424b-9868-57a2d4851a1d" relativeResultsDirectory="9c7c2cb0-b55e-423b-8caa-89b800a1a373" />
    <UnitTestResult executionId="2e2f6d03-4018-47d8-a594-a1d9f72bd505" testId="ff48b2ab-b28e-11a3-6f9b-53f2d7410fa8" testName="ElBruno.AspireMonitor.Tests.Configuration.ProjectFolderRepositoryUrlIntegrationTests.EmptyStringsForBothFields_ShouldBeDistinguishedFromNull" computerName="CPC-bruno-U7R9O" duration="00:00:00.0022652" startTime="2026-04-26T11:12:10.3045080-04:00" endTime="2026-04-26T11:12:10.3045082-04:00" testType="13cdc9d9-ddb5-4fa4-a97d-d965ccfc6d4b" outcome="Passed" testListId="8c84fa94-04c1-424b-9868-57a2d4851a1d" relativeResultsDirectory="2e2f6d03-4018-47d8-a594-a1d9f72bd505" />
    <UnitTestResult executionId="757000a4-9606-49ad-a5e3-8701b894ff29" testId="a353e315-7172-70f7-662a-680c316b8c84" testName="ElBruno.AspireMonitor.Tests.Services.AspireApiClientTests.GetResourcesAsync_SuccessfulResponse_ParsesCorrectly" computerName="CPC-bruno-U7R9O" duration="00:00:00.1613860" startTime="2026-04-26T11:12:10.2727656-04:00" endTime="2026-04-26T11:12:10.2727657-04:00" testType="13cdc9d9-ddb5-4fa4-a97d-d965ccfc6d4b" outcome="Passed" testListId="8c84fa94-04c1-424b-9868-57a2d4851a1d" relativeResultsDirectory="757000a4-9606-49ad-a5e3-8701b894ff29" />
    <UnitTestResult executionId="3e3770f1-c8ce-44d0-a9e8-4c1e930e14c8" testId="c09f145f-04d9-8a81-67a3-3c138a5699cc" testName="ElBruno.AspireMonitor.Tests.Views.SystemTrayContextMenuTests.ContextMenu_GitHubOption_UsesProcessStart_Correctly" computerName="CPC-bruno-U7R9O" duration="00:00:00.0026686" startTime="2026-04-26T11:12:10.1910536-04:00" endTime="2026-04-26T11:12:10.1910537-04:00" testType="13cdc9d9-ddb5-4fa4-a97d-d965ccfc6d4b" outcome="Passed" testListId="8c84fa94-04c1-424b-9868-57a2d4851a1d" relativeResultsDirectory="3e3770f1-c8ce-44d0-a9e8-4c1e930e14c8" />
    <UnitTestResult executionId="00c4da4e-298b-4eab-9001-2be74e7fd3e6" testId="e1f8ca7d-4a32-3271-9c9f-12019cae4f7e" testName="ElBruno.AspireMonitor.Tests.Configuration.ProjectFolderValidationTests.ProjectFolder_WithSpacesInPath_ShouldBeValid" computerName="CPC-bruno-U7R9O" duration="00:00:00.0060457" startTime="2026-04-26T11:12:10.1980320-04:00" endTime="2026-04-26T11:12:10.1980323-04:00" testType="13cdc9d9-ddb5-4fa4-a97d-d965ccfc6d4b" outcome="Passed" testListId="8c84fa94-04c1-424b-9868-57a2d4851a1d" relativeResultsDirectory="00c4da4e-298b-4eab-9001-2be74e7fd3e6" />
    <UnitTestResult executionId="b9727190-fd64-429f-b059-d3daef33c0af" testId="71dd3bb9-61ca-b2aa-df47-4c10b404c456" testName="ElBruno.AspireMonitor.Tests.Views.AppStartupTests.App_Starts_With_Hidden_MainWindow" computerName="CPC-bruno-U7R9O" duration="00:00:00.0002057" startTime="2026-04-26T11:12:10.2304656-04:00" endTime="2026-04-26T11:12:10.2304657-04:00" testType="13cdc9d9-ddb5-4fa4-a97d-d965ccfc6d4b" outcome="Passed" testListId="8c84fa94-04c1-424b-9868-57a2d4851a1d" relativeResultsDirectory="b9727190-fd64-429f-b059-d3daef33c0af" />
    <UnitTestResult executionId="ecfa425a-f59b-4620-91a5-bb6148eef41e" testId="cd84dbe7-5c08-ee77-f26d-4c6f61e72b62" testName="ElBruno.AspireMonitor.Tests.Services.ConfigurationServiceTests.LoadConfiguration_ValidFile_ReturnsConfiguration" computerName="CPC-bruno-U7R9O" duration="00:00:00.0074847" startTime="2026-04-26T11:12:10.2209363-04:00" endTime="2026-04-26T11:12:10.2209364-04:00" testType="13cdc9d9-ddb5-4fa4-a97d-d965ccfc6d4b" outcome="Passed" testListId="8c84fa94-04c1-424b-9868-57a2d4851a1d" relativeResultsDirectory="ecfa425a-f59b-4620-91a5-bb6148eef41e" />
    <UnitTestResult executionId="92ebecc9-72c0-4b60-b662-522637bd6b64" testId="95143186-80a3-594d-793e-08cf170705cb" testName="ElBruno.AspireMonitor.Tests.Configuration.ProjectFolderValidationTests.ProjectFolder_WithNonExistentPath_ShouldFail" computerName="CPC-bruno-U7R9O" duration="00:00:00.0046449" startTime="2026-04-26T11:12:10.2028094-04:00" endTime="2026-04-26T11:12:10.2028096-04:00" testType="13cdc9d9-ddb5-4fa4-a97d-d965ccfc6d4b" outcome="Passed" testListId="8c84fa94-04c1-424b-9868-57a2d4851a1d" relativeResultsDirectory="92ebecc9-72c0-4b60-b662-522637bd6b64" />
    <UnitTestResult executionId="53d21ca8-3fd2-41d0-bfc3-9ce828d62820" testId="cee405ed-e6b9-56a6-30ff-05490466fe40" testName="ElBruno.AspireMonitor.Tests.Views.AppStartupTests.Minimize_MainWindow_Goes_To_Tray" computerName="CPC-bruno-U7R9O" duration="00:00:00.0002926" startTime="2026-04-26T11:12:10.2348629-04:00" endTime="2026-04-26T11:12:10.2348631-04:00" testType="13cdc9d9-ddb5-4fa4-a97d-d965ccfc6d4b" outcome="Passed" testListId="8c84fa94-04c1-424b-9868-57a2d4851a1d" relativeResultsDirectory="53d21ca8-3fd2-41d0-bfc3-9ce828d62820" />
    <UnitTestResult executionId="d074d774-390a-4dc8-9ee6-fbd12023389d" testId="0ba53fbe-3130-cb76-e2be-e68c9a8d1b46" testName="ElBruno.AspireMonitor.Tests.EdgeCaseTests.NullValuesInMetrics_HandledSafely" computerName="CPC-bruno-U7R9O" duration="00:00:00.0009524" startTime="2026-04-26T11:12:10.3853594-04:00" endTime="2026-04-26T11:12:10.3853595-04:00" testType="13cdc9d9-ddb5-4fa4-a97d-d965ccfc6d4b" outcome="Passed" testListId="8c84fa94-04c1-424b-9868-57a2d4851a1d" relativeResultsDirectory="d074d774-390a-4dc8-9ee6-fbd12023389d" />
    <UnitTestResult executionId="3452406d-d23c-4da5-83d5-a09c0efa4b1a" testId="69672737-499a-e596-4623-2822a1eb8623" testName="ElBruno.AspireMonitor.Tests.Views.AppStartupTests.MainWindow_ShowInTaskbar_False_On_Startup" computerName="CPC-bruno-U7R9O" duration="00:00:00.0003698" startTime="2026-04-26T11:12:10.1934131-04:00" endTime="2026-04-26T11:12:10.1934131-04:00" testType="13cdc9d9-ddb5-4fa4-a97d-d965ccfc6d4b" outcome="Passed" testListId="8c84fa94-04c1-424b-9868-57a2d4851a1d" relativeResultsDirectory="3452406d-d23c-4da5-83d5-a09c0efa4b1a" />
    <UnitTestResult executionId="8164bc68-2798-4867-be2f-0c5448fae06f" testId="d309e55b-6820-b346-075f-780283d559b6" testName="ElBruno.AspireMonitor.Tests.Configuration.RepositoryUrlValidationTests.RepositoryUrl_WithValidHttpsUrl_ShouldBeValid" computerName="CPC-bruno-U7R9O" duration="00:00:00.0014996" startTime="2026-04-26T11:12:10.2439900-04:00" endTime="2026-04-26T11:12:10.2439902-04:00" testType="13cdc9d9-ddb5-4fa4-a97d-d965ccfc6d4b" outcome="Passed" testListId="8c84fa94-04c1-424b-9868-57a2d4851a1d" relativeResultsDirectory="8164bc68-2798-4867-be2f-0c5448fae06f" />
    <UnitTestResult executionId="bf5562b3-4401-4f82-8258-6d774b490579" testId="300cce18-f4e4-767e-4f56-44955b7ad01c" testName="ElBruno.AspireMonitor.Tests.Services.ConfigurationServiceTests.LoadConfiguration_MissingFile_ReturnsDefaults" computerName="CPC-bruno-U7R9O" duration="00:00:00.0022415" startTime="2026-04-26T11:12:10.2429193-04:00" endTime="2026-04-26T11:12:10.2429195-04:00" testType="13cdc9d9-ddb5-4fa4-a97d-d965ccfc6d4b" outcome="Passed" testListId="8c84fa94-04c1-424b-9868-57a2d4851a1d" relativeResultsDirectory="bf5562b3-4401-4f82-8258-6d774b490579" />
    <UnitTestResult executionId="ee5ca31e-e245-497d-9c2f-c48764cea48a" testId="9c055ed8-8628-a00d-34c7-4a38f3ead932" testName="ElBruno.AspireMonitor.Tests.Views.MainWindowUITests.MainWindow_TrayIconDoubleClick_FocusesExistingWindow" computerName="CPC-bruno-U7R9O" duration="00:00:00.0056512" startTime="2026-04-26T11:12:10.1850198-04:00" endTime="2026-04-26T11:12:10.1850199-04:00" testType="13cdc9d9-ddb5-4fa4-a97d-d965ccfc6d4b" outcome="Passed" testListId="8c84fa94-04c1-424b-9868-57a2d4851a1d" relativeResultsDirectory="ee5ca31e-e245-497d-9c2f-c48764cea48a" />
    <UnitTestResult executionId="412615e0-4b61-4071-b317-7475900e3a59" testId="c0191c2a-dc7e-53b2-6824-1702c9841c9c" testName="ElBruno.AspireMonitor.Tests.Services.ConfigurationServiceTests.ValidateThresholds_VariousCombinations_ValidatesCorrectly(yellowThreshold: 90, redThreshold: 70, shouldBeValid: False)" computerName="CPC-bruno-U7R9O" duration="00:00:00.0035813" startTime="2026-04-26T11:12:10.1886040-04:00" endTime="2026-04-26T11:12:10.1886041-04:00" testType="13cdc9d9-ddb5-4fa4-a97d-d965ccfc6d4b" outcome="Passed" testListId="8c84fa94-04c1-424b-9868-57a2d4851a1d" relativeResultsDirectory="412615e0-4b61-4071-b317-7475900e3a59" />
    <UnitTestResult executionId="ad791a4d-6dd6-49f3-91b0-16eed2c015a7" testId="42135273-cd6b-92c3-be2e-ece6fb7ed1a0" testName="ElBruno.AspireMonitor.Tests.Views.MiniMonitorUITests.MiniMonitor_VersionDisplay_MatchesMainWindow" computerName="CPC-bruno-U7R9O" duration="00:00:00.0018436" startTime="2026-04-26T11:12:10.1910065-04:00" endTime="2026-04-26T11:12:10.1910066-04:00" testType="13cdc9d9-ddb5-4fa4-a97d-d965ccfc6d4b" outcome="Passed" testListId="8c84fa94-04c1-424b-9868-57a2d4851a1d" relativeResultsDirectory="ad791a4d-6dd6-49f3-91b0-16eed2c015a7" />
    <UnitTestResult executionId="d3ff85fd-8bc5-4776-8708-4aef35339485" testId="9f4fd773-3dbd-501d-7f83-886172b9c399" testName="ElBruno.AspireMonitor.Tests.IntegrationTests.Configuration_PersistsAcrossRestarts_Successfully" computerName="CPC-bruno-U7R9O" duration="00:00:00.0151635" startTime="2026-04-26T11:12:10.2067991-04:00" endTime="2026-04-26T11:12:10.2067994-04:00" testType="13cdc9d9-ddb5-4fa4-a97d-d965ccfc6d4b" outcome="Passed" testListId="8c84fa94-04c1-424b-9868-57a2d4851a1d" relativeResultsDirectory="d3ff85fd-8bc5-4776-8708-4aef35339485" />
    <UnitTestResult executionId="8cc9b183-619d-4839-9722-cdc970145c74" testId="fde00e79-f7f2-10ac-06ae-9fe19d7b122b" testName="ElBruno.AspireMonitor.Tests.Views.AppStartupTests.Tray_Menu_Contains_Exit_Option" computerName="CPC-bruno-U7R9O" duration="00:00:00.0002349" startTime="2026-04-26T11:12:10.2301904-04:00" endTime="2026-04-26T11:12:10.2301906-04:00" testType="13cdc9d9-ddb5-4fa4-a97d-d965ccfc6d4b" outcome="Passed" testListId="8c84fa94-04c1-424b-9868-57a2d4851a1d" relativeResultsDirectory="8cc9b183-619d-4839-9722-cdc970145c74" />
    <UnitTestResult executionId="38dbb9e0-143b-4a7e-9733-dcd823174dfc" testId="f8ace751-54fb-9927-8651-1eb9f1fac2ac" testName="ElBruno.AspireMonitor.Tests.Configuration.ProjectFolderValidationTests.ProjectFolder_AutoDetectionFailsGracefully_WhenAspireConfigMissing" computerName="CPC-bruno-U7R9O" duration="00:00:00.0028850" startTime="2026-04-26T11:12:10.2487900-04:00" endTime="2026-04-26T11:12:10.2487902-04:00" testType="13cdc9d9-ddb5-4fa4-a97d-d965ccfc6d4b" outcome="Passed" testListId="8c84fa94-04c1-424b-9868-57a2d4851a1d" relativeResultsDirectory="38dbb9e0-143b-4a7e-9733-dcd823174dfc" />
    <UnitTestResult executionId="d7a6a3d5-9519-4b81-9d0f-ce3820ec9eca" testId="4a69254d-d60b-1438-a963-f5fe61646a07" testName="ElBruno.AspireMonitor.Tests.Configuration.RepositoryUrlValidationTests.RepositoryUrl_SaveAndLoadWithQueryParams_ShouldPreserveUrl" computerName="CPC-bruno-U7R9O" duration="00:00:00.0038452" startTime="2026-04-26T11:12:10.2423838-04:00" endTime="2026-04-26T11:12:10.2423840-04:00" testType="13cdc9d9-ddb5-4fa4-a97d-d965ccfc6d4b" outcome="Passed" testListId="8c84fa94-04c1-424b-9868-57a2d4851a1d" relativeResultsDirectory="d7a6a3d5-9519-4b81-9d0f-ce3820ec9eca" />
    <UnitTestResult executionId="daa30124-701d-48a9-93e4-152b6e329d6b" testId="d68fdf4a-de69-1045-a4d1-4ae6e4f1a099" testName="ElBruno.AspireMonitor.Tests.Views.AppStartupTests.MainWindow_Has_No_Settings_Button" computerName="CPC-bruno-U7R9O" duration="00:00:00.0003133" startTime="2026-04-26T11:12:10.2376139-04:00" endTime="2026-04-26T11:12:10.2376140-04:00" testType="13cdc9d9-ddb5-4fa4-a97d-d965ccfc6d4b" outcome="Passed" testListId="8c84fa94-04c1-424b-9868-57a2d4851a1d" relativeResultsDirectory="daa30124-701d-48a9-93e4-152b6e329d6b" />
    <UnitTestResult executionId="260dfb50-ba66-4982-89fc-2c0594659b41" testId="73515af1-8de2-ab3d-f150-6a697cd4ee45" testName="ElBruno.AspireMonitor.Tests.Services.StatusCalculatorTests.CalculateStatus_EdgeCases_HandledCorrectly(cpu: 100, memory: 100, customThreshold: 100, expected: &quot;Yellow&quot;)" computerName="CPC-bruno-U7R9O" duration="00:00:00.0007119" startTime="2026-04-26T11:12:10.1835981-04:00" endTime="2026-04-26T11:12:10.1835981-04:00" testType="13cdc9d9-ddb5-4fa4-a97d-d965ccfc6d4b" outcome="Passed" testListId="8c84fa94-04c1-424b-9868-57a2d4851a1d" relativeResultsDirectory="260dfb50-ba66-4982-89fc-2c0594659b41" />
    <UnitTestResult executionId="914a27ef-5fab-432e-abf9-7bdf519eb621" testId="2589b2d6-56c2-129c-5d56-c2fcac218d6a" testName="ElBruno.AspireMonitor.Tests.Views.SystemTrayContextMenuTests.ContextMenu_DetailsOption_AlwaysEnabled" computerName="CPC-bruno-U7R9O" duration="00:00:00.0005306" startTime="2026-04-26T11:12:10.1884816-04:00" endTime="2026-04-26T11:12:10.1884817-04:00" testType="13cdc9d9-ddb5-4fa4-a97d-d965ccfc6d4b" outcome="Passed" testListId="8c84fa94-04c1-424b-9868-57a2d4851a1d" relativeResultsDirectory="914a27ef-5fab-432e-abf9-7bdf519eb621" />
    <UnitTestResult executionId="089bcab8-d084-432f-ab4a-9c2434fa0a5f" testId="37d5211b-70d5-6c1e-39d0-8ee52173ce44" testName="ElBruno.AspireMonitor.Tests.Services.PollingServiceTests.StopAsync_HaltsPolling_Cleanly" computerName="CPC-bruno-U7R9O" duration="00:00:00.1263516" startTime="2026-04-26T11:12:13.2917850-04:00" endTime="2026-04-26T11:12:13.2917855-04:00" testType="13cdc9d9-ddb5-4fa4-a97d-d965ccfc6d4b" outcome="Passed" testListId="8c84fa94-04c1-424b-9868-57a2d4851a1d" relativeResultsDirectory="089bcab8-d084-432f-ab4a-9c2434fa0a5f" />
    <UnitTestResult executionId="6febfb69-15d0-4ffb-88dc-c22c27eea5d0" testId="4525b0ea-461c-28f9-5454-b2fd593bc89a" testName="ElBruno.AspireMonitor.Tests.Views.SystemTrayContextMenuTests.ContextMenu_ContainsAllRequiredOptions" computerName="CPC-bruno-U7R9O" duration="00:00:00.0009402" startTime="2026-04-26T11:12:10.1933468-04:00" endTime="2026-04-26T11:12:10.1933469-04:00" testType="13cdc9d9-ddb5-4fa4-a97d-d965ccfc6d4b" outcome="Passed" testListId="8c84fa94-04c1-424b-9868-57a2d4851a1d" relativeResultsDirectory="6febfb69-15d0-4ffb-88dc-c22c27eea5d0" />
    <UnitTestResult executionId="a76541c7-65fd-420c-ada7-06f8cd697f62" testId="bc0bf03c-3188-b0aa-f016-ea3f167d9da7" testName="ElBruno.AspireMonitor.Tests.Configuration.RepositoryUrlValidationTests.RepositoryUrl_WithQueryParamsAndFragment_ShouldBeValid" computerName="CPC-bruno-U7R9O" duration="00:00:00.0072839" startTime="2026-04-26T11:12:10.1857484-04:00" endTime="2026-04-26T11:12:10.1857484-04:00" testType="13cdc9d9-ddb5-4fa4-a97d-d965ccfc6d4b" outcome="Passed" testListId="8c84fa94-04c1-424b-9868-57a2d4851a1d" relativeResultsDirectory="a76541c7-65fd-420c-ada7-06f8cd697f62" />
    <UnitTestResult executionId="7143b898-5013-42ca-a0b0-8cbd6ee01ace" testId="4720e2c1-2190-7a1c-5d60-cdff218fee36" testName="ElBruno.AspireMonitor.Tests.Services.PollingServiceTests.PollingInterval_MaintainsAccuracy_OverTime" computerName="CPC-bruno-U7R9O" duration="00:00:00.5245360" startTime="2026-04-26T11:12:12.9627899-04:00" endTime="2026-04-26T11:12:12.9627905-04:00" testType="13cdc9d9-ddb5-4fa4-a97d-d965ccfc6d4b" outcome="Passed" testListId="8c84fa94-04c1-424b-9868-57a2d4851a1d" relativeResultsDirectory="7143b898-5013-42ca-a0b0-8cbd6ee01ace" />
    <UnitTestResult executionId="d8bc7b88-376e-4f3d-838c-d8787d6974e1" testId="fb59c397-be75-6cea-fb09-092ae6a3e34b" testName="ElBruno.AspireMonitor.Tests.Views.AppStartupTests.MainWindow_Hidden_But_Services_Running" computerName="CPC-bruno-U7R9O" duration="00:00:00.0010104" startTime="2026-04-26T11:12:10.1924641-04:00" endTime="2026-04-26T11:12:10.1924642-04:00" testType="13cdc9d9-ddb5-4fa4-a97d-d965ccfc6d4b" outcome="Passed" testListId="8c84fa94-04c1-424b-9868-57a2d4851a1d" relativeResultsDirectory="d8bc7b88-376e-4f3d-838c-d8787d6974e1" />
    <UnitTestResult executionId="241fcba0-455f-435f-8e52-140d93e2e927" testId="a0f18c1d-93bf-9f03-c972-bce72daae8c4" testName="ElBruno.AspireMonitor.Tests.Views.AppStartupTests.MainWindow_Displays_Resources_List" computerName="CPC-bruno-U7R9O" duration="00:00:00.0003330" startTime="2026-04-26T11:12:10.2367910-04:00" endTime="2026-04-26T11:12:10.2367912-04:00" testType="13cdc9d9-ddb5-4fa4-a97d-d965ccfc6d4b" outcome="Passed" testListId="8c84fa94-04c1-424b-9868-57a2d4851a1d" relativeResultsDirectory="241fcba0-455f-435f-8e52-140d93e2e927" />
    <UnitTestResult executionId="8eb91629-7a87-40e1-81ad-b697d91546bb" testId="fac501ee-1b9e-9afd-cb79-1e3fdcf7f3ef" testName="ElBruno.AspireMonitor.Tests.Views.SystemTrayContextMenuTests.ContextMenu_ExitOption_NoOrphanedProcesses" computerName="CPC-bruno-U7R9O" duration="00:00:00.0015048" startTime="2026-04-26T11:12:10.1880105-04:00" endTime="2026-04-26T11:12:10.1880106-04:00" testType="13cdc9d9-ddb5-4fa4-a97d-d965ccfc6d4b" outcome="Passed" testListId="8c84fa94-04c1-424b-9868-57a2d4851a1d" relativeResultsDirectory="8eb91629-7a87-40e1-81ad-b697d91546bb" />
    <UnitTestResult executionId="6d410866-b6cf-4bcb-9034-c966591e5c11" testId="aed95a2c-e91d-a299-00f0-cc369fbd2324" testName="ElBruno.AspireMonitor.Tests.Views.SystemTrayContextMenuTests.ContextMenu_ExitOption_ClosesApplication" computerName="CPC-bruno-U7R9O" duration="00:00:00.0003342" startTime="2026-04-26T11:12:10.1926048-04:00" endTime="2026-04-26T11:12:10.1926048-04:00" testType="13cdc9d9-ddb5-4fa4-a97d-d965ccfc6d4b" outcome="Passed" testListId="8c84fa94-04c1-424b-9868-57a2d4851a1d" relativeResultsDirectory="6d410866-b6cf-4bcb-9034-c966591e5c11" />
    <UnitTestResult executionId="8ac0c11c-11ac-408d-9321-be40c0466ee6" testId="6dfe8e32-9f8f-e308-b2a3-0087f14b572e" testName="ElBruno.AspireMonitor.Tests.Views.MainWindowUITests.MainWindow_MinimizeButton_WindowRestoresFromTray" computerName="CPC-bruno-U7R9O" duration="00:00:00.0007108" startTime="2026-04-26T11:12:10.1909277-04:00" endTime="2026-04-26T11:12:10.1909278-04:00" testType="13cdc9d9-ddb5-4fa4-a97d-d965ccfc6d4b" outcome="Passed" testListId="8c84fa94-04c1-424b-9868-57a2d4851a1d" relativeResultsDirectory="8ac0c11c-11ac-408d-9321-be40c0466ee6" />
    <UnitTestResult executionId="e70c5360-0ebe-4fb6-8498-aa986bde4f91" testId="5c51ff2d-6f08-ac8b-fd90-1f5b0b479c2f" testName="ElBruno.AspireMonitor.Tests.Configuration.ProjectFolderValidationTests.ProjectFolder_WithValidPathAndAppHostCs_ShouldBeValid" computerName="CPC-bruno-U7R9O" duration="00:00:00.0071184" startTime="2026-04-26T11:12:10.2383671-04:00" endTime="2026-04-26T11:12:10.2383673-04:00" testType="13cdc9d9-ddb5-4fa4-a97d-d965ccfc6d4b" outcome="Passed" testListId="8c84fa94-04c1-424b-9868-57a2d4851a1d" relativeResultsDirectory="e70c5360-0ebe-4fb6-8498-aa986bde4f91" />
    <UnitTestResult executionId="d2f37fc1-c0f5-477e-b852-a59ec63390fb" testId="1662e5a3-d6b9-6535-73a7-412138980f4e" testName="ElBruno.AspireMonitor.Tests.Services.StatusCalculatorTests.CalculateStatus_InWarningRange_ReturnsYellow(cpu: 70, memory: 50, expected: &quot;Yellow&quot;)" computerName="CPC-bruno-U7R9O" duration="00:00:00.0003730" startTime="2026-04-26T11:12:10.1830030-04:00" endTime="2026-04-26T11:12:10.1830031-04:00" testType="13cdc9d9-ddb5-4fa4-a97d-d965ccfc6d4b" outcome="Passed" testListId="8c84fa94-04c1-424b-9868-57a2d4851a1d" relativeResultsDirectory="d2f37fc1-c0f5-477e-b852-a59ec63390fb" />
    <UnitTestResult executionId="1fc63677-4ce9-41d3-9647-12a019d95385" testId="fa6bac59-e86e-b3d5-e79c-fa8e50683419" testName="ElBruno.AspireMonitor.Tests.Views.MiniMonitorUITests.MiniMonitor_VersionDisplay_Visible" computerName="CPC-bruno-U7R9O" duration="00:00:00.0002562" startTime="2026-04-26T11:12:11.7914524-04:00" endTime="2026-04-26T11:12:11.7914525-04:00" testType="13cdc9d9-ddb5-4fa4-a97d-d965ccfc6d4b" outcome="Passed" testListId="8c84fa94-04c1-424b-9868-57a2d4851a1d" relativeResultsDirectory="1fc63677-4ce9-41d3-9647-12a019d95385" />
    <UnitTestResult executionId="2959068c-8f95-4d15-9cd0-67f0ead456a9" testId="939bb1f0-42f8-46ab-08c3-b2f1fd3e83be" testName="ElBruno.AspireMonitor.Tests.Services.StatusCalculatorTests.CalculateStatus_InWarningRange_ReturnsYellow(cpu: 70, memory: 70, expected: &quot;Yellow&quot;)" computerName="CPC-bruno-U7R9O" duration="00:00:00.0000147" startTime="2026-04-26T11:12:10.1830280-04:00" endTime="2026-04-26T11:12:10.1830282-04:00" testType="13cdc9d9-ddb5-4fa4-a97d-d965ccfc6d4b" outcome="Passed" testListId="8c84fa94-04c1-424b-9868-57a2d4851a1d" relativeResultsDirectory="2959068c-8f95-4d15-9cd0-67f0ead456a9" />
    <UnitTestResult executionId="bb5e7d72-8e5f-4f1f-a0c6-038980c85ad1" testId="09262671-25db-814d-65b9-45e4a0ffa68d" testName="ElBruno.AspireMonitor.Tests.Configuration.RepositoryUrlValidationTests.SettingsViewModel_ProjectFolder_PropertyBinding_ShouldUpdateCorrectly" computerName="CPC-bruno-U7R9O" duration="00:00:00.0061710" startTime="2026-04-26T11:12:10.1970767-04:00" endTime="2026-04-26T11:12:10.1970769-04:00" testType="13cdc9d9-ddb5-4fa4-a97d-d965ccfc6d4b" outcome="Passed" testListId="8c84fa94-04c1-424b-9868-57a2d4851a1d" relativeResultsDirectory="bb5e7d72-8e5f-4f1f-a0c6-038980c85ad1" />
    <UnitTestResult executionId="53bdfe40-2146-4f7e-87d0-78131f986c9c" testId="91d7ecd8-07a9-474f-b2c7-17923cc8c0e8" testName="ElBruno.AspireMonitor.Tests.Views.MiniMonitorUITests.MiniMonitor_RefreshRate_Reasonable" computerName="CPC-bruno-U7R9O" duration="00:00:01.6156959" startTime="2026-04-26T11:12:11.7888467-04:00" endTime="2026-04-26T11:12:11.7888471-04:00" testType="13cdc9d9-ddb5-4fa4-a97d-d965ccfc6d4b" outcome="Passed" testListId="8c84fa94-04c1-424b-9868-57a2d4851a1d" relativeResultsDirectory="53bdfe40-2146-4f7e-87d0-78131f986c9c" />
    <UnitTestResult executionId="56a5f3b3-8e20-4f9d-b72a-58694cf6fd93" testId="01c33893-f5aa-fdff-078e-0d00c8baeaf5" testName="ElBruno.AspireMonitor.Tests.Views.SystemTrayContextMenuTests.ContextMenu_MiniMonitorOption_AlwaysEnabled" computerName="CPC-bruno-U7R9O" duration="00:00:00.0219663" startTime="2026-04-26T11:12:10.1586105-04:00" endTime="2026-04-26T11:12:10.1586106-04:00" testType="13cdc9d9-ddb5-4fa4-a97d-d965ccfc6d4b" outcome="Passed" testListId="8c84fa94-04c1-424b-9868-57a2d4851a1d" relativeResultsDirectory="56a5f3b3-8e20-4f9d-b72a-58694cf6fd93" />
    <UnitTestResult executionId="386a4a71-896e-44a7-8810-2372f9742014" testId="9e9afce3-a510-7e2d-c1af-729a99befcd0" testName="ElBruno.AspireMonitor.Tests.Services.StatusCalculatorTests.CalculateStatus_AllThresholdCombinations_WorkCorrectly" computerName="CPC-bruno-U7R9O" duration="00:00:00.0007249" startTime="2026-04-26T11:12:10.1857034-04:00" endTime="2026-04-26T11:12:10.1857035-04:00" testType="13cdc9d9-ddb5-4fa4-a97d-d965ccfc6d4b" outcome="Passed" testListId="8c84fa94-04c1-424b-9868-57a2d4851a1d" relativeResultsDirectory="386a4a71-896e-44a7-8810-2372f9742014" />
    <UnitTestResult executionId="8e7bd1fa-6db3-4ec1-9adf-373d7c156bfc" testId="1df302be-de5b-f7fd-c415-41b84a742a56" testName="ElBruno.AspireMonitor.Tests.Views.MiniMonitorUITests.MiniMonitor_Closes_WithoutAffectingMainWindow" computerName="CPC-bruno-U7R9O" duration="00:00:00.0113163" startTime="2026-04-26T11:12:10.1870562-04:00" endTime="2026-04-26T11:12:10.1870563-04:00" testType="13cdc9d9-ddb5-4fa4-a97d-d965ccfc6d4b" outcome="Passed" testListId="8c84fa94-04c1-424b-9868-57a2d4851a1d" relativeResultsDirectory="8e7bd1fa-6db3-4ec1-9adf-373d7c156bfc" />
    <UnitTestResult executionId="465a8b41-7cb5-44b3-b077-a0fe312e1ebf" testId="efcd6073-9946-a817-1e0f-910b9c08f2cf" testName="ElBruno.AspireMonitor.Tests.Views.MiniMonitorUITests.MiniMonitor_ShowsMinimalMetrics_Status" computerName="CPC-bruno-U7R9O" duration="00:00:00.0003111" startTime="2026-04-26T11:12:11.7892944-04:00" endTime="2026-04-26T11:12:11.7892947-04:00" testType="13cdc9d9-ddb5-4fa4-a97d-d965ccfc6d4b" outcome="Passed" testListId="8c84fa94-04c1-424b-9868-57a2d4851a1d" relativeResultsDirectory="465a8b41-7cb5-44b3-b077-a0fe312e1ebf" />
    <UnitTestResult executionId="68d73e71-91fd-4bc8-b2f6-3337297a29f1" testId="1d3d3128-5509-98a6-74c5-dc569f23d8d2" testName="ElBruno.AspireMonitor.Tests.IntegrationTests.PollingEvents_TriggerUIUpdates_Correctly" computerName="CPC-bruno-U7R9O" duration="00:00:00.0026769" startTime="2026-04-26T11:12:10.1961827-04:00" endTime="2026-04-26T11:12:10.1961828-04:00" testType="13cdc9d9-ddb5-4fa4-a97d-d965ccfc6d4b" outcome="Passed" testListId="8c84fa94-04c1-424b-9868-57a2d4851a1d" relativeResultsDirectory="68d73e71-91fd-4bc8-b2f6-3337297a29f1" />
    <UnitTestResult executionId="a3f89fcd-f5f7-4dc2-b328-7b9d7e1afc5b" testId="5c5a7001-2e48-de44-b79c-5dac5af5c502" testName="ElBruno.AspireMonitor.Tests.Configuration.RepositoryUrlValidationTests.RepositoryUrl_SetToNullOrEmpty_ShouldBeValid" computerName="CPC-bruno-U7R9O" duration="00:00:00.0032590" startTime="2026-04-26T11:12:10.1907752-04:00" endTime="2026-04-26T11:12:10.1907753-04:00" testType="13cdc9d9-ddb5-4fa4-a97d-d965ccfc6d4b" outcome="Passed" testListId="8c84fa94-04c1-424b-9868-57a2d4851a1d" relativeResultsDirectory="a3f89fcd-f5f7-4dc2-b328-7b9d7e1afc5b" />
[...]
    <TestEntry testId="c0191c2a-dc7e-53b2-6824-1702c9841c9c" executionId="412615e0-4b61-4071-b317-7475900e3a59" testListId="8c84fa94-04c1-424b-9868-57a2d4851a1d" />
    <TestEntry testId="42135273-cd6b-92c3-be2e-ece6fb7ed1a0" executionId="ad791a4d-6dd6-49f3-91b0-16eed2c015a7" testListId="8c84fa94-04c1-424b-9868-57a2d4851a1d" />
    <TestEntry testId="9f4fd773-3dbd-501d-7f83-886172b9c399" executionId="d3ff85fd-8bc5-4776-8708-4aef35339485" testListId="8c84fa94-04c1-424b-9868-57a2d4851a1d" />
    <TestEntry testId="fde00e79-f7f2-10ac-06ae-9fe19d7b122b" executionId="8cc9b183-619d-4839-9722-cdc970145c74" testListId="8c84fa94-04c1-424b-9868-57a2d4851a1d" />
    <TestEntry testId="f8ace751-54fb-9927-8651-1eb9f1fac2ac" executionId="38dbb9e0-143b-4a7e-9733-dcd823174dfc" testListId="8c84fa94-04c1-424b-9868-57a2d4851a1d" />
    <TestEntry testId="4a69254d-d60b-1438-a963-f5fe61646a07" executionId="d7a6a3d5-9519-4b81-9d0f-ce3820ec9eca" testListId="8c84fa94-04c1-424b-9868-57a2d4851a1d" />
    <TestEntry testId="d68fdf4a-de69-1045-a4d1-4ae6e4f1a099" executionId="daa30124-701d-48a9-93e4-152b6e329d6b" testListId="8c84fa94-04c1-424b-9868-57a2d4851a1d" />
    <TestEntry testId="73515af1-8de2-ab3d-f150-6a697cd4ee45" executionId="260dfb50-ba66-4982-89fc-2c0594659b41" testListId="8c84fa94-04c1-424b-9868-57a2d4851a1d" />
    <TestEntry testId="2589b2d6-56c2-129c-5d56-c2fcac218d6a" executionId="914a27ef-5fab-432e-abf9-7bdf519eb621" testListId="8c84fa94-04c1-424b-9868-57a2d4851a1d" />
    <TestEntry testId="37d5211b-70d5-6c1e-39d0-8ee52173ce44" executionId="089bcab8-d084-432f-ab4a-9c2434fa0a5f" testListId="8c84fa94-04c1-424b-9868-57a2d4851a1d" />
    <TestEntry testId="4525b0ea-461c-28f9-5454-b2fd593bc89a" executionId="6febfb69-15d0-4ffb-88dc-c22c27eea5d0" testListId="8c84fa94-04c1-424b-9868-57a2d4851a1d" />
    <TestEntry testId="bc0bf03c-3188-b0aa-f016-ea3f167d9da7" executionId="a76541c7-65fd-420c-ada7-06f8cd697f62" testListId="8c84fa94-04c1-424b-9868-57a2d4851a1d" />
    <TestEntry testId="4720e2c1-2190-7a1c-5d60-cdff218fee36" executionId="7143b898-5013-42ca-a0b0-8cbd6ee01ace" testListId="8c84fa94-04c1-424b-9868-57a2d4851a1d" />
    <TestEntry testId="fb59c397-be75-6cea-fb09-092ae6a3e34b" executionId="d8bc7b88-376e-4f3d-838c-d8787d6974e1" testListId="8c84fa94-04c1-424b-9868-57a2d4851a1d" />
    <TestEntry testId="a0f18c1d-93bf-9f03-c972-bce72daae8c4" executionId="241fcba0-455f-435f-8e52-140d93e2e927" testListId="8c84fa94-04c1-424b-9868-57a2d4851a1d" />
    <TestEntry testId="fac501ee-1b9e-9afd-cb79-1e3fdcf7f3ef" executionId="8eb91629-7a87-40e1-81ad-b697d91546bb" testListId="8c84fa94-04c1-424b-9868-57a2d4851a1d" />
    <TestEntry testId="aed95a2c-e91d-a299-00f0-cc369fbd2324" executionId="6d410866-b6cf-4bcb-9034-c966591e5c11" testListId="8c84fa94-04c1-424b-9868-57a2d4851a1d" />
    <TestEntry testId="6dfe8e32-9f8f-e308-b2a3-0087f14b572e" executionId="8ac0c11c-11ac-408d-9321-be40c0466ee6" testListId="8c84fa94-04c1-424b-9868-57a2d4851a1d" />
    <TestEntry testId="5c51ff2d-6f08-ac8b-fd90-1f5b0b479c2f" executionId="e70c5360-0ebe-4fb6-8498-aa986bde4f91" testListId="8c84fa94-04c1-424b-9868-57a2d4851a1d" />
    <TestEntry testId="1662e5a3-d6b9-6535-73a7-412138980f4e" executionId="d2f37fc1-c0f5-477e-b852-a59ec63390fb" testListId="8c84fa94-04c1-424b-9868-57a2d4851a1d" />
    <TestEntry testId="fa6bac59-e86e-b3d5-e79c-fa8e50683419" executionId="1fc63677-4ce9-41d3-9647-12a019d95385" testListId="8c84fa94-04c1-424b-9868-57a2d4851a1d" />
    <TestEntry testId="939bb1f0-42f8-46ab-08c3-b2f1fd3e83be" executionId="2959068c-8f95-4d15-9cd0-67f0ead456a9" testListId="8c84fa94-04c1-424b-9868-57a2d4851a1d" />
    <TestEntry testId="09262671-25db-814d-65b9-45e4a0ffa68d" executionId="bb5e7d72-8e5f-4f1f-a0c6-038980c85ad1" testListId="8c84fa94-04c1-424b-9868-57a2d4851a1d" />
    <TestEntry testId="91d7ecd8-07a9-474f-b2c7-17923cc8c0e8" executionId="53bdfe40-2146-4f7e-87d0-78131f986c9c" testListId="8c84fa94-04c1-424b-9868-57a2d4851a1d" />
    <TestEntry testId="01c33893-f5aa-fdff-078e-0d00c8baeaf5" executionId="56a5f3b3-8e20-4f9d-b72a-58694cf6fd93" testListId="8c84fa94-04c1-424b-9868-57a2d4851a1d" />
    <TestEntry testId="9e9afce3-a510-7e2d-c1af-729a99befcd0" executionId="386a4a71-896e-44a7-8810-2372f9742014" testListId="8c84fa94-04c1-424b-9868-57a2d4851a1d" />
    <TestEntry testId="1df302be-de5b-f7fd-c415-41b84a742a56" executionId="8e7bd1fa-6db3-4ec1-9adf-373d7c156bfc" testListId="8c84fa94-04c1-424b-9868-57a2d4851a1d" />
    <TestEntry testId="efcd6073-9946-a817-1e0f-910b9c08f2cf" executionId="465a8b41-7cb5-44b3-b077-a0fe312e1ebf" testListId="8c84fa94-04c1-424b-9868-57a2d4851a1d" />
    <TestEntry testId="1d3d3128-5509-98a6-74c5-dc569f23d8d2" executionId="68d73e71-91fd-4bc8-b2f6-3337297a29f1" testListId="8c84fa94-04c1-424b-9868-57a2d4851a1d" />
    <TestEntry testId="5c5a7001-2e48-de44-b79c-5dac5af5c502" executionId="a3f89fcd-f5f7-4dc2-b328-7b9d7e1afc5b" testListId="8c84fa94-04c1-424b-9868-57a2d4851a1d" />
    <TestEntry testId="ff4d7602-88cd-42cc-0e04-cc83dd2c5a45" executionId="85c46e91-b1cc-4dde-ad65-792a925502bc" testListId="8c84fa94-04c1-424b-9868-57a2d4851a1d" />
    <TestEntry testId="4314dda8-1e37-9b81-4634-eafb03480cdb" executionId="cabf846e-f705-4757-8402-da2e7abe4760" testListId="8c84fa94-04c1-424b-9868-57a2d4851a1d" />
    <TestEntry testId="352dc48e-f1fb-db2c-e0cf-93568d51ceba" executionId="5f307d02-d115-4195-8f08-183fb359f5a7" testListId="8c84fa94-04c1-424b-9868-57a2d4851a1d" />
    <TestEntry testId="42da7043-572e-a720-128e-5d9a3e82e699" executionId="e8185e4a-59b0-4d9c-acc9-ff2d24d36d20" testListId="8c84fa94-04c1-424b-9868-57a2d4851a1d" />
    <TestEntry testId="c7e343fa-73e9-bc6e-25a1-0cca62f99a42" executionId="6ea12f86-dce6-4494-a844-0653a7aee584" testListId="8c84fa94-04c1-424b-9868-57a2d4851a1d" />
    <TestEntry testId="8d96165d-2986-4a1d-ba1c-92e5b7087818" executionId="2039fc45-ac9a-493c-b6f3-3065c4187597" testListId="8c84fa94-04c1-424b-9868-57a2d4851a1d" />
    <TestEntry testId="348e349a-a764-24ac-4269-d357218592b6" executionId="22d07f95-11ac-4457-9abc-46ad562d73d5" testListId="8c84fa94-04c1-424b-9868-57a2d4851a1d" />
    <TestEntry testId="7c96e8c9-9d95-acf8-8477-7dba89321e8b" executionId="a380fd51-abfd-4ff6-b8e8-237430ade66c" testListId="8c84fa94-04c1-424b-9868-57a2d4851a1d" />
    <TestEntry testId="cf126e6f-6df9-ea74-1108-cde7aeed4710" executionId="d120db13-2b09-4d7b-a7c7-c7b57dba9599" testListId="8c84fa94-04c1-424b-9868-57a2d4851a1d" />
    <TestEntry testId="aa3faee2-09af-a52e-75a3-08da77c3443d" executionId="0e82e73a-19e1-4fb4-a29a-709ef1772873" testListId="8c84fa94-04c1-424b-9868-57a2d4851a1d" />
    <TestEntry testId="64e5b39f-34d5-7899-09da-139d14f83fa3" executionId="663385ce-068c-4c89-bc05-8fca5b59b1c5" testListId="8c84fa94-04c1-424b-9868-57a2d4851a1d" />
    <TestEntry testId="51a9e198-01ab-9c66-0f8f-70eee6ff2872" executionId="02d7e7fa-c596-455e-a1c6-52138aa07ca2" testListId="8c84fa94-04c1-424b-9868-57a2d4851a1d" />
    <TestEntry testId="538be77e-66bf-ae56-a794-88d7d6b04cb7" executionId="60f90340-9883-4496-aae8-721ab36a8c87" testListId="8c84fa94-04c1-424b-9868-57a2d4851a1d" />
    <TestEntry testId="b0495c27-088e-d92b-3281-abe9801408f3" executionId="5cad7bc6-1d88-43d8-9f4b-e0b160d9ee14" testListId="8c84fa94-04c1-424b-9868-57a2d4851a1d" />
    <TestEntry testId="48e3190e-1121-79cf-db67-270066966b40" executionId="2960f4f4-9669-44c6-ab26-c212e3f10bf4" testListId="8c84fa94-04c1-424b-9868-57a2d4851a1d" />
    <TestEntry testId="4ecb053e-c8b3-2cf8-f07c-bd29cd098500" executionId="dbb40a6a-6844-42c6-8f17-61081fac34ef" testListId="8c84fa94-04c1-424b-9868-57a2d4851a1d" />
    <TestEntry testId="5b688731-d393-2b24-9a74-f572aa3b77ec" executionId="e44a13a0-9c38-4cd4-aaa0-7d62f7ec629d" testListId="8c84fa94-04c1-424b-9868-57a2d4851a1d" />
    <TestEntry testId="3765f87d-a436-e2bc-f988-e79b4f9ae68d" executionId="17ab9ed0-dd87-4b11-bd52-5d902d1cd7c3" testListId="8c84fa94-04c1-424b-9868-57a2d4851a1d" />
    <TestEntry testId="7346d1a0-75c2-371e-164d-eceeca539836" executionId="aa44ce63-8573-4be3-9c54-f880d046c1aa" testListId="8c84fa94-04c1-424b-9868-57a2d4851a1d" />
    <TestEntry testId="9561222c-b523-c568-abeb-df62d13a61c1" executionId="ccffebb4-4095-4276-8105-800dfca78f2c" testListId="8c84fa94-04c1-424b-9868-57a2d4851a1d" />
    <TestEntry testId="30c9ac1d-0674-02cf-6a3f-c03363e57f40" executionId="06225b8d-0f4a-4881-8780-9a26d1d90c4a" testListId="8c84fa94-04c1-424b-9868-57a2d4851a1d" />
    <TestEntry testId="b0ea7f19-10b6-39f4-8f00-d526b2ad649a" executionId="b67c1a7e-db50-459e-b408-f99959a58cd9" testListId="8c84fa94-04c1-424b-9868-57a2d4851a1d" />
    <TestEntry testId="43584802-44eb-28ff-3ded-307ca1e5c0f1" executionId="e9d1821e-ba97-4237-aa51-e1bd6a25a5c3" testListId="8c84fa94-04c1-424b-9868-57a2d4851a1d" />
    <TestEntry testId="b9f0557a-8790-b83f-ad49-dafe2f1aa32d" executionId="85efd359-2b99-4cb0-9164-b4304957707a" testListId="8c84fa94-04c1-424b-9868-57a2d4851a1d" />
    <TestEntry testId="b6028b59-a993-2eae-c98d-ca453a41aaa6" executionId="fe1c8d7c-87e9-49bc-b635-3b07f196b8c9" testListId="8c84fa94-04c1-424b-9868-57a2d4851a1d" />
    <TestEntry testId="91314e8d-1fe3-4b21-ab71-a4113e5fca9d" executionId="a63230b9-4974-4009-98e7-718f57cddf7d" testListId="8c84fa94-04c1-424b-9868-57a2d4851a1d" />
    <TestEntry testId="193a1787-1d7b-c4f7-3511-5bef408ec71b" executionId="86e5790a-8250-4ffe-928f-e7340704bcb6" testListId="8c84fa94-04c1-424b-9868-57a2d4851a1d" />
    <TestEntry testId="f8f13749-b203-1faa-b02e-a28afe31aae2" executionId="161d075e-83ac-4f42-83dd-b927a7f1a7b5" testListId="8c84fa94-04c1-424b-9868-57a2d4851a1d" />
    <TestEntry testId="9f3c71cc-a1e2-cfd0-b6fc-56a33b3a5038" executionId="f5d420c0-44cd-419d-bddf-22d7c1d3be0e" testListId="8c84fa94-04c1-424b-9868-57a2d4851a1d" />
    <TestEntry testId="31e75a23-0b97-ad1b-933d-4b17ac144c81" executionId="f89298a6-a092-4f2b-9654-a6ca9ec9ce5e" testListId="8c84fa94-04c1-424b-9868-57a2d4851a1d" />
    <TestEntry testId="4e8c52f8-bfc2-2d5a-8fd5-4541d88e7d7c" executionId="2bb4f59d-3e7d-46ac-ae6c-1c0fcfb2a8c4" testListId="8c84fa94-04c1-424b-9868-57a2d4851a1d" />
    <TestEntry testId="781fb3bf-9872-6dd6-8b2c-84b3eb41ff0c" executionId="e31a5e7c-88c3-4cb7-968a-366bdea49ea8" testListId="8c84fa94-04c1-424b-9868-57a2d4851a1d" />
    <TestEntry testId="bbcf6f28-e40d-1d06-8c9f-99728a5b23cd" executionId="914bf0fc-6657-4910-bd88-3019857d26c8" testListId="8c84fa94-04c1-424b-9868-57a2d4851a1d" />
    <TestEntry testId="275bb285-6c5c-06e9-b01a-d50152d8042f" executionId="6541b550-c58c-4bf9-b5e6-7d78968791f0" testListId="8c84fa94-04c1-424b-9868-57a2d4851a1d" />
    <TestEntry testId="2414792e-4353-3578-84c3-da8fbaf5df0a" executionId="7a356151-e25f-4bee-8020-cfad25e3ee41" testListId="8c84fa94-04c1-424b-9868-57a2d4851a1d" />
    <TestEntry testId="1723c80e-62a7-d389-ad3f-358fd3035614" executionId="e870fb82-2a59-4b7b-a3d6-22465594ac3a" testListId="8c84fa94-04c1-424b-9868-57a2d4851a1d" />
    <TestEntry testId="316b16e6-28f9-b4e6-03d3-8b564e60d693" executionId="c725448f-cfb8-4d31-98dd-0af01d75b842" testListId="8c84fa94-04c1-424b-9868-57a2d4851a1d" />
    <TestEntry testId="2eef462a-59e4-4d2f-68d7-a5ef9ff302a9" executionId="f982a9e2-b9ec-4819-aec3-8c5350de79f3" testListId="8c84fa94-04c1-424b-9868-57a2d4851a1d" />
    <TestEntry testId="b4463edd-4256-0a6c-a5d0-452d09b27faa" executionId="f90aeab5-88a5-46b6-9989-9a8962ab48fa" testListId="8c84fa94-04c1-424b-9868-57a2d4851a1d" />
    <TestEntry testId="b56823ae-aee4-f6a4-3a2c-015fbb763f33" executionId="1a62deed-a150-499e-aa55-71149d305963" testListId="8c84fa94-04c1-424b-9868-57a2d4851a1d" />
    <TestEntry testId="34abb919-9a2b-8d32-96e9-93af62f18529" executionId="b5bce339-e4b4-406e-bf96-34dffb79ea25" testListId="8c84fa94-04c1-424b-9868-57a2d4851a1d" />
    <TestEntry testId="47aa3a3e-01d1-a6b2-77c9-ef5543318e54" executionId="c17afe98-3be1-48fd-9f10-3dc747d03f7d" testListId="8c84fa94-04c1-424b-9868-57a2d4851a1d" />
    <TestEntry testId="ba39759c-c4a6-65b6-5c9a-eb62ea88508a" executionId="833520b6-4209-4e37-a875-0b592523b8da" testListId="8c84fa94-04c1-424b-9868-57a2d4851a1d" />
    <TestEntry testId="696533f2-6934-9ec2-2bd4-48ef907eded8" executionId="cd737003-396d-4bce-b272-718e73dde43d" testListId="8c84fa94-04c1-424b-9868-57a2d4851a1d" />
    <TestEntry testId="e7a51b08-a1bd-dfcf-d983-7948e785ab6e" executionId="252a1537-b37d-4ac1-a9f5-5324ad7e2bcf" testListId="8c84fa94-04c1-424b-9868-57a2d4851a1d" />
    <TestEntry testId="54dc8c66-4178-f12d-5179-2a06d43cae95" executionId="7998a77b-41bb-45a9-b79d-a5fd4d6907a4" testListId="8c84fa94-04c1-424b-9868-57a2d4851a1d" />
    <TestEntry testId="0724e9f6-ba86-279f-ee8d-42ab67d6caa6" executionId="e8f44a0f-5173-4cbb-a4d6-0fcc5bdbecbb" testListId="8c84fa94-04c1-424b-9868-57a2d4851a1d" />
    <TestEntry testId="5123eb58-0b06-d189-37dd-881d0fcccaf1" executionId="659cb5d8-c432-4188-b3f7-d55c5f80d07d" testListId="8c84fa94-04c1-424b-9868-57a2d4851a1d" />
    <TestEntry testId="b813e873-a9b6-93ad-04a2-f4632b6e4836" executionId="e0cd9432-9011-4945-b7a8-c5e48b9976c4" testListId="8c84fa94-04c1-424b-9868-57a2d4851a1d" />
    <TestEntry testId="7423c92e-8e91-c0f4-29ea-83e98e4052fe" executionId="2d064aaf-15c4-4972-ab69-024747b680e0" testListId="8c84fa94-04c1-424b-9868-57a2d4851a1d" />
    <TestEntry testId="fbbd6a70-e6ad-9d76-f31c-4d6a200b349b" executionId="e344e897-7ee1-4f63-b78f-79139f73cfd3" testListId="8c84fa94-04c1-424b-9868-57a2d4851a1d" />
    <TestEntry testId="16a500a6-5852-a960-0b56-6dd63d4ac436" executionId="2325ec56-3137-452b-b40e-c84a3882ec41" testListId="8c84fa94-04c1-424b-9868-57a2d4851a1d" />
    <TestEntry testId="8132b4c2-cc04-ccc3-6c17-9f635813a5b9" executionId="831224c3-0208-4497-b453-2adca44dda8c" testListId="8c84fa94-04c1-424b-9868-57a2d4851a1d" />
    <TestEntry testId="ab609978-a6ae-c25a-ef9b-92d777e96112" executionId="b94db274-390a-4952-96fd-049298736a09" testListId="8c84fa94-04c1-424b-9868-57a2d4851a1d" />
    <TestEntry testId="065b58b9-d717-2bbd-140a-608d28b1376d" executionId="4e25cc72-c8ef-4064-b04f-43e292bf93f1" testListId="8c84fa94-04c1-424b-9868-57a2d4851a1d" />
    <TestEntry testId="04761fa6-1c33-59b5-f14e-8f5cf16bdcad" executionId="5c73f7b9-8cd1-450a-b91c-62a954348e35" testListId="8c84fa94-04c1-424b-9868-57a2d4851a1d" />
    <TestEntry testId="b6b97ac6-1eb3-33e8-bdee-7c4a5dd10d25" executionId="3f56d015-c679-4423-aa27-0d5c35c628ff" testListId="8c84fa94-04c1-424b-9868-57a2d4851a1d" />
    <TestEntry testId="0c70d187-b798-c8fd-91cd-17c8137bd806" executionId="9de81fab-c878-4038-bcc6-f278859747e6" testListId="8c84fa94-04c1-424b-9868-57a2d4851a1d" />
    <TestEntry testId="95dfcd6b-a6a5-5896-3eb0-d9cf1b6a6f32" executionId="a36ccbe0-9eb8-4b1c-8613-9834ca0c0f33" testListId="8c84fa94-04c1-424b-9868-57a2d4851a1d" />
    <TestEntry testId="825ae8e1-1c58-010a-0afc-6d7b86430631" executionId="170171bd-fedc-4a7c-ad7c-767bf59922cb" testListId="8c84fa94-04c1-424b-9868-57a2d4851a1d" />
    <TestEntry testId="dc197ddd-28dd-93de-4818-cf0378a40373" executionId="3ed0d3fb-e740-4c33-bb8a-47b7efc82fe8" testListId="8c84fa94-04c1-424b-9868-57a2d4851a1d" />
    <TestEntry testId="3741c4ea-916c-fd9c-1694-1f2f2b9fc803" executionId="4e5af0c1-48f2-4f2f-9596-07925ea99249" testListId="8c84fa94-04c1-424b-9868-57a2d4851a1d" />
    <TestEntry testId="e0147166-3a36-0ae5-3ba0-aabe156062bb" executionId="c80082af-b39e-4274-a74a-05506550a709" testListId="8c84fa94-04c1-424b-9868-57a2d4851a1d" />
    <TestEntry testId="a96a680a-12eb-7cb8-84f4-46fefc5834cf" executionId="0c34fec2-b764-41db-b396-a7648b8bb99c" testListId="8c84fa94-04c1-424b-9868-57a2d4851a1d" />
    <TestEntry testId="a686d038-76cd-594a-0b44-c807a1d503da" executionId="e5d3f474-0590-46cb-ae92-b45fe856a96c" testListId="8c84fa94-04c1-424b-9868-57a2d4851a1d" />
    <TestEntry testId="a6d02424-2460-d120-ad6e-704bd7deb34d" executionId="a2295c49-45cf-4c79-b2f4-1b0f93481db8" testListId="8c84fa94-04c1-424b-9868-57a2d4851a1d" />
    <TestEntry testId="b49c8048-8607-c2cc-5bd4-9606bb0786d3" executionId="fb4775c3-e184-4e8d-8430-f7d9092311f4" testListId="8c84fa94-04c1-424b-9868-57a2d4851a1d" />
    <TestEntry testId="a4ef469e-6369-7f91-07e6-e42d83b20646" executionId="b417f529-dec5-4597-9a9a-485065d04f4b" testListId="8c84fa94-04c1-424b-9868-57a2d4851a1d" />
    <TestEntry testId="f18b2395-4141-4aec-4c0b-b4f1ec7165cf" executionId="c3d063bf-b42d-4524-baab-d9db351951ba" testListId="8c84fa94-04c1-424b-9868-57a2d4851a1d" />
    <TestEntry testId="b3686599-da8c-39c5-f159-8ad34fb57639" executionId="6419e181-33d9-442f-baa7-9637b8c02028" testListId="8c84fa94-04c1-424b-9868-57a2d4851a1d" />
    <TestEntry testId="b1bc0fb5-b79f-0b71-362f-459ae0fcc53f" executionId="3f6d65f5-0985-48a1-90a6-43c2749b3fe4" testListId="8c84fa94-04c1-424b-9868-57a2d4851a1d" />
    <TestEntry testId="f93d2854-10b6-5f6a-ee8f-7508e860d8bd" executionId="ed606ddd-8558-48e9-80f7-53785e75f228" testListId="8c84fa94-04c1-424b-9868-57a2d4851a1d" />
    <TestEntry testId="0211df9e-77e3-6d81-9bf6-683259686a8d" executionId="12f08790-a503-4974-858b-8004750b6d16" testListId="8c84fa94-04c1-424b-9868-57a2d4851a1d" />
    <TestEntry testId="32812a72-236b-e644-67c4-a43058a088e1" executionId="df1cc5b9-14a6-4200-85da-f5a5e1f687f9" testListId="8c84fa94-04c1-424b-9868-57a2d4851a1d" />
    <TestEntry testId="0e9aad34-167a-2085-612b-7676e6c0c04b" executionId="7b4d1030-a7e9-43d6-9b87-11060e2010ba" testListId="8c84fa94-04c1-424b-9868-57a2d4851a1d" />
    <TestEntry testId="fb823151-6eb6-cf01-2a91-c1617d35485c" executionId="38817bfe-722b-40e3-8b43-a2733de71d46" testListId="8c84fa94-04c1-424b-9868-57a2d4851a1d" />
    <TestEntry testId="afa66dfa-23f8-d8ed-05e9-3f9cb9784189" executionId="f661fd7c-4915-4a40-b741-5409274f676e" testListId="8c84fa94-04c1-424b-9868-57a2d4851a1d" />
    <TestEntry testId="41f78354-e4fd-f84f-80c6-8cdd15679234" executionId="9830e251-612a-4538-b839-cb3af86688cc" testListId="8c84fa94-04c1-424b-9868-57a2d4851a1d" />
    <TestEntry testId="0c970311-80bf-fa64-c9c4-28e4ccc1d4d4" executionId="06914495-1534-402c-8120-f7adabfcf79c" testListId="8c84fa94-04c1-424b-9868-57a2d4851a1d" />
    <TestEntry testId="6c9fe10f-eb9e-4af7-38a7-cd5c776bd5dd" executionId="d1fdfe53-6781-41ac-91db-232faf42b4f3" testListId="8c84fa94-04c1-424b-9868-57a2d4851a1d" />
    <TestEntry testId="38c6026b-d8d4-ab63-95dc-57fbee699d97" executionId="e66e734b-136b-4f25-b39d-15d8b7ab2e7f" testListId="8c84fa94-04c1-424b-9868-57a2d4851a1d" />
    <TestEntry testId="610386d2-add8-ed9a-919b-daa4a79dac0a" executionId="15bef146-3133-41cf-b523-f517e641b658" testListId="8c84fa94-04c1-424b-9868-57a2d4851a1d" />
    <TestEntry testId="4fdcd337-d80a-ff87-0201-a56ff0e3a565" executionId="436652a6-5f02-4d3e-afce-8c413a67474a" testListId="8c84fa94-04c1-424b-9868-57a2d4851a1d" />
    <TestEntry testId="a31993ac-4525-3ba8-4c44-25db2eca046b" executionId="da082bf6-25ee-4388-a09a-940ceb295005" testListId="8c84fa94-04c1-424b-9868-57a2d4851a1d" />
    <TestEntry testId="9f3d51a0-b14d-0226-0874-d9eed730cd8d" executionId="89d007d4-6746-4122-98a7-39eb889a3422" testListId="8c84fa94-04c1-424b-9868-57a2d4851a1d" />
  </TestEntries>
  <TestLists>
    <TestList name="Results Not in a List" id="8c84fa94-04c1-424b-9868-57a2d4851a1d" />
    <TestList name="All Loaded Results" id="19431567-8539-422a-85d7-44ee4e166bda" />
  </TestLists>
  <ResultSummary outcome="Completed">
    <Counters total="223" executed="223" passed="223" failed="0" error="0" timeout="0" aborted="0" inconclusive="0" passedButRunAborted="0" notRunnable="0" notExecuted="0" disconnected="0" warning="0" completed="0" inProgress="0" pending="0" />
    <Output>
      <StdOut>[xUnit.net 00:00:00.00] xUnit.net VSTest Adapter v2.5.4.1+b9eacec401 (64-bit .NET 10.0.6)&#xD;
[xUnit.net 00:00:00.08]   Discovering: ElBruno.AspireMonitor.Tests&#xD;
[xUnit.net 00:00:00.15]   Discovered:  ElBruno.AspireMonitor.Tests&#xD;
[xUnit.net 00:00:00.15]   Starting:    ElBruno.AspireMonitor.Tests&#xD;
[xUnit.net 00:00:03.40]   Finished:    ElBruno.AspireMonitor.Tests&#xD;
</StdOut>
    </Output>
  </ResultSummary>
</TestRun>